#
# There is insufficient memory for the Java Runtime Environment to continue.
# Native memory allocation (malloc) failed to allocate 396192 bytes. Error detail: Chunk::new
# Possible reasons:
#   The system is out of physical RAM or swap space
#   This process is running with CompressedOops enabled, and the Java Heap may be blocking the growth of the native heap
# Possible solutions:
#   Reduce memory load on the system
#   Increase physical memory or swap space
#   Check if swap backing store is full
#   Decrease Java heap size (-Xmx/-Xms)
#   Decrease number of Java threads
#   Decrease Java thread stack sizes (-Xss)
#   Set larger code cache with -XX:ReservedCodeCacheSize=
#   JVM is running with Unscaled Compressed Oops mode in which the Java heap is
#     placed in the first 4GB address space. The Java Heap base address is the
#     maximum limit for the native heap growth. Please use -XX:HeapBaseMinAddress
#     to set the Java Heap base and to place the Java Heap above 4GB virtual address.
# This output file may be truncated or incomplete.
#
#  Out of Memory Error (arena.cpp:168), pid=20948, tid=29176
#
# JRE version: OpenJDK Runtime Environment Temurin-21.0.10+7 (21.0.10+7) (build 21.0.10+7-LTS)
# Java VM: OpenJDK 64-Bit Server VM Temurin-21.0.10+7 (21.0.10+7-LTS, mixed mode, sharing, tiered, compressed oops, compressed class ptrs, parallel gc, windows-amd64)
# No core dump will be written. Minidumps are not enabled by default on client versions of Windows
#

---------------  S U M M A R Y ------------

Command Line: --add-modules=ALL-SYSTEM --add-opens=java.base/java.util=ALL-UNNAMED --add-opens=java.base/java.lang=ALL-UNNAMED --add-opens=java.base/sun.nio.fs=ALL-UNNAMED -Declipse.application=org.eclipse.jdt.ls.core.id1 -Dosgi.bundles.defaultStartLevel=4 -Declipse.product=org.eclipse.jdt.ls.core.product -Djava.import.generatesMetadataFilesAtProjectRoot=false -DDetectVMInstallationsJob.disabled=true -Dfile.encoding=utf8 -XX:+UseParallelGC -XX:GCTimeRatio=4 -XX:AdaptiveSizePolicyWeight=90 -Dsun.zip.disableMemoryMapping=true -Xmx2G -Xms100m -Xlog:disable -javaagent:c:\Users\Administrator\.trae-cn\extensions\redhat.java-1.54.0-win32-x64\lombok\lombok-1.18.39-4050.jar -XX:+HeapDumpOnOutOfMemoryError -XX:HeapDumpPath=c:\Users\Administrator\AppData\Roaming\Trae CN\User\workspaceStorage\54f2dd0a22064a3858da5311b6f2a1d3\redhat.java -Daether.dependencyCollector.impl=bf c:\Users\Administrator\.trae-cn\extensions\redhat.java-1.54.0-win32-x64\server\plugins\org.eclipse.equinox.launcher_1.7.100.v20251111-0406.jar -configuration c:\Users\Administrator\AppData\Roaming\Trae CN\User\globalStorage\redhat.java\1.54.0\config_win -data c:\Users\Administrator\AppData\Roaming\Trae CN\User\workspaceStorage\54f2dd0a22064a3858da5311b6f2a1d3\redhat.java\jdt_ws --pipe=\\.\pipe\lsp-fa7c55eaa158d78a7b9031a8b36169f5-sock

Host: 11th Gen Intel(R) Core(TM) i5-11300H @ 3.10GHz, 8 cores, 15G,  Windows 11 , 64 bit Build 22621 (10.0.22621.5415)
Time: Mon Apr 20 21:47:44 2026 elapsed time: 2889.891917 seconds (0d 0h 48m 9s)

---------------  T H R E A D  ---------------

Current thread (0x000001f47cddfc90):  JavaThread "C2 CompilerThread0" daemon [_thread_in_native, id=29176, stack(0x000000c92a800000,0x000000c92a900000) (1024K)]


Current CompileTask:
C2:2889891 22107       4       org.eclipse.core.runtime.Path::toPortableString (158 bytes)

Stack: [0x000000c92a800000,0x000000c92a900000]
Native frames: (J=compiled Java code, j=interpreted, Vv=VM code, C=native code)
V  [jvm.dll+0x6d7a39]
V  [jvm.dll+0x8b4b26]
V  [jvm.dll+0x8b70de]
V  [jvm.dll+0x8b77c3]
V  [jvm.dll+0x284346]
V  [jvm.dll+0xc66ed]
V  [jvm.dll+0xc6c31]
V  [jvm.dll+0x3bec3b]
V  [jvm.dll+0x38b162]
V  [jvm.dll+0x38a5aa]
V  [jvm.dll+0x24c560]
V  [jvm.dll+0x24bb40]
V  [jvm.dll+0x1cb34e]
V  [jvm.dll+0x25b85d]
V  [jvm.dll+0x259dea]
V  [jvm.dll+0x3f857e]
V  [jvm.dll+0x85f59d]
V  [jvm.dll+0x6d626d]
C  [ucrtbase.dll+0x29333]
C  [KERNEL32.DLL+0x1259d]
C  [ntdll.dll+0x5af78]


---------------  P R O C E S S  ---------------

Threads class SMR info:
_java_thread_list=0x000001f464fb9670, length=45, elements={
0x000001f472fa68e0, 0x000001f47b433ec0, 0x000001f47b436620, 0x000001f47cdd1d90,
0x000001f47cdd2cb0, 0x000001f47cdd5640, 0x000001f47cdd8d50, 0x000001f47cddfc90,
0x000001f47cde24c0, 0x000001f47cfd4e40, 0x000001f47d107930, 0x000001f47d850e80,
0x000001f47d8f01b0, 0x000001f47d8f0840, 0x000001f47d8efb20, 0x000001f47df62840,
0x000001f47df5c5d0, 0x000001f47df61b20, 0x000001f47df5e010, 0x000001f47df600e0,
0x000001f47df60e00, 0x000001f47df5fa50, 0x000001f47df5e6a0, 0x000001f47df5bf40,
0x000001f47df60770, 0x000001f47df5d2f0, 0x000001f47d8ef490, 0x000001f47f93b7f0,
0x000001f47f93b160, 0x000001f47f938370, 0x000001f47f93a440, 0x000001f47f936930,
0x000001f47f93aad0, 0x000001f47f93be80, 0x000001f47f935580, 0x000001f47f937ce0,
0x000001f47f938a00, 0x000001f47df5b8b0, 0x000001f47df5ed30, 0x000001f455722970,
0x000001f455723000, 0x000001f455725df0, 0x000001f464e2faf0, 0x000001f464e2e740,
0x000001f464e30ea0
}

Java Threads: ( => current thread )
  0x000001f472fa68e0 JavaThread "main"                              [_thread_blocked, id=19904, stack(0x000000c929e00000,0x000000c929f00000) (1024K)]
  0x000001f47b433ec0 JavaThread "Reference Handler"          daemon [_thread_blocked, id=24068, stack(0x000000c92a200000,0x000000c92a300000) (1024K)]
  0x000001f47b436620 JavaThread "Finalizer"                  daemon [_thread_blocked, id=18052, stack(0x000000c92a300000,0x000000c92a400000) (1024K)]
  0x000001f47cdd1d90 JavaThread "Signal Dispatcher"          daemon [_thread_blocked, id=26236, stack(0x000000c92a400000,0x000000c92a500000) (1024K)]
  0x000001f47cdd2cb0 JavaThread "Attach Listener"            daemon [_thread_blocked, id=6240, stack(0x000000c92a500000,0x000000c92a600000) (1024K)]
  0x000001f47cdd5640 JavaThread "Service Thread"             daemon [_thread_blocked, id=20324, stack(0x000000c92a600000,0x000000c92a700000) (1024K)]
  0x000001f47cdd8d50 JavaThread "Monitor Deflation Thread"   daemon [_thread_blocked, id=13688, stack(0x000000c92a700000,0x000000c92a800000) (1024K)]
=>0x000001f47cddfc90 JavaThread "C2 CompilerThread0"         daemon [_thread_in_native, id=29176, stack(0x000000c92a800000,0x000000c92a900000) (1024K)]
  0x000001f47cde24c0 JavaThread "C1 CompilerThread0"         daemon [_thread_blocked, id=5192, stack(0x000000c92a900000,0x000000c92aa00000) (1024K)]
  0x000001f47cfd4e40 JavaThread "Common-Cleaner"             daemon [_thread_blocked, id=9520, stack(0x000000c92aa00000,0x000000c92ab00000) (1024K)]
  0x000001f47d107930 JavaThread "Notification Thread"        daemon [_thread_blocked, id=9236, stack(0x000000c92ac00000,0x000000c92ad00000) (1024K)]
  0x000001f47d850e80 JavaThread "Active Thread: Equinox Container: 7217a135-80fe-4d9e-83ac-c408845f6bd1"        [_thread_blocked, id=26672, stack(0x000000c92ab00000,0x000000c92ac00000) (1024K)]
  0x000001f47d8f01b0 JavaThread "Framework Event Dispatcher: Equinox Container: 7217a135-80fe-4d9e-83ac-c408845f6bd1" daemon [_thread_blocked, id=21688, stack(0x000000c92b900000,0x000000c92ba00000) (1024K)]
  0x000001f47d8f0840 JavaThread "Start Level: Equinox Container: 7217a135-80fe-4d9e-83ac-c408845f6bd1" daemon [_thread_blocked, id=24652, stack(0x000000c92bb00000,0x000000c92bc00000) (1024K)]
  0x000001f47d8efb20 JavaThread "Bundle File Closer"         daemon [_thread_blocked, id=7008, stack(0x000000c92bd00000,0x000000c92be00000) (1024K)]
  0x000001f47df62840 JavaThread "Refresh Thread: Equinox Container: 7217a135-80fe-4d9e-83ac-c408845f6bd1" daemon [_thread_blocked, id=25236, stack(0x000000c92be00000,0x000000c92bf00000) (1024K)]
  0x000001f47df5c5d0 JavaThread "SCR Component Actor"        daemon [_thread_blocked, id=18076, stack(0x000000c92bf00000,0x000000c92c000000) (1024K)]
  0x000001f47df61b20 JavaThread "Worker-JM"                         [_thread_blocked, id=12892, stack(0x000000c92c200000,0x000000c92c300000) (1024K)]
  0x000001f47df5e010 JavaThread "Java indexing"              daemon [_thread_blocked, id=5796, stack(0x000000c92c600000,0x000000c92c700000) (1024K)]
  0x000001f47df600e0 JavaThread "Worker-3"                          [_thread_blocked, id=17236, stack(0x000000c92c800000,0x000000c92c900000) (1024K)]
  0x000001f47df60e00 JavaThread "JNA Cleaner"                daemon [_thread_blocked, id=30148, stack(0x000000c92c900000,0x000000c92ca00000) (1024K)]
  0x000001f47df5fa50 JavaThread "Thread-1"                   daemon [_thread_in_native, id=20076, stack(0x000000c92ce00000,0x000000c92cf00000) (1024K)]
  0x000001f47df5e6a0 JavaThread "Thread-2"                   daemon [_thread_in_native, id=5104, stack(0x000000c92cf00000,0x000000c92d000000) (1024K)]
  0x000001f47df5bf40 JavaThread "Thread-3"                   daemon [_thread_in_native, id=29216, stack(0x000000c92d000000,0x000000c92d100000) (1024K)]
  0x000001f47df60770 JavaThread "Thread-4"                   daemon [_thread_in_native, id=26836, stack(0x000000c92d100000,0x000000c92d200000) (1024K)]
  0x000001f47df5d2f0 JavaThread "Thread-5"                   daemon [_thread_in_native, id=25368, stack(0x000000c92d200000,0x000000c92d300000) (1024K)]
  0x000001f47d8ef490 JavaThread "Thread-6"                   daemon [_thread_in_native, id=11936, stack(0x000000c92d300000,0x000000c92d400000) (1024K)]
  0x000001f47f93b7f0 JavaThread "Thread-7"                   daemon [_thread_in_native, id=10564, stack(0x000000c92d400000,0x000000c92d500000) (1024K)]
  0x000001f47f93b160 JavaThread "Thread-8"                   daemon [_thread_in_native, id=25948, stack(0x000000c92d500000,0x000000c92d600000) (1024K)]
  0x000001f47f938370 JavaThread "Thread-9"                   daemon [_thread_in_native, id=15936, stack(0x000000c92d600000,0x000000c92d700000) (1024K)]
  0x000001f47f93a440 JavaThread "pool-2-thread-1"                   [_thread_blocked, id=21140, stack(0x000000c92d700000,0x000000c92d800000) (1024K)]
  0x000001f47f936930 JavaThread "WorkspaceEventsHandler"            [_thread_blocked, id=25952, stack(0x000000c92d900000,0x000000c92da00000) (1024K)]
  0x000001f47f93aad0 JavaThread "pool-1-thread-1"                   [_thread_blocked, id=25904, stack(0x000000c92da00000,0x000000c92db00000) (1024K)]
  0x000001f47f93be80 JavaThread "pool-3-thread-1"                   [_thread_blocked, id=808, stack(0x000000c92c400000,0x000000c92c500000) (1024K)]
  0x000001f47f935580 JavaThread "Timer-0"                           [_thread_blocked, id=22448, stack(0x000000c92ad00000,0x000000c92ae00000) (1024K)]
  0x000001f47f937ce0 JavaThread "Timer-1"                           [_thread_blocked, id=14396, stack(0x000000c92b400000,0x000000c92b500000) (1024K)]
  0x000001f47f938a00 JavaThread "Timer-2"                           [_thread_blocked, id=29904, stack(0x000000c92b800000,0x000000c92b900000) (1024K)]
  0x000001f47df5b8b0 JavaThread "Timer-3"                           [_thread_blocked, id=25364, stack(0x000000c92c100000,0x000000c92c200000) (1024K)]
  0x000001f47df5ed30 JavaThread "Timer-4"                           [_thread_blocked, id=22148, stack(0x000000c92dc00000,0x000000c92dd00000) (1024K)]
  0x000001f455722970 JavaThread "Timer-5"                           [_thread_blocked, id=24336, stack(0x000000c929b00000,0x000000c929c00000) (1024K)]
  0x000001f455723000 JavaThread "Timer-6"                           [_thread_blocked, id=27508, stack(0x000000c929c00000,0x000000c929d00000) (1024K)]
  0x000001f455725df0 JavaThread "Timer-7"                           [_thread_blocked, id=27000, stack(0x000000c92c000000,0x000000c92c100000) (1024K)]
  0x000001f464e2faf0 JavaThread "Cleaner-0"                  daemon [_thread_blocked, id=15012, stack(0x000000c92b500000,0x000000c92b600000) (1024K)]
  0x000001f464e2e740 JavaThread "Worker-17"                         [_thread_blocked, id=27800, stack(0x000000c92b600000,0x000000c92b700000) (1024K)]
  0x000001f464e30ea0 JavaThread "Compiler Source File Reader" daemon [_thread_blocked, id=30992, stack(0x000000c92c300000,0x000000c92c400000) (1024K)]
Total: 45

Other Threads:
  0x000001f4730248c0 VMThread "VM Thread"                           [id=9816, stack(0x000000c92a100000,0x000000c92a200000) (1024K)]
  0x000001f473012280 WatcherThread "VM Periodic Task Thread"        [id=9208, stack(0x000000c92a000000,0x000000c92a100000) (1024K)]
  0x000001f472fc42c0 WorkerThread "GC Thread#0"                     [id=22252, stack(0x000000c929f00000,0x000000c92a000000) (1024K)]
  0x000001f47d6d1f70 WorkerThread "GC Thread#1"                     [id=4556, stack(0x000000c92ae00000,0x000000c92af00000) (1024K)]
  0x000001f47d6d2320 WorkerThread "GC Thread#2"                     [id=19380, stack(0x000000c92af00000,0x000000c92b000000) (1024K)]
  0x000001f47d6477f0 WorkerThread "GC Thread#3"                     [id=16452, stack(0x000000c92b000000,0x000000c92b100000) (1024K)]
  0x000001f47d647ba0 WorkerThread "GC Thread#4"                     [id=24584, stack(0x000000c92b100000,0x000000c92b200000) (1024K)]
  0x000001f47d647f50 WorkerThread "GC Thread#5"                     [id=17096, stack(0x000000c92b200000,0x000000c92b300000) (1024K)]
  0x000001f47d4d4e70 WorkerThread "GC Thread#6"                     [id=20708, stack(0x000000c92b300000,0x000000c92b400000) (1024K)]
  0x000001f47d97dac0 WorkerThread "GC Thread#7"                     [id=14840, stack(0x000000c92ba00000,0x000000c92bb00000) (1024K)]
Total: 10

Threads with active compile tasks:
C2 CompilerThread0  2889948 22107       4       org.eclipse.core.runtime.Path::toPortableString (158 bytes)
Total: 1

VM state: not at safepoint (normal execution)

VM Mutex/Monitor currently owned by a thread: None

Heap address: 0x0000000080000000, size: 2048 MB, Compressed Oops mode: 32-bit

CDS archive(s) mapped at: [0x000001f40f000000-0x000001f40fba0000-0x000001f40fba0000), size 12189696, SharedBaseAddress: 0x000001f40f000000, ArchiveRelocationMode: 1.
Compressed class space mapped at: 0x000001f410000000-0x000001f450000000, reserved size: 1073741824
Narrow klass base: 0x000001f40f000000, Narrow klass shift: 0, Narrow klass range: 0x100000000

GC Precious Log:
 CardTable entry size: 512
 CPUs: 8 total, 8 available
 Memory: 16167M
 Large Page Support: Disabled
 NUMA Support: Disabled
 Compressed Oops: Enabled (32-bit)
 Alignments: Space 512K, Generation 512K, Heap 2M
 Heap Min Capacity: 100M
 Heap Initial Capacity: 100M
 Heap Max Capacity: 2G
 Pre-touch: Disabled
 Parallel Workers: 8

Heap:
 PSYoungGen      total 8704K, used 5695K [0x00000000d5580000, 0x00000000d6000000, 0x0000000100000000)
  eden space 7680K, 63% used [0x00000000d5580000,0x00000000d5a4b8b0,0x00000000d5d00000)
  from space 1024K, 76% used [0x00000000d5f00000,0x00000000d5fc45e0,0x00000000d6000000)
  to   space 1536K, 0% used [0x00000000d5d00000,0x00000000d5d00000,0x00000000d5e80000)
 ParOldGen       total 1063936K, used 1063468K [0x0000000080000000, 0x00000000c0f00000, 0x00000000d5580000)
  object space 1063936K, 99% used [0x0000000080000000,0x00000000c0e8b1e0,0x00000000c0f00000)
 Metaspace       used 98583K, committed 100544K, reserved 1179648K
  class space    used 11179K, committed 12032K, reserved 1048576K

Card table byte_map: [0x000001f476780000,0x000001f476b90000] _byte_map_base: 0x000001f476380000

Marking Bits: (ParMarkBitMap*) 0x00007ff85e333450
 Begin Bits: [0x000001f476e40000, 0x000001f478e40000)
 End Bits:   [0x000001f478e40000, 0x000001f47ae40000)

Polling page: 0x000001f471630000

Metaspace:

Usage:
  Non-class:     85.36 MB used.
      Class:     10.92 MB used.
       Both:     96.27 MB used.

Virtual space:
  Non-class space:      128.00 MB reserved,      86.44 MB ( 68%) committed,  2 nodes.
      Class space:        1.00 GB reserved,      11.75 MB (  1%) committed,  1 nodes.
             Both:        1.12 GB reserved,      98.19 MB (  9%) committed. 

Chunk freelists:
   Non-Class:  8.85 MB
       Class:  4.12 MB
        Both:  12.97 MB

MaxMetaspaceSize: unlimited
CompressedClassSpaceSize: 1.00 GB
Initial GC threshold: 21.00 MB
Current GC threshold: 147.50 MB
CDS: on
 - commit_granule_bytes: 65536.
 - commit_granule_words: 8192.
 - virtual_space_node_default_size: 8388608.
 - enlarge_chunks_in_place: 1.
 - use_allocation_guard: 0.


Internal statistics:

num_allocs_failed_limit: 9.
num_arena_births: 1816.
num_arena_deaths: 24.
num_vsnodes_births: 3.
num_vsnodes_deaths: 0.
num_space_committed: 1570.
num_space_uncommitted: 0.
num_chunks_returned_to_freelist: 34.
num_chunks_taken_from_freelist: 6450.
num_chunk_merges: 12.
num_chunk_splits: 3964.
num_chunks_enlarged: 2303.
num_inconsistent_stats: 0.

CodeHeap 'non-profiled nmethods': size=120000Kb used=19489Kb max_used=19489Kb free=100510Kb
 bounds [0x000001f407ad0000, 0x000001f408de0000, 0x000001f40f000000]
CodeHeap 'profiled nmethods': size=120000Kb used=51973Kb max_used=51973Kb free=68027Kb
 bounds [0x000001f400000000, 0x000001f4032d0000, 0x000001f407530000]
CodeHeap 'non-nmethods': size=5760Kb used=1540Kb max_used=1697Kb free=4219Kb
 bounds [0x000001f407530000, 0x000001f4077a0000, 0x000001f407ad0000]
CodeCache: size=245760Kb, used=73002Kb, max_used=73159Kb, free=172756Kb
 total_blobs=21266, nmethods=20409, adapters=760, full_count=0
Compilation: enabled, stopped_count=0, restarted_count=0

Compilation events (20 events):
Event: 2591.714 Thread 0x000001f47cddfc90 nmethod 22074 0x000001f408d86690 code [0x000001f408d86820, 0x000001f408d868e0]
Event: 2591.714 Thread 0x000001f47cddfc90 22045       4       lombok.core.handlers.HandlerUtil::toAllSetterNames (15 bytes)
Event: 2591.714 Thread 0x000001f47cddfc90 nmethod 22045 0x000001f408d86990 code [0x000001f408d86b20, 0x000001f408d86bd0]
Event: 2591.714 Thread 0x000001f47cddfc90 22047       4       lombok.core.handlers.HandlerUtil::toSetterName (15 bytes)
Event: 2591.715 Thread 0x000001f47cddfc90 nmethod 22047 0x000001f408d86c90 code [0x000001f408d86e20, 0x000001f408d86ed0]
Event: 2591.869 Thread 0x000001f4645f36b0 nmethod 22058 0x000001f408d86f90 code [0x000001f408d87c80, 0x000001f408d94070]
Event: 2592.828 Thread 0x000001f4645f2240 nmethod 22085 0x000001f408d9c590 code [0x000001f408d9f600, 0x000001f408dc1090]
Event: 2889.795 Thread 0x000001f47cde24c0 22100       3       java.util.HashMap$KeySet::toArray (16 bytes)
Event: 2889.795 Thread 0x000001f47cde24c0 nmethod 22100 0x000001f4032bfe90 code [0x000001f4032c0040, 0x000001f4032c0260]
Event: 2889.819 Thread 0x000001f47cde24c0 22101       3       com.sun.org.apache.xml.internal.serializer.SerializerBase::isInEntityRef (13 bytes)
Event: 2889.819 Thread 0x000001f47cde24c0 nmethod 22101 0x000001f4032c0390 code [0x000001f4032c0520, 0x000001f4032c0680]
Event: 2889.819 Thread 0x000001f47cde24c0 22102       3       com.sun.org.apache.xerces.internal.dom.ElementImpl::getNodeName (16 bytes)
Event: 2889.819 Thread 0x000001f47cde24c0 nmethod 22102 0x000001f4032c0710 code [0x000001f4032c08c0, 0x000001f4032c0b80]
Event: 2889.835 Thread 0x000001f47cde24c0 22103       3       org.eclipse.jdt.internal.core.ClasspathEntry::equalAttributes (55 bytes)
Event: 2889.835 Thread 0x000001f47cde24c0 nmethod 22103 0x000001f4032c0c90 code [0x000001f4032c0e80, 0x000001f4032c12c8]
Event: 2889.846 Thread 0x000001f47cddfc90 22104       4       org.eclipse.jdt.internal.core.JavaModelManager$VariablesAndContainersSaveHelper::saveNewId (40 bytes)
Event: 2889.849 Thread 0x000001f47cde24c0 22105       1       org.eclipse.jdt.launching.LibraryLocation::getPackageRootPath (5 bytes)
Event: 2889.849 Thread 0x000001f47cde24c0 nmethod 22105 0x000001f408dd5090 code [0x000001f408dd5220, 0x000001f408dd52e8]
Event: 2889.870 Thread 0x000001f47cddfc90 nmethod 22104 0x000001f408dd5390 code [0x000001f408dd5740, 0x000001f408dd6fa8]
Event: 2889.870 Thread 0x000001f47cddfc90 22107       4       org.eclipse.core.runtime.Path::toPortableString (158 bytes)

GC Heap History (20 events):
Event: 2591.145 GC heap before
{Heap before GC invocations=3023 (full 4):
 PSYoungGen      total 3072K, used 2752K [0x00000000d5580000, 0x00000000d5c80000, 0x0000000100000000)
  eden space 2560K, 100% used [0x00000000d5580000,0x00000000d5800000,0x00000000d5800000)
  from space 512K, 37% used [0x00000000d5c00000,0x00000000d5c30000,0x00000000d5c80000)
  to   space 512K, 0% used [0x00000000d5b80000,0x00000000d5b80000,0x00000000d5c00000)
 ParOldGen       total 1059328K, used 1058868K [0x0000000080000000, 0x00000000c0a80000, 0x00000000d5580000)
  object space 1059328K, 99% used [0x0000000080000000,0x00000000c0a0d378,0x00000000c0a80000)
 Metaspace       used 98533K, committed 100480K, reserved 1179648K
  class space    used 11179K, committed 12032K, reserved 1048576K
}
Event: 2591.146 GC heap after
{Heap after GC invocations=3023 (full 4):
 PSYoungGen      total 3584K, used 320K [0x00000000d5580000, 0x00000000d5c80000, 0x0000000100000000)
  eden space 3072K, 0% used [0x00000000d5580000,0x00000000d5580000,0x00000000d5880000)
  from space 512K, 62% used [0x00000000d5b80000,0x00000000d5bd0000,0x00000000d5c00000)
  to   space 512K, 0% used [0x00000000d5c00000,0x00000000d5c00000,0x00000000d5c80000)
 ParOldGen       total 1059328K, used 1058996K [0x0000000080000000, 0x00000000c0a80000, 0x00000000d5580000)
  object space 1059328K, 99% used [0x0000000080000000,0x00000000c0a2d378,0x00000000c0a80000)
 Metaspace       used 98533K, committed 100480K, reserved 1179648K
  class space    used 11179K, committed 12032K, reserved 1048576K
}
Event: 2591.150 GC heap before
{Heap before GC invocations=3024 (full 4):
 PSYoungGen      total 3584K, used 3392K [0x00000000d5580000, 0x00000000d5c80000, 0x0000000100000000)
  eden space 3072K, 100% used [0x00000000d5580000,0x00000000d5880000,0x00000000d5880000)
  from space 512K, 62% used [0x00000000d5b80000,0x00000000d5bd0000,0x00000000d5c00000)
  to   space 512K, 0% used [0x00000000d5c00000,0x00000000d5c00000,0x00000000d5c80000)
 ParOldGen       total 1059328K, used 1058996K [0x0000000080000000, 0x00000000c0a80000, 0x00000000d5580000)
  object space 1059328K, 99% used [0x0000000080000000,0x00000000c0a2d378,0x00000000c0a80000)
 Metaspace       used 98533K, committed 100480K, reserved 1179648K
  class space    used 11179K, committed 12032K, reserved 1048576K
}
Event: 2591.152 GC heap after
{Heap after GC invocations=3024 (full 4):
 PSYoungGen      total 4608K, used 384K [0x00000000d5580000, 0x00000000d5c80000, 0x0000000100000000)
  eden space 4096K, 0% used [0x00000000d5580000,0x00000000d5580000,0x00000000d5980000)
  from space 512K, 75% used [0x00000000d5c00000,0x00000000d5c60000,0x00000000d5c80000)
  to   space 512K, 0% used [0x00000000d5b80000,0x00000000d5b80000,0x00000000d5c00000)
 ParOldGen       total 1059328K, used 1059236K [0x0000000080000000, 0x00000000c0a80000, 0x00000000d5580000)
  object space 1059328K, 99% used [0x0000000080000000,0x00000000c0a69398,0x00000000c0a80000)
 Metaspace       used 98533K, committed 100480K, reserved 1179648K
  class space    used 11179K, committed 12032K, reserved 1048576K
}
Event: 2591.157 GC heap before
{Heap before GC invocations=3025 (full 4):
 PSYoungGen      total 4608K, used 4480K [0x00000000d5580000, 0x00000000d5c80000, 0x0000000100000000)
  eden space 4096K, 100% used [0x00000000d5580000,0x00000000d5980000,0x00000000d5980000)
  from space 512K, 75% used [0x00000000d5c00000,0x00000000d5c60000,0x00000000d5c80000)
  to   space 512K, 0% used [0x00000000d5b80000,0x00000000d5b80000,0x00000000d5c00000)
 ParOldGen       total 1059328K, used 1059236K [0x0000000080000000, 0x00000000c0a80000, 0x00000000d5580000)
  object space 1059328K, 99% used [0x0000000080000000,0x00000000c0a69398,0x00000000c0a80000)
 Metaspace       used 98533K, committed 100480K, reserved 1179648K
  class space    used 11179K, committed 12032K, reserved 1048576K
}
Event: 2591.159 GC heap after
{Heap after GC invocations=3025 (full 4):
 PSYoungGen      total 5632K, used 384K [0x00000000d5580000, 0x00000000d5c80000, 0x0000000100000000)
  eden space 5120K, 0% used [0x00000000d5580000,0x00000000d5580000,0x00000000d5a80000)
  from space 512K, 75% used [0x00000000d5b80000,0x00000000d5be0020,0x00000000d5c00000)
  to   space 512K, 0% used [0x00000000d5c00000,0x00000000d5c00000,0x00000000d5c80000)
 ParOldGen       total 1059840K, used 1059508K [0x0000000080000000, 0x00000000c0b00000, 0x00000000d5580000)
  object space 1059840K, 99% used [0x0000000080000000,0x00000000c0aad3b8,0x00000000c0b00000)
 Metaspace       used 98533K, committed 100480K, reserved 1179648K
  class space    used 11179K, committed 12032K, reserved 1048576K
}
Event: 2591.166 GC heap before
{Heap before GC invocations=3026 (full 4):
 PSYoungGen      total 5632K, used 5504K [0x00000000d5580000, 0x00000000d5c80000, 0x0000000100000000)
  eden space 5120K, 100% used [0x00000000d5580000,0x00000000d5a80000,0x00000000d5a80000)
  from space 512K, 75% used [0x00000000d5b80000,0x00000000d5be0020,0x00000000d5c00000)
  to   space 512K, 0% used [0x00000000d5c00000,0x00000000d5c00000,0x00000000d5c80000)
 ParOldGen       total 1059840K, used 1059508K [0x0000000080000000, 0x00000000c0b00000, 0x00000000d5580000)
  object space 1059840K, 99% used [0x0000000080000000,0x00000000c0aad3b8,0x00000000c0b00000)
 Metaspace       used 98533K, committed 100480K, reserved 1179648K
  class space    used 11179K, committed 12032K, reserved 1048576K
}
Event: 2591.168 GC heap after
{Heap after GC invocations=3026 (full 4):
 PSYoungGen      total 6656K, used 448K [0x00000000d5580000, 0x00000000d5c80000, 0x0000000100000000)
  eden space 6144K, 0% used [0x00000000d5580000,0x00000000d5580000,0x00000000d5b80000)
  from space 512K, 87% used [0x00000000d5c00000,0x00000000d5c70000,0x00000000d5c80000)
  to   space 512K, 0% used [0x00000000d5b80000,0x00000000d5b80000,0x00000000d5c00000)
 ParOldGen       total 1060352K, used 1059852K [0x0000000080000000, 0x00000000c0b80000, 0x00000000d5580000)
  object space 1060352K, 99% used [0x0000000080000000,0x00000000c0b033d8,0x00000000c0b80000)
 Metaspace       used 98533K, committed 100480K, reserved 1179648K
  class space    used 11179K, committed 12032K, reserved 1048576K
}
Event: 2591.178 GC heap before
{Heap before GC invocations=3027 (full 4):
 PSYoungGen      total 6656K, used 6592K [0x00000000d5580000, 0x00000000d5c80000, 0x0000000100000000)
  eden space 6144K, 100% used [0x00000000d5580000,0x00000000d5b80000,0x00000000d5b80000)
  from space 512K, 87% used [0x00000000d5c00000,0x00000000d5c70000,0x00000000d5c80000)
  to   space 512K, 0% used [0x00000000d5b80000,0x00000000d5b80000,0x00000000d5c00000)
 ParOldGen       total 1060352K, used 1059852K [0x0000000080000000, 0x00000000c0b80000, 0x00000000d5580000)
  object space 1060352K, 99% used [0x0000000080000000,0x00000000c0b033d8,0x00000000c0b80000)
 Metaspace       used 98534K, committed 100480K, reserved 1179648K
  class space    used 11179K, committed 12032K, reserved 1048576K
}
Event: 2591.180 GC heap after
{Heap after GC invocations=3027 (full 4):
 PSYoungGen      total 6656K, used 480K [0x00000000d5580000, 0x00000000d5f00000, 0x0000000100000000)
  eden space 6144K, 0% used [0x00000000d5580000,0x00000000d5580000,0x00000000d5b80000)
  from space 512K, 93% used [0x00000000d5b80000,0x00000000d5bf8020,0x00000000d5c00000)
  to   space 1024K, 0% used [0x00000000d5e00000,0x00000000d5e00000,0x00000000d5f00000)
 ParOldGen       total 1060352K, used 1060244K [0x0000000080000000, 0x00000000c0b80000, 0x00000000d5580000)
  object space 1060352K, 99% used [0x0000000080000000,0x00000000c0b653f8,0x00000000c0b80000)
 Metaspace       used 98534K, committed 100480K, reserved 1179648K
  class space    used 11179K, committed 12032K, reserved 1048576K
}
Event: 2591.188 GC heap before
{Heap before GC invocations=3028 (full 4):
 PSYoungGen      total 6656K, used 6624K [0x00000000d5580000, 0x00000000d5f00000, 0x0000000100000000)
  eden space 6144K, 100% used [0x00000000d5580000,0x00000000d5b80000,0x00000000d5b80000)
  from space 512K, 93% used [0x00000000d5b80000,0x00000000d5bf8020,0x00000000d5c00000)
  to   space 1024K, 0% used [0x00000000d5e00000,0x00000000d5e00000,0x00000000d5f00000)
 ParOldGen       total 1060352K, used 1060244K [0x0000000080000000, 0x00000000c0b80000, 0x00000000d5580000)
  object space 1060352K, 99% used [0x0000000080000000,0x00000000c0b653f8,0x00000000c0b80000)
 Metaspace       used 98534K, committed 100480K, reserved 1179648K
  class space    used 11179K, committed 12032K, reserved 1048576K
}
Event: 2591.190 GC heap after
{Heap after GC invocations=3028 (full 4):
 PSYoungGen      total 8704K, used 624K [0x00000000d5580000, 0x00000000d5f00000, 0x0000000100000000)
  eden space 7680K, 0% used [0x00000000d5580000,0x00000000d5580000,0x00000000d5d00000)
  from space 1024K, 60% used [0x00000000d5e00000,0x00000000d5e9c030,0x00000000d5f00000)
  to   space 1024K, 0% used [0x00000000d5d00000,0x00000000d5d00000,0x00000000d5e00000)
 ParOldGen       total 1060864K, used 1060685K [0x0000000080000000, 0x00000000c0c00000, 0x00000000d5580000)
  object space 1060864K, 99% used [0x0000000080000000,0x00000000c0bd3428,0x00000000c0c00000)
 Metaspace       used 98534K, committed 100480K, reserved 1179648K
  class space    used 11179K, committed 12032K, reserved 1048576K
}
Event: 2591.201 GC heap before
{Heap before GC invocations=3029 (full 4):
 PSYoungGen      total 8704K, used 8304K [0x00000000d5580000, 0x00000000d5f00000, 0x0000000100000000)
  eden space 7680K, 100% used [0x00000000d5580000,0x00000000d5d00000,0x00000000d5d00000)
  from space 1024K, 60% used [0x00000000d5e00000,0x00000000d5e9c030,0x00000000d5f00000)
  to   space 1024K, 0% used [0x00000000d5d00000,0x00000000d5d00000,0x00000000d5e00000)
 ParOldGen       total 1060864K, used 1060685K [0x0000000080000000, 0x00000000c0c00000, 0x00000000d5580000)
  object space 1060864K, 99% used [0x0000000080000000,0x00000000c0bd3428,0x00000000c0c00000)
 Metaspace       used 98534K, committed 100480K, reserved 1179648K
  class space    used 11179K, committed 12032K, reserved 1048576K
}
Event: 2591.203 GC heap after
{Heap after GC invocations=3029 (full 4):
 PSYoungGen      total 8704K, used 624K [0x00000000d5580000, 0x00000000d6080000, 0x0000000100000000)
  eden space 7680K, 0% used [0x00000000d5580000,0x00000000d5580000,0x00000000d5d00000)
  from space 1024K, 60% used [0x00000000d5d00000,0x00000000d5d9c010,0x00000000d5e00000)
  to   space 1024K, 0% used [0x00000000d5f80000,0x00000000d5f80000,0x00000000d6080000)
 ParOldGen       total 1061376K, used 1061205K [0x0000000080000000, 0x00000000c0c80000, 0x00000000d5580000)
  object space 1061376K, 99% used [0x0000000080000000,0x00000000c0c55468,0x00000000c0c80000)
 Metaspace       used 98534K, committed 100480K, reserved 1179648K
  class space    used 11179K, committed 12032K, reserved 1048576K
}
Event: 2591.215 GC heap before
{Heap before GC invocations=3030 (full 4):
 PSYoungGen      total 8704K, used 8304K [0x00000000d5580000, 0x00000000d6080000, 0x0000000100000000)
  eden space 7680K, 100% used [0x00000000d5580000,0x00000000d5d00000,0x00000000d5d00000)
  from space 1024K, 60% used [0x00000000d5d00000,0x00000000d5d9c010,0x00000000d5e00000)
  to   space 1024K, 0% used [0x00000000d5f80000,0x00000000d5f80000,0x00000000d6080000)
 ParOldGen       total 1061376K, used 1061205K [0x0000000080000000, 0x00000000c0c80000, 0x00000000d5580000)
  object space 1061376K, 99% used [0x0000000080000000,0x00000000c0c55468,0x00000000c0c80000)
 Metaspace       used 98578K, committed 100544K, reserved 1179648K
  class space    used 11179K, committed 12032K, reserved 1048576K
}
Event: 2591.218 GC heap after
{Heap after GC invocations=3030 (full 4):
 PSYoungGen      total 8704K, used 736K [0x00000000d5580000, 0x00000000d6080000, 0x0000000100000000)
  eden space 7680K, 0% used [0x00000000d5580000,0x00000000d5580000,0x00000000d5d00000)
  from space 1024K, 71% used [0x00000000d5f80000,0x00000000d6038020,0x00000000d6080000)
  to   space 1024K, 0% used [0x00000000d5d00000,0x00000000d5d00000,0x00000000d5e00000)
 ParOldGen       total 1061888K, used 1061757K [0x0000000080000000, 0x00000000c0d00000, 0x00000000d5580000)
  object space 1061888K, 99% used [0x0000000080000000,0x00000000c0cdf4a8,0x00000000c0d00000)
 Metaspace       used 98578K, committed 100544K, reserved 1179648K
  class space    used 11179K, committed 12032K, reserved 1048576K
}
Event: 2591.249 GC heap before
{Heap before GC invocations=3031 (full 4):
 PSYoungGen      total 8704K, used 8416K [0x00000000d5580000, 0x00000000d6080000, 0x0000000100000000)
  eden space 7680K, 100% used [0x00000000d5580000,0x00000000d5d00000,0x00000000d5d00000)
  from space 1024K, 71% used [0x00000000d5f80000,0x00000000d6038020,0x00000000d6080000)
  to   space 1024K, 0% used [0x00000000d5d00000,0x00000000d5d00000,0x00000000d5e00000)
 ParOldGen       total 1061888K, used 1061757K [0x0000000080000000, 0x00000000c0d00000, 0x00000000d5580000)
  object space 1061888K, 99% used [0x0000000080000000,0x00000000c0cdf4a8,0x00000000c0d00000)
 Metaspace       used 98579K, committed 100544K, reserved 1179648K
  class space    used 11179K, committed 12032K, reserved 1048576K
}
Event: 2591.252 GC heap after
{Heap after GC invocations=3031 (full 4):
 PSYoungGen      total 8704K, used 1024K [0x00000000d5580000, 0x00000000d6100000, 0x0000000100000000)
  eden space 7680K, 0% used [0x00000000d5580000,0x00000000d5580000,0x00000000d5d00000)
  from space 1024K, 100% used [0x00000000d5d00000,0x00000000d5e00000,0x00000000d5e00000)
  to   space 2048K, 0% used [0x00000000d5f00000,0x00000000d5f00000,0x00000000d6100000)
 ParOldGen       total 1062912K, used 1062420K [0x0000000080000000, 0x00000000c0e00000, 0x00000000d5580000)
  object space 1062912K, 99% used [0x0000000080000000,0x00000000c0d851b0,0x00000000c0e00000)
 Metaspace       used 98579K, committed 100544K, reserved 1179648K
  class space    used 11179K, committed 12032K, reserved 1048576K
}
Event: 2591.278 GC heap before
{Heap before GC invocations=3032 (full 4):
 PSYoungGen      total 8704K, used 8704K [0x00000000d5580000, 0x00000000d6100000, 0x0000000100000000)
  eden space 7680K, 100% used [0x00000000d5580000,0x00000000d5d00000,0x00000000d5d00000)
  from space 1024K, 100% used [0x00000000d5d00000,0x00000000d5e00000,0x00000000d5e00000)
  to   space 2048K, 0% used [0x00000000d5f00000,0x00000000d5f00000,0x00000000d6100000)
 ParOldGen       total 1062912K, used 1062420K [0x0000000080000000, 0x00000000c0e00000, 0x00000000d5580000)
  object space 1062912K, 99% used [0x0000000080000000,0x00000000c0d851b0,0x00000000c0e00000)
 Metaspace       used 98580K, committed 100544K, reserved 1179648K
  class space    used 11179K, committed 12032K, reserved 1048576K
}
Event: 2591.282 GC heap after
{Heap after GC invocations=3032 (full 4):
 PSYoungGen      total 8704K, used 785K [0x00000000d5580000, 0x00000000d6000000, 0x0000000100000000)
  eden space 7680K, 0% used [0x00000000d5580000,0x00000000d5580000,0x00000000d5d00000)
  from space 1024K, 76% used [0x00000000d5f00000,0x00000000d5fc45e0,0x00000000d6000000)
  to   space 1536K, 0% used [0x00000000d5d00000,0x00000000d5d00000,0x00000000d5e80000)
 ParOldGen       total 1063936K, used 1063468K [0x0000000080000000, 0x00000000c0f00000, 0x00000000d5580000)
  object space 1063936K, 99% used [0x0000000080000000,0x00000000c0e8b1e0,0x00000000c0f00000)
 Metaspace       used 98580K, committed 100544K, reserved 1179648K
  class space    used 11179K, committed 12032K, reserved 1048576K
}

Dll operation events (15 events):
Event: 0.036 Loaded shared library c:\Users\Administrator\.trae-cn\extensions\redhat.java-1.54.0-win32-x64\jre\21.0.10-win32-x86_64\bin\java.dll
Event: 0.082 Loaded shared library c:\Users\Administrator\.trae-cn\extensions\redhat.java-1.54.0-win32-x64\jre\21.0.10-win32-x86_64\bin\zip.dll
Event: 0.168 Loaded shared library C:\Users\Administrator\.trae-cn\extensions\redhat.java-1.54.0-win32-x64\jre\21.0.10-win32-x86_64\bin\instrument.dll
Event: 0.179 Loaded shared library C:\Users\Administrator\.trae-cn\extensions\redhat.java-1.54.0-win32-x64\jre\21.0.10-win32-x86_64\bin\net.dll
Event: 0.186 Loaded shared library C:\Users\Administrator\.trae-cn\extensions\redhat.java-1.54.0-win32-x64\jre\21.0.10-win32-x86_64\bin\nio.dll
Event: 0.191 Loaded shared library C:\Users\Administrator\.trae-cn\extensions\redhat.java-1.54.0-win32-x64\jre\21.0.10-win32-x86_64\bin\zip.dll
Event: 0.213 Loaded shared library C:\Users\Administrator\.trae-cn\extensions\redhat.java-1.54.0-win32-x64\jre\21.0.10-win32-x86_64\bin\jimage.dll
Event: 0.337 Loaded shared library c:\Users\Administrator\.trae-cn\extensions\redhat.java-1.54.0-win32-x64\jre\21.0.10-win32-x86_64\bin\verify.dll
Event: 3.346 Loaded shared library C:\Users\Administrator\AppData\Roaming\Trae CN\User\globalStorage\redhat.java\1.54.0\config_win\org.eclipse.equinox.launcher\org.eclipse.equinox.launcher.win32.win32.x86_64_1.3.0.v20260203-2149\eclipse_11919.dll
Event: 6.785 Loaded shared library C:\Users\Administrator\.trae-cn\extensions\redhat.java-1.54.0-win32-x64\jre\21.0.10-win32-x86_64\bin\management.dll
Event: 6.792 Loaded shared library C:\Users\Administrator\.trae-cn\extensions\redhat.java-1.54.0-win32-x64\jre\21.0.10-win32-x86_64\bin\management_ext.dll
Event: 9.342 Loaded shared library C:\Users\Administrator\AppData\Local\Temp\jna-146731693\jna10091251678848959652.dll
Event: 9.795 Loaded shared library C:\Users\Administrator\.trae-cn\extensions\redhat.java-1.54.0-win32-x64\jre\21.0.10-win32-x86_64\bin\sunmscapi.dll
Event: 10.271 Loaded shared library C:\Users\Administrator\.trae-cn\extensions\redhat.java-1.54.0-win32-x64\jre\21.0.10-win32-x86_64\bin\extnet.dll
Event: 34.990 Loaded shared library C:\Users\Administrator\.gradle\native\e1d6ef7f7dcc3fd88c89a11ec53ec762bb8ba0a96d01ffa2cd45eb1d1d8dd5c5\windows-amd64\native-platform.dll

Deoptimization events (20 events):
Event: 2590.519 Thread 0x000001f47df5e010 DEOPT PACKING pc=0x000001f408743ed4 sp=0x000000c92c6fefc0
Event: 2590.519 Thread 0x000001f47df5e010 DEOPT UNPACKING pc=0x000001f407586da2 sp=0x000000c92c6fef60 mode 2
Event: 2591.024 Thread 0x000001f47df5e010 Uncommon trap: trap_request=0xffffff45 fr.pc=0x000001f4085e7100 relative=0x00000000000005c0
Event: 2591.024 Thread 0x000001f47df5e010 Uncommon trap: reason=unstable_if action=reinterpret pc=0x000001f4085e7100 method=org.eclipse.jdt.internal.core.index.MemoryIndex.remove(Ljava/lang/String;)V @ 8 c2
Event: 2591.024 Thread 0x000001f47df5e010 DEOPT PACKING pc=0x000001f4085e7100 sp=0x000000c92c6ff2d0
Event: 2591.024 Thread 0x000001f47df5e010 DEOPT UNPACKING pc=0x000001f407586da2 sp=0x000000c92c6ff270 mode 2
Event: 2591.027 Thread 0x000001f47df5e010 Uncommon trap: trap_request=0xffffff6e fr.pc=0x000001f408cdf180 relative=0x0000000000000980
Event: 2591.027 Thread 0x000001f47df5e010 Uncommon trap: reason=loop_limit_check action=maybe_recompile pc=0x000001f408cdf180 method=org.eclipse.jdt.internal.compiler.parser.Parser.constructTypeReference(I)Lorg/eclipse/jdt/internal/compiler/ast/TypeReference; @ 546 c2
Event: 2591.027 Thread 0x000001f47df5e010 DEOPT PACKING pc=0x000001f408cdf180 sp=0x000000c92c6feff0
Event: 2591.027 Thread 0x000001f47df5e010 DEOPT UNPACKING pc=0x000001f407586da2 sp=0x000000c92c6fefa0 mode 2
Event: 2591.039 Thread 0x000001f47df5e010 DEOPT PACKING pc=0x000001f402c2f27d sp=0x000000c92c6ff040
Event: 2591.039 Thread 0x000001f47df5e010 DEOPT UNPACKING pc=0x000001f4075878e2 sp=0x000000c92c6fe4f8 mode 0
Event: 2591.200 Thread 0x000001f47df5e010 Uncommon trap: trap_request=0xffffff6e fr.pc=0x000001f408d3360c relative=0x00000000000002ac
Event: 2591.200 Thread 0x000001f47df5e010 Uncommon trap: reason=loop_limit_check action=maybe_recompile pc=0x000001f408d3360c method=org.eclipse.jdt.internal.compiler.parser.Parser.flushCommentsDefinedPriorTo(I)I @ 59 c2
Event: 2591.200 Thread 0x000001f47df5e010 DEOPT PACKING pc=0x000001f408d3360c sp=0x000000c92c6fea10
Event: 2591.200 Thread 0x000001f47df5e010 DEOPT UNPACKING pc=0x000001f407586da2 sp=0x000000c92c6fe990 mode 2
Event: 2591.285 Thread 0x000001f47df5e010 Uncommon trap: trap_request=0xffffff6e fr.pc=0x000001f408d435ec relative=0x000000000000200c
Event: 2591.285 Thread 0x000001f47df5e010 Uncommon trap: reason=loop_limit_check action=maybe_recompile pc=0x000001f408d435ec method=org.eclipse.jdt.internal.compiler.lookup.BinaryTypeBinding.getMethods([C)[Lorg/eclipse/jdt/internal/compiler/lookup/MethodBinding; @ 227 c2
Event: 2591.285 Thread 0x000001f47df5e010 DEOPT PACKING pc=0x000001f408d435ec sp=0x000000c92c6fd930
Event: 2591.285 Thread 0x000001f47df5e010 DEOPT UNPACKING pc=0x000001f407586da2 sp=0x000000c92c6fd850 mode 2

Classes loaded (20 events):
Event: 91.967 Loading class jdk/internal/module/IllegalAccessLogger
Event: 91.967 Loading class jdk/internal/module/IllegalAccessLogger done
Event: 92.896 Loading class jdk/internal/module/IllegalAccessLogger
Event: 92.896 Loading class jdk/internal/module/IllegalAccessLogger done
Event: 93.859 Loading class jdk/internal/module/IllegalAccessLogger
Event: 93.859 Loading class jdk/internal/module/IllegalAccessLogger done
Event: 94.229 Loading class java/security/DigestInputStream
Event: 94.229 Loading class java/security/DigestInputStream done
Event: 96.195 Loading class jdk/internal/module/IllegalAccessLogger
Event: 96.195 Loading class jdk/internal/module/IllegalAccessLogger done
Event: 96.495 Loading class jdk/internal/module/IllegalAccessLogger
Event: 96.495 Loading class jdk/internal/module/IllegalAccessLogger done
Event: 120.720 Loading class jdk/internal/ref/CleanerImpl$InnocuousThreadFactory
Event: 120.720 Loading class jdk/internal/ref/CleanerImpl$InnocuousThreadFactory done
Event: 536.629 Loading class java/util/function/IntPredicate
Event: 536.629 Loading class java/util/function/IntPredicate done
Event: 536.645 Loading class java/util/regex/Pattern$Bound
Event: 536.645 Loading class java/util/regex/Pattern$Bound done
Event: 2590.264 Loading class jdk/internal/module/IllegalAccessLogger
Event: 2590.264 Loading class jdk/internal/module/IllegalAccessLogger done

Classes unloaded (12 events):
Event: 7.795 Thread 0x000001f4730248c0 Unloading class 0x000001f4101b2400 'java/lang/invoke/LambdaForm$MH+0x000001f4101b2400'
Event: 7.795 Thread 0x000001f4730248c0 Unloading class 0x000001f4101b2000 'java/lang/invoke/LambdaForm$MH+0x000001f4101b2000'
Event: 7.795 Thread 0x000001f4730248c0 Unloading class 0x000001f4101b1c00 'java/lang/invoke/LambdaForm$MH+0x000001f4101b1c00'
Event: 7.795 Thread 0x000001f4730248c0 Unloading class 0x000001f4101b1800 'java/lang/invoke/LambdaForm$MH+0x000001f4101b1800'
Event: 7.795 Thread 0x000001f4730248c0 Unloading class 0x000001f4101b1400 'java/lang/invoke/LambdaForm$BMH+0x000001f4101b1400'
Event: 7.795 Thread 0x000001f4730248c0 Unloading class 0x000001f4101b1000 'java/lang/invoke/LambdaForm$DMH+0x000001f4101b1000'
Event: 7.795 Thread 0x000001f4730248c0 Unloading class 0x000001f4101b0000 'java/lang/invoke/LambdaForm$DMH+0x000001f4101b0000'
Event: 9.822 Thread 0x000001f4730248c0 Unloading class 0x000001f4102f9400 'java/lang/invoke/LambdaForm$MH+0x000001f4102f9400'
Event: 9.822 Thread 0x000001f4730248c0 Unloading class 0x000001f4102f8800 'java/lang/invoke/LambdaForm$MH+0x000001f4102f8800'
Event: 9.822 Thread 0x000001f4730248c0 Unloading class 0x000001f4102f7800 'java/lang/invoke/LambdaForm$DMH+0x000001f4102f7800'
Event: 9.822 Thread 0x000001f4730248c0 Unloading class 0x000001f4102f7000 'java/lang/invoke/LambdaForm$MH+0x000001f4102f7000'
Event: 9.822 Thread 0x000001f4730248c0 Unloading class 0x000001f4102f2800 'java/lang/invoke/LambdaForm$MH+0x000001f4102f2800'

Classes redefined (0 events):
No events

Internal exceptions (20 events):
Event: 2591.287 Thread 0x000001f47df5e010 Implicit null exception at 0x000001f4024a5e9b to 0x000001f4024a9723
Event: 2591.287 Thread 0x000001f47df5e010 Exception <a 'java/lang/NullPointerException'{0x00000000d56fece8}> (0x00000000d56fece8) 
thrown [s\src\hotspot\share\runtime\sharedRuntime.cpp, line 625]
Event: 2591.287 Thread 0x000001f47df5e010 Implicit null exception at 0x000001f4024a5e9b to 0x000001f4024a9723
Event: 2591.287 Thread 0x000001f47df5e010 Exception <a 'java/lang/NullPointerException'{0x00000000d56ffa58}> (0x00000000d56ffa58) 
thrown [s\src\hotspot\share\runtime\sharedRuntime.cpp, line 625]
Event: 2889.829 Thread 0x000001f464e2e740 Exception <a 'sun/nio/fs/WindowsException'{0x00000000d58ad3d0}> (0x00000000d58ad3d0) 
thrown [s\src\hotspot\share\prims\jni.cpp, line 520]
Event: 2889.829 Thread 0x000001f464e2e740 Exception <a 'sun/nio/fs/WindowsException'{0x00000000d58adda0}> (0x00000000d58adda0) 
thrown [s\src\hotspot\share\prims\jni.cpp, line 520]
Event: 2889.832 Thread 0x000001f464e2e740 Exception <a 'sun/nio/fs/WindowsException'{0x00000000d58b0fe0}> (0x00000000d58b0fe0) 
thrown [s\src\hotspot\share\prims\jni.cpp, line 520]
Event: 2889.832 Thread 0x000001f464e2e740 Exception <a 'sun/nio/fs/WindowsException'{0x00000000d58b1990}> (0x00000000d58b1990) 
thrown [s\src\hotspot\share\prims\jni.cpp, line 520]
Event: 2889.835 Thread 0x000001f464e2e740 Exception <a 'sun/nio/fs/WindowsException'{0x00000000d58b4e50}> (0x00000000d58b4e50) 
thrown [s\src\hotspot\share\prims\jni.cpp, line 520]
Event: 2889.836 Thread 0x000001f464e2e740 Exception <a 'sun/nio/fs/WindowsException'{0x00000000d58b5a80}> (0x00000000d58b5a80) 
thrown [s\src\hotspot\share\prims\jni.cpp, line 520]
Event: 2889.838 Thread 0x000001f464e2e740 Exception <a 'sun/nio/fs/WindowsException'{0x00000000d58c1f00}> (0x00000000d58c1f00) 
thrown [s\src\hotspot\share\prims\jni.cpp, line 520]
Event: 2889.838 Thread 0x000001f464e2e740 Exception <a 'sun/nio/fs/WindowsException'{0x00000000d58c28b0}> (0x00000000d58c28b0) 
thrown [s\src\hotspot\share\prims\jni.cpp, line 520]
Event: 2889.841 Thread 0x000001f464e2e740 Exception <a 'sun/nio/fs/WindowsException'{0x00000000d58c4a00}> (0x00000000d58c4a00) 
thrown [s\src\hotspot\share\prims\jni.cpp, line 520]
Event: 2889.841 Thread 0x000001f464e2e740 Exception <a 'sun/nio/fs/WindowsException'{0x00000000d58c53b0}> (0x00000000d58c53b0) 
thrown [s\src\hotspot\share\prims\jni.cpp, line 520]
Event: 2889.843 Thread 0x000001f464e2e740 Exception <a 'sun/nio/fs/WindowsException'{0x00000000d58ca4b8}> (0x00000000d58ca4b8) 
thrown [s\src\hotspot\share\prims\jni.cpp, line 520]
Event: 2889.843 Thread 0x000001f464e2e740 Exception <a 'sun/nio/fs/WindowsException'{0x00000000d58cb100}> (0x00000000d58cb100) 
thrown [s\src\hotspot\share\prims\jni.cpp, line 520]
Event: 2889.849 Thread 0x000001f464e2e740 Exception <a 'sun/nio/fs/WindowsException'{0x00000000d58cc968}> (0x00000000d58cc968) 
thrown [s\src\hotspot\share\prims\jni.cpp, line 520]
Event: 2889.849 Thread 0x000001f464e2e740 Exception <a 'sun/nio/fs/WindowsException'{0x00000000d58cd318}> (0x00000000d58cd318) 
thrown [s\src\hotspot\share\prims\jni.cpp, line 520]
Event: 2889.852 Thread 0x000001f464e2e740 Exception <a 'sun/nio/fs/WindowsException'{0x00000000d58cedc0}> (0x00000000d58cedc0) 
thrown [s\src\hotspot\share\prims\jni.cpp, line 520]
Event: 2889.852 Thread 0x000001f464e2e740 Exception <a 'sun/nio/fs/WindowsException'{0x00000000d58cf770}> (0x00000000d58cf770) 
thrown [s\src\hotspot\share\prims\jni.cpp, line 520]

ZGC Phase Switch (0 events):
No events

VM Operations (20 events):
Event: 2591.166 Executing safepoint VM operation: ParallelGCFailedAllocation (Allocation Failure)
Event: 2591.168 Executing safepoint VM operation: ParallelGCFailedAllocation (Allocation Failure) done
Event: 2591.178 Executing safepoint VM operation: ParallelGCFailedAllocation (Allocation Failure)
Event: 2591.180 Executing safepoint VM operation: ParallelGCFailedAllocation (Allocation Failure) done
Event: 2591.188 Executing safepoint VM operation: ParallelGCFailedAllocation (Allocation Failure)
Event: 2591.190 Executing safepoint VM operation: ParallelGCFailedAllocation (Allocation Failure) done
Event: 2591.201 Executing safepoint VM operation: ParallelGCFailedAllocation (Allocation Failure)
Event: 2591.203 Executing safepoint VM operation: ParallelGCFailedAllocation (Allocation Failure) done
Event: 2591.215 Executing safepoint VM operation: ParallelGCFailedAllocation (Allocation Failure)
Event: 2591.218 Executing safepoint VM operation: ParallelGCFailedAllocation (Allocation Failure) done
Event: 2591.249 Executing safepoint VM operation: ParallelGCFailedAllocation (Allocation Failure)
Event: 2591.252 Executing safepoint VM operation: ParallelGCFailedAllocation (Allocation Failure) done
Event: 2591.278 Executing safepoint VM operation: ParallelGCFailedAllocation (Allocation Failure)
Event: 2591.282 Executing safepoint VM operation: ParallelGCFailedAllocation (Allocation Failure) done
Event: 2593.282 Executing safepoint VM operation: Cleanup
Event: 2593.282 Executing safepoint VM operation: Cleanup done
Event: 2646.476 Executing non-safepoint VM operation: HandshakeAllThreads (HandshakeForDeflation)
Event: 2646.476 Executing non-safepoint VM operation: HandshakeAllThreads (HandshakeForDeflation) done
Event: 2646.476 Executing non-safepoint VM operation: RendezvousGCThreads
Event: 2646.476 Executing non-safepoint VM operation: RendezvousGCThreads done

Memory protections (0 events):
No events

Nmethod flushes (20 events):
Event: 91.719 Thread 0x000001f4730248c0 flushing  nmethod 0x000001f400ea9c90
Event: 91.719 Thread 0x000001f4730248c0 flushing  nmethod 0x000001f400eaad10
Event: 91.719 Thread 0x000001f4730248c0 flushing  nmethod 0x000001f400edfe10
Event: 91.719 Thread 0x000001f4730248c0 flushing  nmethod 0x000001f400ee3b90
Event: 91.719 Thread 0x000001f4730248c0 flushing  nmethod 0x000001f400ee4310
Event: 91.719 Thread 0x000001f4730248c0 flushing  nmethod 0x000001f400ee4910
Event: 91.719 Thread 0x000001f4730248c0 flushing  nmethod 0x000001f400ee6210
Event: 91.719 Thread 0x000001f4730248c0 flushing  nmethod 0x000001f400ee7110
Event: 91.719 Thread 0x000001f4730248c0 flushing  nmethod 0x000001f400eee410
Event: 91.719 Thread 0x000001f4730248c0 flushing  nmethod 0x000001f400ef0890
Event: 91.719 Thread 0x000001f4730248c0 flushing  nmethod 0x000001f400f07410
Event: 91.719 Thread 0x000001f4730248c0 flushing  nmethod 0x000001f400f12590
Event: 91.719 Thread 0x000001f4730248c0 flushing  nmethod 0x000001f400f14c90
Event: 91.719 Thread 0x000001f4730248c0 flushing  nmethod 0x000001f400f17a10
Event: 91.719 Thread 0x000001f4730248c0 flushing  nmethod 0x000001f400f36110
Event: 91.719 Thread 0x000001f4730248c0 flushing  nmethod 0x000001f400f41410
Event: 91.719 Thread 0x000001f4730248c0 flushing  nmethod 0x000001f400f49090
Event: 91.719 Thread 0x000001f4730248c0 flushing  nmethod 0x000001f400f49810
Event: 91.719 Thread 0x000001f4730248c0 flushing  nmethod 0x000001f400f5db10
Event: 91.719 Thread 0x000001f4730248c0 flushing  nmethod 0x000001f400f6f710

Events (20 events):
Event: 2601.870 Thread 0x000001f4645f36b0 Thread exited: 0x000001f4645f36b0
Event: 2650.434 Thread 0x000001f464e34320 Thread exited: 0x000001f464e34320
Event: 2651.025 Thread 0x000001f455720210 Thread exited: 0x000001f455720210
Event: 2651.404 Thread 0x000001f464e33600 Thread exited: 0x000001f464e33600
Event: 2889.821 Thread 0x000001f464e2e740 Thread added: 0x000001f464e33600
Event: 2889.822 Thread 0x000001f464e33600 Thread exited: 0x000001f464e33600
Event: 2889.854 Thread 0x000001f464e2e740 Thread added: 0x000001f464e33600
Event: 2889.854 Thread 0x000001f464e33600 Thread added: 0x000001f464e33c90
Event: 2889.854 Thread 0x000001f464e33600 Thread added: 0x000001f464e34320
Event: 2889.854 Thread 0x000001f464e33600 Thread added: 0x000001f464e349b0
Event: 2889.854 Thread 0x000001f464e33c90 Thread added: 0x000001f4565c94a0
Event: 2889.854 Thread 0x000001f464e33600 Thread added: 0x000001f4565c80f0
Event: 2889.855 Thread 0x000001f464e33600 Thread added: 0x000001f4565c6020
Event: 2889.855 Thread 0x000001f4565c6020 Thread exited: 0x000001f4565c6020
Event: 2889.855 Thread 0x000001f464e33600 Thread exited: 0x000001f464e33600
Event: 2889.855 Thread 0x000001f464e34320 Thread exited: 0x000001f464e34320
Event: 2889.855 Thread 0x000001f464e349b0 Thread exited: 0x000001f464e349b0
Event: 2889.855 Thread 0x000001f464e33c90 Thread exited: 0x000001f464e33c90
Event: 2889.855 Thread 0x000001f4565c80f0 Thread exited: 0x000001f4565c80f0
Event: 2889.855 Thread 0x000001f4565c94a0 Thread exited: 0x000001f4565c94a0


Dynamic libraries:
0x00007ff7571b0000 - 0x00007ff7571be000 	c:\Users\Administrator\.trae-cn\extensions\redhat.java-1.54.0-win32-x64\jre\21.0.10-win32-x86_64\bin\java.exe
0x00007ff8fbcb0000 - 0x00007ff8fbec8000 	C:\WINDOWS\SYSTEM32\ntdll.dll
0x00007ff8fa200000 - 0x00007ff8fa2c4000 	C:\WINDOWS\System32\KERNEL32.DLL
0x00007ff8f89a0000 - 0x00007ff8f8d73000 	C:\WINDOWS\System32\KERNELBASE.dll
0x00007ff8f3770000 - 0x00007ff8f3807000 	C:\WINDOWS\SYSTEM32\apphelp.dll
0x00007ff8f8ef0000 - 0x00007ff8f9001000 	C:\WINDOWS\System32\ucrtbase.dll
0x00007ff8f2c90000 - 0x00007ff8f2ca8000 	c:\Users\Administrator\.trae-cn\extensions\redhat.java-1.54.0-win32-x64\jre\21.0.10-win32-x86_64\bin\jli.dll
0x00007ff8fa3f0000 - 0x00007ff8fa5a2000 	C:\WINDOWS\System32\USER32.dll
0x00007ff8f9750000 - 0x00007ff8f9776000 	C:\WINDOWS\System32\win32u.dll
0x00007ff8f97a0000 - 0x00007ff8f97c9000 	C:\WINDOWS\System32\GDI32.dll
0x00007ff8f9170000 - 0x00007ff8f928b000 	C:\WINDOWS\System32\gdi32full.dll
0x00007ff8f9010000 - 0x00007ff8f90aa000 	C:\WINDOWS\System32\msvcp_win.dll
0x00007ff8de5d0000 - 0x00007ff8de86c000 	C:\WINDOWS\WinSxS\amd64_microsoft.windows.common-controls_6595b64144ccf1df_6.0.22621.6060_none_2712eda17382d24b\COMCTL32.dll
0x00007ff8f9cc0000 - 0x00007ff8f9d67000 	C:\WINDOWS\System32\msvcrt.dll
0x00007ff8d2d50000 - 0x00007ff8d2d6e000 	c:\Users\Administrator\.trae-cn\extensions\redhat.java-1.54.0-win32-x64\jre\21.0.10-win32-x86_64\bin\VCRUNTIME140.dll
0x00007ff8f9f40000 - 0x00007ff8f9f71000 	C:\WINDOWS\System32\IMM32.DLL
0x0000000056700000 - 0x000000005670d000 	C:\Program Files (x86)\360\360safe\safemon\SafeWrapper.dll
0x00007ff8f9e80000 - 0x00007ff8f9f31000 	C:\WINDOWS\System32\ADVAPI32.dll
0x00007ff8fa5b0000 - 0x00007ff8fa658000 	C:\WINDOWS\System32\sechost.dll
0x00007ff8f8d80000 - 0x00007ff8f8da8000 	C:\WINDOWS\System32\bcrypt.dll
0x00007ff8fa2d0000 - 0x00007ff8fa3e8000 	C:\WINDOWS\System32\RPCRT4.dll
0x00007ff8f04c0000 - 0x00007ff8f05c5000 	C:\Program Files (x86)\360\360safe\safemon\libzdtp64.dll
0x00007ff8fad90000 - 0x00007ff8fb62c000 	C:\WINDOWS\System32\SHELL32.dll
0x00007ff8f9320000 - 0x00007ff8f945f000 	C:\WINDOWS\System32\wintypes.dll
0x00007ff8fa910000 - 0x00007ff8faca1000 	C:\WINDOWS\System32\combase.dll
0x00007ff8fa6f0000 - 0x00007ff8fa759000 	C:\WINDOWS\System32\SHLWAPI.dll
0x00007ff8f8410000 - 0x00007ff8f841a000 	C:\WINDOWS\SYSTEM32\VERSION.dll
0x00007ff8db820000 - 0x00007ff8db82c000 	c:\Users\Administrator\.trae-cn\extensions\redhat.java-1.54.0-win32-x64\jre\21.0.10-win32-x86_64\bin\vcruntime140_1.dll
0x00007ff8a6940000 - 0x00007ff8a69cd000 	c:\Users\Administrator\.trae-cn\extensions\redhat.java-1.54.0-win32-x64\jre\21.0.10-win32-x86_64\bin\msvcp140.dll
0x00007ff85d670000 - 0x00007ff85e411000 	c:\Users\Administrator\.trae-cn\extensions\redhat.java-1.54.0-win32-x64\jre\21.0.10-win32-x86_64\bin\server\jvm.dll
0x00007ff8f8ea0000 - 0x00007ff8f8eed000 	C:\WINDOWS\System32\POWRPROF.dll
0x00007ff8fa660000 - 0x00007ff8fa6d1000 	C:\WINDOWS\System32\WS2_32.dll
0x00007ff8f1260000 - 0x00007ff8f1294000 	C:\WINDOWS\SYSTEM32\WINMM.dll
0x00007ff8f80e0000 - 0x00007ff8f80f3000 	C:\WINDOWS\SYSTEM32\UMPDC.dll
0x00007ff8f78d0000 - 0x00007ff8f78e8000 	C:\WINDOWS\SYSTEM32\kernel.appcore.dll
0x00007ff8ca550000 - 0x00007ff8ca55a000 	c:\Users\Administrator\.trae-cn\extensions\redhat.java-1.54.0-win32-x64\jre\21.0.10-win32-x86_64\bin\jimage.dll
0x00007ff8f5dc0000 - 0x00007ff8f5ff3000 	C:\WINDOWS\SYSTEM32\DBGHELP.DLL
0x00007ff8fa780000 - 0x00007ff8fa858000 	C:\WINDOWS\System32\OLEAUT32.dll
0x00007ff8df3f0000 - 0x00007ff8df422000 	C:\WINDOWS\SYSTEM32\dbgcore.DLL
0x00007ff8f9460000 - 0x00007ff8f94db000 	C:\WINDOWS\System32\bcryptPrimitives.dll
0x00007ff8ca540000 - 0x00007ff8ca54f000 	c:\Users\Administrator\.trae-cn\extensions\redhat.java-1.54.0-win32-x64\jre\21.0.10-win32-x86_64\bin\instrument.dll
0x00007ff8a8e60000 - 0x00007ff8a8e80000 	c:\Users\Administrator\.trae-cn\extensions\redhat.java-1.54.0-win32-x64\jre\21.0.10-win32-x86_64\bin\java.dll
0x00007ff8f6810000 - 0x00007ff8f712a000 	C:\WINDOWS\SYSTEM32\windows.storage.dll
0x00007ff8f9d70000 - 0x00007ff8f9e74000 	C:\WINDOWS\System32\SHCORE.dll
0x00007ff8f88c0000 - 0x00007ff8f88e5000 	C:\WINDOWS\SYSTEM32\profapi.dll
0x00007ff8a7ac0000 - 0x00007ff8a7ad8000 	c:\Users\Administrator\.trae-cn\extensions\redhat.java-1.54.0-win32-x64\jre\21.0.10-win32-x86_64\bin\zip.dll
0x00007ff8af030000 - 0x00007ff8af040000 	C:\Users\Administrator\.trae-cn\extensions\redhat.java-1.54.0-win32-x64\jre\21.0.10-win32-x86_64\bin\net.dll
0x00007ff8f42d0000 - 0x00007ff8f43fc000 	C:\WINDOWS\SYSTEM32\WINHTTP.dll
0x00007ff8f7d90000 - 0x00007ff8f7df9000 	C:\WINDOWS\system32\mswsock.dll
0x00007ff8a7aa0000 - 0x00007ff8a7ab6000 	C:\Users\Administrator\.trae-cn\extensions\redhat.java-1.54.0-win32-x64\jre\21.0.10-win32-x86_64\bin\nio.dll
0x00007ff8ae4c0000 - 0x00007ff8ae4d0000 	c:\Users\Administrator\.trae-cn\extensions\redhat.java-1.54.0-win32-x64\jre\21.0.10-win32-x86_64\bin\verify.dll
0x00007ff888530000 - 0x00007ff888575000 	C:\Users\Administrator\AppData\Roaming\Trae CN\User\globalStorage\redhat.java\1.54.0\config_win\org.eclipse.equinox.launcher\org.eclipse.equinox.launcher.win32.win32.x86_64_1.3.0.v20260203-2149\eclipse_11919.dll
0x00007ff8f9f80000 - 0x00007ff8fa121000 	C:\WINDOWS\System32\ole32.dll
0x00007ff8ad580000 - 0x00007ff8ad58a000 	C:\Users\Administrator\.trae-cn\extensions\redhat.java-1.54.0-win32-x64\jre\21.0.10-win32-x86_64\bin\management.dll
0x00007ff8acad0000 - 0x00007ff8acadc000 	C:\Users\Administrator\.trae-cn\extensions\redhat.java-1.54.0-win32-x64\jre\21.0.10-win32-x86_64\bin\management_ext.dll
0x00007ff8fa6e0000 - 0x00007ff8fa6e8000 	C:\WINDOWS\System32\PSAPI.DLL
0x00007ff8f8180000 - 0x00007ff8f819b000 	C:\WINDOWS\SYSTEM32\CRYPTSP.dll
0x00007ff8f7830000 - 0x00007ff8f7867000 	C:\WINDOWS\system32\rsaenh.dll
0x00007ff8f7e30000 - 0x00007ff8f7e58000 	C:\WINDOWS\SYSTEM32\USERENV.dll
0x00007ff8f8160000 - 0x00007ff8f816c000 	C:\WINDOWS\SYSTEM32\CRYPTBASE.dll
0x00007ff8f85c0000 - 0x00007ff8f85ed000 	C:\WINDOWS\SYSTEM32\IPHLPAPI.DLL
0x00007ff8fad80000 - 0x00007ff8fad89000 	C:\WINDOWS\System32\NSI.dll
0x00007ff888490000 - 0x00007ff8884d9000 	C:\Users\Administrator\AppData\Local\Temp\jna-146731693\jna10091251678848959652.dll
0x00007ff8f1240000 - 0x00007ff8f1259000 	C:\WINDOWS\SYSTEM32\dhcpcsvc6.DLL
0x00007ff8f1020000 - 0x00007ff8f103f000 	C:\WINDOWS\SYSTEM32\dhcpcsvc.DLL
0x00007ff8b0030000 - 0x00007ff8b003e000 	C:\Users\Administrator\.trae-cn\extensions\redhat.java-1.54.0-win32-x64\jre\21.0.10-win32-x86_64\bin\sunmscapi.dll
0x00007ff8f95e0000 - 0x00007ff8f9748000 	C:\WINDOWS\System32\CRYPT32.dll
0x00007ff8f82a0000 - 0x00007ff8f82ce000 	C:\WINDOWS\SYSTEM32\ncrypt.dll
0x00007ff8f8260000 - 0x00007ff8f8297000 	C:\WINDOWS\SYSTEM32\NTASN1.dll
0x00007ff8abe50000 - 0x00007ff8abe59000 	C:\Users\Administrator\.trae-cn\extensions\redhat.java-1.54.0-win32-x64\jre\21.0.10-win32-x86_64\bin\extnet.dll
0x00007ff8db830000 - 0x00007ff8db857000 	C:\Users\Administrator\.gradle\native\e1d6ef7f7dcc3fd88c89a11ec53ec762bb8ba0a96d01ffa2cd45eb1d1d8dd5c5\windows-amd64\native-platform.dll
0x00007ff8dc5d0000 - 0x00007ff8dc5d8000 	C:\WINDOWS\system32\wshunix.dll

JVMTI agents:
c:\Users\Administrator\.trae-cn\extensions\redhat.java-1.54.0-win32-x64\lombok\lombok-1.18.39-4050.jar path:c:\Users\Administrator\.trae-cn\extensions\redhat.java-1.54.0-win32-x64\jre\21.0.10-win32-x86_64\bin\instrument.dll, loaded, initialized, instrumentlib options:none

dbghelp: loaded successfully - version: 4.0.5 - missing functions: none
symbol engine: initialized successfully - sym options: 0x614 - pdb path: .;c:\Users\Administrator\.trae-cn\extensions\redhat.java-1.54.0-win32-x64\jre\21.0.10-win32-x86_64\bin;C:\WINDOWS\SYSTEM32;C:\WINDOWS\WinSxS\amd64_microsoft.windows.common-controls_6595b64144ccf1df_6.0.22621.6060_none_2712eda17382d24b;C:\Program Files (x86)\360\360safe\safemon;c:\Users\Administrator\.trae-cn\extensions\redhat.java-1.54.0-win32-x64\jre\21.0.10-win32-x86_64\bin\server;C:\Users\Administrator\AppData\Roaming\Trae CN\User\globalStorage\redhat.java\1.54.0\config_win\org.eclipse.equinox.launcher\org.eclipse.equinox.launcher.win32.win32.x86_64_1.3.0.v20260203-2149;C:\Users\Administrator\AppData\Local\Temp\jna-146731693;C:\Users\Administrator\.gradle\native\e1d6ef7f7dcc3fd88c89a11ec53ec762bb8ba0a96d01ffa2cd45eb1d1d8dd5c5\windows-amd64

VM Arguments:
jvm_args: --add-modules=ALL-SYSTEM --add-opens=java.base/java.util=ALL-UNNAMED --add-opens=java.base/java.lang=ALL-UNNAMED --add-opens=java.base/sun.nio.fs=ALL-UNNAMED -Declipse.application=org.eclipse.jdt.ls.core.id1 -Dosgi.bundles.defaultStartLevel=4 -Declipse.product=org.eclipse.jdt.ls.core.product -Djava.import.generatesMetadataFilesAtProjectRoot=false -DDetectVMInstallationsJob.disabled=true -Dfile.encoding=utf8 -XX:+UseParallelGC -XX:GCTimeRatio=4 -XX:AdaptiveSizePolicyWeight=90 -Dsun.zip.disableMemoryMapping=true -Xmx2G -Xms100m -Xlog:disable -javaagent:c:\Users\Administrator\.trae-cn\extensions\redhat.java-1.54.0-win32-x64\lombok\lombok-1.18.39-4050.jar -XX:+HeapDumpOnOutOfMemoryError -XX:HeapDumpPath=c:\Users\Administrator\AppData\Roaming\Trae CN\User\workspaceStorage\54f2dd0a22064a3858da5311b6f2a1d3\redhat.java -Daether.dependencyCollector.impl=bf 
java_command: c:\Users\Administrator\.trae-cn\extensions\redhat.java-1.54.0-win32-x64\server\plugins\org.eclipse.equinox.launcher_1.7.100.v20251111-0406.jar -configuration c:\Users\Administrator\AppData\Roaming\Trae CN\User\globalStorage\redhat.java\1.54.0\config_win -data c:\Users\Administrator\AppData\Roaming\Trae CN\User\workspaceStorage\54f2dd0a22064a3858da5311b6f2a1d3\redhat.java\jdt_ws --pipe=\\.\pipe\lsp-fa7c55eaa158d78a7b9031a8b36169f5-sock
java_class_path (initial): c:\Users\Administrator\.trae-cn\extensions\redhat.java-1.54.0-win32-x64\server\plugins\org.eclipse.equinox.launcher_1.7.100.v20251111-0406.jar
Launcher Type: SUN_STANDARD

[Global flags]
    uintx AdaptiveSizePolicyWeight                 = 90                                        {product} {command line}
     intx CICompilerCount                          = 4                                         {product} {ergonomic}
    uintx GCTimeRatio                              = 4                                         {product} {command line}
     bool HeapDumpOnOutOfMemoryError               = true                                   {manageable} {command line}
    ccstr HeapDumpPath                             = c:\Users\Administrator\AppData\Roaming\Trae CN\User\workspaceStorage\54f2dd0a22064a3858da5311b6f2a1d3\redhat.java         {manageable} {command line}
   size_t InitialHeapSize                          = 104857600                                 {product} {command line}
   size_t MaxHeapSize                              = 2147483648                                {product} {command line}
   size_t MaxNewSize                               = 715653120                                 {product} {ergonomic}
   size_t MinHeapDeltaBytes                        = 524288                                    {product} {ergonomic}
   size_t MinHeapSize                              = 104857600                                 {product} {command line}
   size_t NewSize                                  = 34603008                                  {product} {ergonomic}
    uintx NonNMethodCodeHeapSize                   = 5839372                                {pd product} {ergonomic}
    uintx NonProfiledCodeHeapSize                  = 122909434                              {pd product} {ergonomic}
   size_t OldSize                                  = 70254592                                  {product} {ergonomic}
    uintx ProfiledCodeHeapSize                     = 122909434                              {pd product} {ergonomic}
    uintx ReservedCodeCacheSize                    = 251658240                              {pd product} {ergonomic}
     bool SegmentedCodeCache                       = true                                      {product} {ergonomic}
   size_t SoftMaxHeapSize                          = 2147483648                             {manageable} {ergonomic}
     bool UseCompressedOops                        = true                           {product lp64_product} {ergonomic}
     bool UseLargePagesIndividualAllocation        = false                                  {pd product} {ergonomic}
     bool UseParallelGC                            = true                                      {product} {command line}

Logging:
Log output configuration:
 #0: stdout all=off uptime,level,tags foldmultilines=false
 #1: stderr all=off uptime,level,tags foldmultilines=false

Release file:
JAVA_VERSION="21.0.10" 
MODULES="java.base java.compiler java.datatransfer java.xml java.prefs java.desktop java.instrument java.logging java.management java.security.sasl java.naming java.rmi java.management.rmi java.net.http java.scripting java.security.jgss java.transaction.xa java.sql java.sql.rowset java.xml.crypto java.se java.smartcardio jdk.accessibility jdk.internal.jvmstat jdk.attach jdk.charsets jdk.internal.opt jdk.zipfs jdk.compiler jdk.crypto.ec jdk.crypto.cryptoki jdk.crypto.mscapi jdk.dynalink jdk.internal.ed jdk.editpad jdk.hotspot.agent jdk.httpserver jdk.internal.le jdk.internal.vm.ci jdk.internal.vm.compiler jdk.internal.vm.compiler.management jdk.jartool jdk.javadoc jdk.jcmd jdk.management jdk.management.agent jdk.jconsole jdk.jdeps jdk.jdwp.agent jdk.jdi jdk.jfr jdk.jshell jdk.jsobject jdk.jstatd jdk.localedata jdk.management.jfr jdk.naming.dns jdk.naming.rmi jdk.net jdk.nio.mapmode jdk.random jdk.sctp jdk.security.auth jdk.security.jgss jdk.unsupported jdk.unsupported.desktop jdk.xml.dom" 

Environment Variables:
JAVA_HOME=C:\Program Files\Eclipse Adoptium\jdk-17.0.18.8-hotspot
PATH=C:\Users\Administrator\.trae-cn\tools\gradle\latest\bin;C:\Program Files\Eclipse Adoptium\jdk-17.0.18.8-hotspot\bin;C:\Users\Administrator\.trae-cn\tools\maven\latest\bin;c:\Users\Administrator\.trae-cn\tools\trae-gopls\current;c:\Users\Administrator\.trae-cn\sdks\workspaces\54f2dd0a\versions\node\current;c:\Users\Administrator\.trae-cn\sdks\versions\node\current;C:\Program Files\Eclipse Adoptium\jdk-17.0.18.8-hotspot\bin;C:\Python312\Scripts\;C:\Python312\;C:\Program Files (x86)\Common Files\Intel\Shared Libraries\redist\intel64\compiler;C:\Users\Public\Downloads\jdk-19\bin;C:\WINDOWS\system32;C:\WINDOWS;C:\WINDOWS\System32\Wbem;C:\WINDOWS\System32\WindowsPowerShell\v1.0\;C:\WINDOWS\System32\OpenSSH\;Git\cmd;C:\ProgramData\chocolatey\bin;C:\Program Files\MySQL\MySQL Server 8.0\bin;C:\Program Files (x86)\Microsoft SQL Server\160\Tools\Binn\;C:\Program Files\Microsoft SQL Server\160\Tools\Binn\;C:\Program Files\Microsoft SQL Server\Client SDK\ODBC\170\Tools\Binn\;C:\Program Files\Microsoft SQL Server\160\DTS\Binn\;C:\Program Files (x86)\Microsoft SQL Server\160\DTS\Binn\;峚陓苤最唗羲楷\峚陓web羲楷氪馱撿\dll;C:\Users\Administrator\AppData\Roaming\nvm;%N;M_SYMLINK%;C:\Users\Administrator\AppData\Roaming\nvm\node_global;D:\Git\cmd;C:\Program Files\Docker\Docker\resources\bin;C:\Users\Administrator\AppData\Local\Microsoft\WindowsApps;D:\intelliJIDEA\IntelliJ IDEA Community Edition 2022.2.2\bin;Microsoft VS Code\bin;D:\Microsoft VS Code\bin;D:\nodejs;d:\Trae CN\resources\app\bin\lib
USERNAME=Administrator
OS=Windows_NT
PROCESSOR_IDENTIFIER=Intel64 Family 6 Model 140 Stepping 1, GenuineIntel
TMP=C:\Users\ADMINI~1\AppData\Local\Temp
TEMP=C:\Users\ADMINI~1\AppData\Local\Temp




Periodic native trim disabled

---------------  S Y S T E M  ---------------

OS:
 Windows 11 , 64 bit Build 22621 (10.0.22621.5415)
OS uptime: 2 days 6:01 hours
Hyper-V role detected

CPU: total 8 (initial active 8) (4 cores per cpu, 2 threads per core) family 6 model 140 stepping 1 microcode 0x8a, cx8, cmov, fxsr, ht, mmx, 3dnowpref, sse, sse2, sse3, ssse3, sse4.1, sse4.2, popcnt, lzcnt, tsc, tscinvbit, avx, avx2, aes, erms, clmul, bmi1, bmi2, adx, avx512f, avx512dq, avx512cd, avx512bw, avx512vl, sha, fma, vzeroupper, avx512_vpopcntdq, avx512_vpclmulqdq, avx512_vaes, avx512_vnni, clflush, clflushopt, clwb, avx512_vbmi2, avx512_vbmi, hv, rdtscp, rdpid, fsrm, gfni, avx512_bitalg, f16c, cet_ibt, cet_ss, avx512_ifma
Processor Information for the first 8 processors :
  Max Mhz: 3111, Current Mhz: 3111, Mhz Limit: 3111

Memory: 4k page, system-wide physical 16167M (317M free)
TotalPageFile size 31395M (AvailPageFile size 1M)
current process WorkingSet (physical memory assigned to process): 366M, peak: 1290M
current process commit charge ("private bytes"): 1430M, peak: 1580M

vm_info: OpenJDK 64-Bit Server VM (21.0.10+7-LTS) for windows-amd64 JRE (21.0.10+7-LTS), built on 2026-01-20T00:00:00Z by "admin" with MS VC++ 17.12 (VS2022)

END.
