[2026-03-18 19:18:14.369] INFO  26496 [kground-preinit]org.hibernate.validator.internal.util.Version.<clinit>（）@21 : HV000001: Hibernate Validator 8.0.1.Final
[2026-03-18 19:18:14.441] INFO  26496 [           main]com.tacomall.apima.ApiMaApplication.logStarting（）@50 : Starting ApiMaApplication using Java 17.0.18 with PID 26496 (E:\毕业设计\code\tacomall\server\api\ma\build\classes\java\main started by Administrator in E:\毕业设计\code\tacomall\server\api\ma)
[2026-03-18 19:18:14.444] INFO  26496 [           main]com.tacomall.apima.ApiMaApplication.logStartupProfileInfo（）@659 : The following 1 profile is active: "dev"
[2026-03-18 19:18:15.832] INFO  26496 [           main]o.s.d.r.config.RepositoryConfigurationDelegate.multipleStoresDetected（）@292 : Multiple Spring Data modules found, entering strict repository configuration mode
[2026-03-18 19:18:15.838] INFO  26496 [           main]o.s.d.r.config.RepositoryConfigurationDelegate.registerRepositoriesIn（）@139 : Bootstrapping Spring Data Redis repositories in DEFAULT mode.
[2026-03-18 19:18:15.901] INFO  26496 [           main]o.s.d.r.config.RepositoryConfigurationDelegate.registerRepositoriesIn（）@208 : Finished Spring Data repository scanning in 13 ms. Found 0 Redis repository interfaces.
[2026-03-18 19:18:17.694] INFO  26496 [           main]o.s.boot.web.embedded.tomcat.TomcatWebServer.initialize（）@108 : Tomcat initialized with port 4002 (http)
[2026-03-18 19:18:17.710] INFO  26496 [           main]org.apache.coyote.http11.Http11NioProtocol.log（）@173 : Initializing ProtocolHandler ["http-nio-4002"]
[2026-03-18 19:18:17.715] INFO  26496 [           main]org.apache.catalina.core.StandardService.log（）@173 : Starting service [Tomcat]
[2026-03-18 19:18:17.716] INFO  26496 [           main]org.apache.catalina.core.StandardEngine.log（）@173 : Starting Servlet engine: [Apache Tomcat/10.1.16]
[2026-03-18 19:18:17.933] INFO  26496 [           main]o.a.c.core.ContainerBase.[Tomcat].[localhost].[/].log（）@173 : Initializing Spring embedded WebApplicationContext
[2026-03-18 19:18:17.933] INFO  26496 [           main]o.s.b.w.s.c.ServletWebServerApplicationContext.prepareWebApplicationContext（）@296 : Root WebApplicationContext: initialization completed in 3409 ms
[2026-03-18 19:18:19.172] INFO  26496 [           main]com.tacomall.common.config.RedisConfig.logRedisCredentials（）@46 : [DEBUG] Actual Redis Password: '' (Length: 0)
[2026-03-18 19:18:19.172] INFO  26496 [           main]com.tacomall.common.config.RedisConfig.logRedisCredentials（）@47 : [DEBUG] Normalized Redis Password: 'null' (Length: -1)
[2026-03-18 19:18:19.174] INFO  26496 [           main]com.tacomall.common.config.RedisConfig.logRedisCredentials（）@49 : [DEBUG] Actual Redis Username: '' (Length: 0)
[2026-03-18 19:18:19.174] INFO  26496 [           main]com.tacomall.common.config.RedisConfig.logRedisCredentials（）@50 : [DEBUG] Normalized Redis Username: 'null' (Length: -1)
[2026-03-18 19:18:19.546] INFO  26496 [           main]com.tacomall.common.config.WxMaConfiguration.init（）@98 : ? 微信小程序服務初始化成功！共加載 1 個配置。
[2026-03-18 19:18:19.902] INFO  26496 [           main]com.tacomall.common.config.RedisConfig.redisPoolFactory（）@66 : Redis is configured without authentication. JedisPool will use the no-auth constructor.
[2026-03-18 19:18:19.902] INFO  26496 [           main]com.tacomall.common.config.RedisConfig.redisPoolFactory（）@76 : JedisPool injected successfully
[2026-03-18 19:18:19.902] INFO  26496 [           main]com.tacomall.common.config.RedisConfig.redisPoolFactory（）@77 : redis address: 127.0.0.1:10010
[2026-03-18 19:18:20.034] INFO  26496 [           main]com.tacomall.common.config.WxPayConfiguration.wxService（）@32 : ?? 檢測到微信支付配置初始化，正在使用開發者硬編碼模式...
[2026-03-18 19:18:20.201] INFO  26496 [           main]com.tacomall.common.config.WxPayConfiguration.wxService（）@57 : ? 微信支付服務 (WxPayService) 初始化成功！(硬編碼模式)
[2026-03-18 19:18:21.507] INFO  26496 [           main]org.apache.coyote.http11.Http11NioProtocol.log（）@173 : Starting ProtocolHandler ["http-nio-4002"]
[2026-03-18 19:18:21.552] INFO  26496 [           main]o.s.boot.web.embedded.tomcat.TomcatWebServer.start（）@221 : Tomcat started on port 4002 (http) with context path ''
[2026-03-18 19:18:21.583] INFO  26496 [           main]com.tacomall.apima.ApiMaApplication.logStarted（）@56 : Started ApiMaApplication in 8.109 seconds (process running for 8.843)
[2026-03-18 19:19:40.992] INFO  26496 [nio-4002-exec-1]o.a.c.core.ContainerBase.[Tomcat].[localhost].[/].log（）@173 : Initializing Spring DispatcherServlet 'dispatcherServlet'
[2026-03-18 19:19:40.992] INFO  26496 [nio-4002-exec-1]org.springframework.web.servlet.DispatcherServlet.initServletBean（）@532 : Initializing Servlet 'dispatcherServlet'
[2026-03-18 19:19:41.000] INFO  26496 [nio-4002-exec-1]org.springframework.web.servlet.DispatcherServlet.initServletBean（）@554 : Completed initialization in 7 ms
