[2026-04-22 17:05:55.426] INFO  24460 [kground-preinit]org.hibernate.validator.internal.util.Version.<clinit>（）@21 : HV000001: Hibernate Validator 8.0.1.Final
[2026-04-22 17:05:55.474] INFO  24460 [           main]com.tacomall.apima.ApiMaApplication.logStarting（）@50 : Starting ApiMaApplication using Java 17.0.18 with PID 24460 (E:\毕业设计\code\tacomall\server\api\ma\build\classes\java\main started by Administrator in E:\毕业设计\code\tacomall\server\api\ma)
[2026-04-22 17:05:55.476] INFO  24460 [           main]com.tacomall.apima.ApiMaApplication.logStartupProfileInfo（）@659 : The following 1 profile is active: "dev"
[2026-04-22 17:05:56.325] INFO  24460 [           main]o.s.d.r.config.RepositoryConfigurationDelegate.multipleStoresDetected（）@292 : Multiple Spring Data modules found, entering strict repository configuration mode
[2026-04-22 17:05:56.328] INFO  24460 [           main]o.s.d.r.config.RepositoryConfigurationDelegate.registerRepositoriesIn（）@139 : Bootstrapping Spring Data Redis repositories in DEFAULT mode.
[2026-04-22 17:05:56.362] INFO  24460 [           main]o.s.d.r.config.RepositoryConfigurationDelegate.registerRepositoriesIn（）@208 : Finished Spring Data repository scanning in 9 ms. Found 0 Redis repository interfaces.
[2026-04-22 17:05:57.381] INFO  24460 [           main]o.s.boot.web.embedded.tomcat.TomcatWebServer.initialize（）@108 : Tomcat initialized with port 4002 (http)
[2026-04-22 17:05:57.390] INFO  24460 [           main]org.apache.coyote.http11.Http11NioProtocol.log（）@173 : Initializing ProtocolHandler ["http-nio-4002"]
[2026-04-22 17:05:57.392] INFO  24460 [           main]org.apache.catalina.core.StandardService.log（）@173 : Starting service [Tomcat]
[2026-04-22 17:05:57.392] INFO  24460 [           main]org.apache.catalina.core.StandardEngine.log（）@173 : Starting Servlet engine: [Apache Tomcat/10.1.16]
[2026-04-22 17:05:57.554] INFO  24460 [           main]o.a.c.core.ContainerBase.[Tomcat].[localhost].[/].log（）@173 : Initializing Spring embedded WebApplicationContext
[2026-04-22 17:05:57.555] INFO  24460 [           main]o.s.b.w.s.c.ServletWebServerApplicationContext.prepareWebApplicationContext（）@296 : Root WebApplicationContext: initialization completed in 2019 ms
[2026-04-22 17:05:57.707] INFO  24460 [           main]com.zaxxer.hikari.HikariDataSource.<init>（）@80 : master - Starting...
[2026-04-22 17:05:57.847] INFO  24460 [           main]com.zaxxer.hikari.pool.HikariPool.checkFailFast（）@565 : master - Added connection com.mysql.cj.jdbc.ConnectionImpl@3193e21d
[2026-04-22 17:05:57.849] INFO  24460 [           main]com.zaxxer.hikari.HikariDataSource.<init>（）@82 : master - Start completed.
[2026-04-22 17:05:57.850] INFO  24460 [           main]c.b.dynamic.datasource.DynamicRoutingDataSource.addDataSource（）@158 : dynamic-datasource - add a datasource named [master] success
[2026-04-22 17:05:57.850] INFO  24460 [           main]c.b.dynamic.datasource.DynamicRoutingDataSource.afterPropertiesSet（）@241 : dynamic-datasource initial loaded [1] datasource,primary datasource named [master]
[2026-04-22 17:05:58.920] INFO  24460 [           main]com.tacomall.common.config.RedisConfig.logRedisConnectionMode（）@55 : Redis connection settings prepared. address=127.0.0.1:10010, authMode=password-only
[2026-04-22 17:05:59.294] INFO  24460 [           main]com.tacomall.common.config.WxMaConfiguration.init（）@98 : ? 微信小程序服務初始化成功！共加載 1 個配置。
[2026-04-22 17:05:59.578] INFO  24460 [           main]com.tacomall.common.config.RedisConfig.redisPoolFactory（）@73 : Redis is configured with password-only authentication.
[2026-04-22 17:05:59.578] INFO  24460 [           main]com.tacomall.common.config.RedisConfig.redisPoolFactory（）@80 : JedisPool injected successfully
[2026-04-22 17:05:59.578] INFO  24460 [           main]com.tacomall.common.config.RedisConfig.redisPoolFactory（）@81 : redis address: 127.0.0.1:10010
[2026-04-22 17:05:59.936] INFO  24460 [           main]com.tacomall.common.config.WxPayConfiguration.wxService（）@32 : ?? 檢測到微信支付配置初始化，正在使用開發者硬編碼模式...
[2026-04-22 17:06:00.099] INFO  24460 [           main]com.tacomall.common.config.WxPayConfiguration.wxService（）@57 : ? 微信支付服務 (WxPayService) 初始化成功！(硬編碼模式)
[2026-04-22 17:06:00.968] INFO  24460 [           main]org.apache.coyote.http11.Http11NioProtocol.log（）@173 : Starting ProtocolHandler ["http-nio-4002"]
[2026-04-22 17:06:01.236] INFO  24460 [           main]o.s.boot.web.embedded.tomcat.TomcatWebServer.start（）@221 : Tomcat started on port 4002 (http) with context path ''
[2026-04-22 17:06:01.261] INFO  24460 [           main]com.tacomall.apima.ApiMaApplication.logStarted（）@56 : Started ApiMaApplication in 6.328 seconds (process running for 7.246)
[2026-04-22 17:53:44.946] INFO  24460 [nio-4002-exec-1]o.a.c.core.ContainerBase.[Tomcat].[localhost].[/].log（）@173 : Initializing Spring DispatcherServlet 'dispatcherServlet'
[2026-04-22 17:53:44.947] INFO  24460 [nio-4002-exec-1]org.springframework.web.servlet.DispatcherServlet.initServletBean（）@532 : Initializing Servlet 'dispatcherServlet'
[2026-04-22 17:53:44.952] INFO  24460 [nio-4002-exec-1]org.springframework.web.servlet.DispatcherServlet.initServletBean（）@554 : Completed initialization in 5 ms
