[2026-04-21 21:03:38.719] INFO  22156 [nio-4002-exec-1]o.a.c.core.ContainerBase.[Tomcat].[localhost].[/].log（）@173 : Initializing Spring DispatcherServlet 'dispatcherServlet'
[2026-04-21 21:03:38.722] INFO  22156 [nio-4002-exec-1]org.springframework.web.servlet.DispatcherServlet.initServletBean（）@532 : Initializing Servlet 'dispatcherServlet'
[2026-04-21 21:03:38.723] INFO  22156 [nio-4002-exec-1]org.springframework.web.servlet.DispatcherServlet.initServletBean（）@554 : Completed initialization in 1 ms
[2026-04-21 21:07:35.266] INFO  6224 [kground-preinit]org.hibernate.validator.internal.util.Version.<clinit>（）@21 : HV000001: Hibernate Validator 8.0.1.Final
[2026-04-21 21:07:35.330] INFO  6224 [           main]com.tacomall.apima.ApiMaApplication.logStarting（）@50 : Starting ApiMaApplication using Java 17.0.18 with PID 6224 (E:\毕业设计\code\tacomall\server\api\ma\build\classes\java\main started by Administrator in E:\毕业设计\code\tacomall\server\api\ma)
[2026-04-21 21:07:35.332] INFO  6224 [           main]com.tacomall.apima.ApiMaApplication.logStartupProfileInfo（）@659 : The following 1 profile is active: "dev"
[2026-04-21 21:07:36.298] INFO  6224 [           main]o.s.d.r.config.RepositoryConfigurationDelegate.multipleStoresDetected（）@292 : Multiple Spring Data modules found, entering strict repository configuration mode
[2026-04-21 21:07:36.301] INFO  6224 [           main]o.s.d.r.config.RepositoryConfigurationDelegate.registerRepositoriesIn（）@139 : Bootstrapping Spring Data Redis repositories in DEFAULT mode.
[2026-04-21 21:07:36.336] INFO  6224 [           main]o.s.d.r.config.RepositoryConfigurationDelegate.registerRepositoriesIn（）@208 : Finished Spring Data repository scanning in 9 ms. Found 0 Redis repository interfaces.
[2026-04-21 21:07:37.533] INFO  6224 [           main]o.s.boot.web.embedded.tomcat.TomcatWebServer.initialize（）@108 : Tomcat initialized with port 4002 (http)
[2026-04-21 21:07:37.545] INFO  6224 [           main]org.apache.coyote.http11.Http11NioProtocol.log（）@173 : Initializing ProtocolHandler ["http-nio-4002"]
[2026-04-21 21:07:37.547] INFO  6224 [           main]org.apache.catalina.core.StandardService.log（）@173 : Starting service [Tomcat]
[2026-04-21 21:07:37.547] INFO  6224 [           main]org.apache.catalina.core.StandardEngine.log（）@173 : Starting Servlet engine: [Apache Tomcat/10.1.16]
[2026-04-21 21:07:37.725] INFO  6224 [           main]o.a.c.core.ContainerBase.[Tomcat].[localhost].[/].log（）@173 : Initializing Spring embedded WebApplicationContext
[2026-04-21 21:07:37.726] INFO  6224 [           main]o.s.b.w.s.c.ServletWebServerApplicationContext.prepareWebApplicationContext（）@296 : Root WebApplicationContext: initialization completed in 2327 ms
[2026-04-21 21:07:37.881] INFO  6224 [           main]com.zaxxer.hikari.HikariDataSource.<init>（）@80 : master - Starting...
[2026-04-21 21:07:38.041] INFO  6224 [           main]com.zaxxer.hikari.pool.HikariPool.checkFailFast（）@565 : master - Added connection com.mysql.cj.jdbc.ConnectionImpl@1be8c122
[2026-04-21 21:07:38.043] INFO  6224 [           main]com.zaxxer.hikari.HikariDataSource.<init>（）@82 : master - Start completed.
[2026-04-21 21:07:38.044] INFO  6224 [           main]c.b.dynamic.datasource.DynamicRoutingDataSource.addDataSource（）@158 : dynamic-datasource - add a datasource named [master] success
[2026-04-21 21:07:38.045] INFO  6224 [           main]c.b.dynamic.datasource.DynamicRoutingDataSource.afterPropertiesSet（）@241 : dynamic-datasource initial loaded [1] datasource,primary datasource named [master]
[2026-04-21 21:07:38.995] INFO  6224 [           main]com.tacomall.common.config.RedisConfig.logRedisConnectionMode（）@55 : Redis connection settings prepared. address=127.0.0.1:10010, authMode=password-only
[2026-04-21 21:07:39.443] INFO  6224 [           main]com.tacomall.common.config.WxMaConfiguration.init（）@98 : ? 微信小程序服務初始化成功！共加載 1 個配置。
[2026-04-21 21:07:39.805] INFO  6224 [           main]com.tacomall.common.config.RedisConfig.redisPoolFactory（）@73 : Redis is configured with password-only authentication.
[2026-04-21 21:07:39.805] INFO  6224 [           main]com.tacomall.common.config.RedisConfig.redisPoolFactory（）@80 : JedisPool injected successfully
[2026-04-21 21:07:39.805] INFO  6224 [           main]com.tacomall.common.config.RedisConfig.redisPoolFactory（）@81 : redis address: 127.0.0.1:10010
[2026-04-21 21:07:40.138] INFO  6224 [           main]com.tacomall.common.config.WxPayConfiguration.wxService（）@32 : ?? 檢測到微信支付配置初始化，正在使用開發者硬編碼模式...
[2026-04-21 21:07:40.280] INFO  6224 [           main]com.tacomall.common.config.WxPayConfiguration.wxService（）@57 : ? 微信支付服務 (WxPayService) 初始化成功！(硬編碼模式)
[2026-04-21 21:07:41.050] INFO  6224 [           main]org.apache.coyote.http11.Http11NioProtocol.log（）@173 : Starting ProtocolHandler ["http-nio-4002"]
[2026-04-21 21:07:41.080] INFO  6224 [           main]c.b.dynamic.datasource.DynamicRoutingDataSource.destroy（）@215 : dynamic-datasource start closing ....
[2026-04-21 21:07:41.082] INFO  6224 [           main]com.zaxxer.hikari.HikariDataSource.close（）@350 : master - Shutdown initiated...
[2026-04-21 21:07:41.089] INFO  6224 [           main]com.zaxxer.hikari.HikariDataSource.close（）@352 : master - Shutdown completed.
[2026-04-21 21:07:41.089] INFO  6224 [           main]c.b.d.d.destroyer.DefaultDataSourceDestroyer.destroy（）@98 : dynamic-datasource close the datasource named [master] success,
[2026-04-21 21:07:41.089] INFO  6224 [           main]c.b.dynamic.datasource.DynamicRoutingDataSource.destroy（）@219 : dynamic-datasource all closed success,bye
[2026-04-21 21:08:55.789] INFO  21364 [kground-preinit]org.hibernate.validator.internal.util.Version.<clinit>（）@21 : HV000001: Hibernate Validator 8.0.1.Final
[2026-04-21 21:08:55.829] INFO  21364 [           main]com.tacomall.apima.ApiMaApplication.logStarting（）@50 : Starting ApiMaApplication using Java 17.0.18 with PID 21364 (E:\毕业设计\code\tacomall\server\api\ma\build\classes\java\main started by Administrator in E:\毕业设计\code\tacomall\server\api\ma)
[2026-04-21 21:08:55.830] INFO  21364 [           main]com.tacomall.apima.ApiMaApplication.logStartupProfileInfo（）@659 : The following 1 profile is active: "dev"
[2026-04-21 21:09:04.661] INFO  21364 [           main]o.s.d.r.config.RepositoryConfigurationDelegate.multipleStoresDetected（）@292 : Multiple Spring Data modules found, entering strict repository configuration mode
[2026-04-21 21:09:04.664] INFO  21364 [           main]o.s.d.r.config.RepositoryConfigurationDelegate.registerRepositoriesIn（）@139 : Bootstrapping Spring Data Redis repositories in DEFAULT mode.
[2026-04-21 21:09:04.699] INFO  21364 [           main]o.s.d.r.config.RepositoryConfigurationDelegate.registerRepositoriesIn（）@208 : Finished Spring Data repository scanning in 12 ms. Found 0 Redis repository interfaces.
[2026-04-21 21:09:05.722] INFO  21364 [           main]o.s.boot.web.embedded.tomcat.TomcatWebServer.initialize（）@108 : Tomcat initialized with port 4002 (http)
[2026-04-21 21:09:05.731] INFO  21364 [           main]org.apache.coyote.http11.Http11NioProtocol.log（）@173 : Initializing ProtocolHandler ["http-nio-4002"]
[2026-04-21 21:09:05.733] INFO  21364 [           main]org.apache.catalina.core.StandardService.log（）@173 : Starting service [Tomcat]
[2026-04-21 21:09:05.733] INFO  21364 [           main]org.apache.catalina.core.StandardEngine.log（）@173 : Starting Servlet engine: [Apache Tomcat/10.1.16]
[2026-04-21 21:09:05.879] INFO  21364 [           main]o.a.c.core.ContainerBase.[Tomcat].[localhost].[/].log（）@173 : Initializing Spring embedded WebApplicationContext
[2026-04-21 21:09:05.879] INFO  21364 [           main]o.s.b.w.s.c.ServletWebServerApplicationContext.prepareWebApplicationContext（）@296 : Root WebApplicationContext: initialization completed in 10005 ms
[2026-04-21 21:09:06.018] INFO  21364 [           main]com.zaxxer.hikari.HikariDataSource.<init>（）@80 : master - Starting...
[2026-04-21 21:09:06.168] INFO  21364 [           main]com.zaxxer.hikari.pool.HikariPool.checkFailFast（）@565 : master - Added connection com.mysql.cj.jdbc.ConnectionImpl@2905b568
[2026-04-21 21:09:06.170] INFO  21364 [           main]com.zaxxer.hikari.HikariDataSource.<init>（）@82 : master - Start completed.
[2026-04-21 21:09:06.171] INFO  21364 [           main]c.b.dynamic.datasource.DynamicRoutingDataSource.addDataSource（）@158 : dynamic-datasource - add a datasource named [master] success
[2026-04-21 21:09:06.171] INFO  21364 [           main]c.b.dynamic.datasource.DynamicRoutingDataSource.afterPropertiesSet（）@241 : dynamic-datasource initial loaded [1] datasource,primary datasource named [master]
[2026-04-21 21:09:06.991] INFO  21364 [           main]com.tacomall.common.config.RedisConfig.logRedisConnectionMode（）@55 : Redis connection settings prepared. address=127.0.0.1:10010, authMode=password-only
[2026-04-21 21:09:07.300] INFO  21364 [           main]com.tacomall.common.config.WxMaConfiguration.init（）@98 : ? 微信小程序服務初始化成功！共加載 1 個配置。
[2026-04-21 21:09:07.544] INFO  21364 [           main]com.tacomall.common.config.RedisConfig.redisPoolFactory（）@73 : Redis is configured with password-only authentication.
[2026-04-21 21:09:07.544] INFO  21364 [           main]com.tacomall.common.config.RedisConfig.redisPoolFactory（）@80 : JedisPool injected successfully
[2026-04-21 21:09:07.544] INFO  21364 [           main]com.tacomall.common.config.RedisConfig.redisPoolFactory（）@81 : redis address: 127.0.0.1:10010
[2026-04-21 21:09:07.874] INFO  21364 [           main]com.tacomall.common.config.WxPayConfiguration.wxService（）@32 : ?? 檢測到微信支付配置初始化，正在使用開發者硬編碼模式...
[2026-04-21 21:09:07.993] INFO  21364 [           main]com.tacomall.common.config.WxPayConfiguration.wxService（）@57 : ? 微信支付服務 (WxPayService) 初始化成功！(硬編碼模式)
[2026-04-21 21:09:08.777] INFO  21364 [           main]org.apache.coyote.http11.Http11NioProtocol.log（）@173 : Starting ProtocolHandler ["http-nio-4002"]
[2026-04-21 21:09:08.801] INFO  21364 [           main]c.b.dynamic.datasource.DynamicRoutingDataSource.destroy（）@215 : dynamic-datasource start closing ....
[2026-04-21 21:09:08.804] INFO  21364 [           main]com.zaxxer.hikari.HikariDataSource.close（）@350 : master - Shutdown initiated...
[2026-04-21 21:09:08.813] INFO  21364 [           main]com.zaxxer.hikari.HikariDataSource.close（）@352 : master - Shutdown completed.
[2026-04-21 21:09:08.814] INFO  21364 [           main]c.b.d.d.destroyer.DefaultDataSourceDestroyer.destroy（）@98 : dynamic-datasource close the datasource named [master] success,
[2026-04-21 21:09:08.814] INFO  21364 [           main]c.b.dynamic.datasource.DynamicRoutingDataSource.destroy（）@219 : dynamic-datasource all closed success,bye
[2026-04-21 21:09:48.452] INFO  15124 [kground-preinit]org.hibernate.validator.internal.util.Version.<clinit>（）@21 : HV000001: Hibernate Validator 8.0.1.Final
[2026-04-21 21:09:48.493] INFO  15124 [           main]com.tacomall.apima.ApiMaApplication.logStarting（）@50 : Starting ApiMaApplication using Java 17.0.18 with PID 15124 (E:\毕业设计\code\tacomall\server\api\ma\build\classes\java\main started by Administrator in E:\毕业设计\code\tacomall\server\api\ma)
[2026-04-21 21:09:48.495] INFO  15124 [           main]com.tacomall.apima.ApiMaApplication.logStartupProfileInfo（）@659 : The following 1 profile is active: "dev"
[2026-04-21 21:09:49.307] INFO  15124 [           main]o.s.d.r.config.RepositoryConfigurationDelegate.multipleStoresDetected（）@292 : Multiple Spring Data modules found, entering strict repository configuration mode
[2026-04-21 21:09:49.311] INFO  15124 [           main]o.s.d.r.config.RepositoryConfigurationDelegate.registerRepositoriesIn（）@139 : Bootstrapping Spring Data Redis repositories in DEFAULT mode.
[2026-04-21 21:09:49.345] INFO  15124 [           main]o.s.d.r.config.RepositoryConfigurationDelegate.registerRepositoriesIn（）@208 : Finished Spring Data repository scanning in 9 ms. Found 0 Redis repository interfaces.
[2026-04-21 21:09:50.523] INFO  15124 [           main]o.s.boot.web.embedded.tomcat.TomcatWebServer.initialize（）@108 : Tomcat initialized with port 4002 (http)
[2026-04-21 21:09:50.531] INFO  15124 [           main]org.apache.coyote.http11.Http11NioProtocol.log（）@173 : Initializing ProtocolHandler ["http-nio-4002"]
[2026-04-21 21:09:50.533] INFO  15124 [           main]org.apache.catalina.core.StandardService.log（）@173 : Starting service [Tomcat]
[2026-04-21 21:09:50.533] INFO  15124 [           main]org.apache.catalina.core.StandardEngine.log（）@173 : Starting Servlet engine: [Apache Tomcat/10.1.16]
[2026-04-21 21:09:50.676] INFO  15124 [           main]o.a.c.core.ContainerBase.[Tomcat].[localhost].[/].log（）@173 : Initializing Spring embedded WebApplicationContext
[2026-04-21 21:09:50.676] INFO  15124 [           main]o.s.b.w.s.c.ServletWebServerApplicationContext.prepareWebApplicationContext（）@296 : Root WebApplicationContext: initialization completed in 2122 ms
[2026-04-21 21:09:50.813] INFO  15124 [           main]com.zaxxer.hikari.HikariDataSource.<init>（）@80 : master - Starting...
[2026-04-21 21:09:51.020] INFO  15124 [           main]com.zaxxer.hikari.pool.HikariPool.checkFailFast（）@565 : master - Added connection com.mysql.cj.jdbc.ConnectionImpl@3dfe59d7
[2026-04-21 21:09:51.022] INFO  15124 [           main]com.zaxxer.hikari.HikariDataSource.<init>（）@82 : master - Start completed.
[2026-04-21 21:09:51.022] INFO  15124 [           main]c.b.dynamic.datasource.DynamicRoutingDataSource.addDataSource（）@158 : dynamic-datasource - add a datasource named [master] success
[2026-04-21 21:09:51.022] INFO  15124 [           main]c.b.dynamic.datasource.DynamicRoutingDataSource.afterPropertiesSet（）@241 : dynamic-datasource initial loaded [1] datasource,primary datasource named [master]
[2026-04-21 21:09:51.925] INFO  15124 [           main]com.tacomall.common.config.RedisConfig.logRedisConnectionMode（）@55 : Redis connection settings prepared. address=127.0.0.1:10010, authMode=password-only
[2026-04-21 21:09:52.198] INFO  15124 [           main]com.tacomall.common.config.WxMaConfiguration.init（）@98 : ? 微信小程序服務初始化成功！共加載 1 個配置。
[2026-04-21 21:09:52.508] INFO  15124 [           main]com.tacomall.common.config.RedisConfig.redisPoolFactory（）@73 : Redis is configured with password-only authentication.
[2026-04-21 21:09:52.508] INFO  15124 [           main]com.tacomall.common.config.RedisConfig.redisPoolFactory（）@80 : JedisPool injected successfully
[2026-04-21 21:09:52.508] INFO  15124 [           main]com.tacomall.common.config.RedisConfig.redisPoolFactory（）@81 : redis address: 127.0.0.1:10010
[2026-04-21 21:09:52.847] INFO  15124 [           main]com.tacomall.common.config.WxPayConfiguration.wxService（）@32 : ?? 檢測到微信支付配置初始化，正在使用開發者硬編碼模式...
[2026-04-21 21:09:52.987] INFO  15124 [           main]com.tacomall.common.config.WxPayConfiguration.wxService（）@57 : ? 微信支付服務 (WxPayService) 初始化成功！(硬編碼模式)
[2026-04-21 21:09:53.672] INFO  15124 [           main]org.apache.coyote.http11.Http11NioProtocol.log（）@173 : Starting ProtocolHandler ["http-nio-4002"]
[2026-04-21 21:09:53.703] INFO  15124 [           main]o.s.boot.web.embedded.tomcat.TomcatWebServer.start（）@221 : Tomcat started on port 4002 (http) with context path ''
[2026-04-21 21:09:53.727] INFO  15124 [           main]com.tacomall.apima.ApiMaApplication.logStarted（）@56 : Started ApiMaApplication in 5.747 seconds (process running for 6.275)
[2026-04-21 21:16:04.746] INFO  15124 [nio-4002-exec-1]o.a.c.core.ContainerBase.[Tomcat].[localhost].[/].log（）@173 : Initializing Spring DispatcherServlet 'dispatcherServlet'
[2026-04-21 21:16:04.746] INFO  15124 [nio-4002-exec-1]org.springframework.web.servlet.DispatcherServlet.initServletBean（）@532 : Initializing Servlet 'dispatcherServlet'
[2026-04-21 21:16:04.747] INFO  15124 [nio-4002-exec-1]org.springframework.web.servlet.DispatcherServlet.initServletBean（）@554 : Completed initialization in 1 ms
