[2026-03-18 18:00:00.182] INFO  28128 [           main]o.a.c.core.ContainerBase.[Tomcat].[localhost].[/].log（）@173 : Initializing Spring embedded WebApplicationContext
[2026-03-18 18:00:00.189] INFO  28128 [           main]o.s.b.w.s.c.ServletWebServerApplicationContext.prepareWebApplicationContext（）@296 : Root WebApplicationContext: initialization completed in 3043 ms
[2026-03-18 18:00:01.647] INFO  28128 [           main]com.tacomall.common.config.WxMaConfiguration.init（）@98 : ? 微信小程序服務初始化成功！共加載 1 個配置。
[2026-03-18 18:00:02.043] INFO  28128 [           main]com.tacomall.common.config.RedisConfig.redisPoolFactory（）@44 : JedisPool injected successfully
[2026-03-18 18:00:02.044] INFO  28128 [           main]com.tacomall.common.config.RedisConfig.redisPoolFactory（）@45 : redis address：127.0.0.1:10010
[2026-03-18 18:00:02.175] INFO  28128 [           main]com.tacomall.common.config.WxPayConfiguration.wxService（）@32 : ?? 檢測到微信支付配置初始化，正在使用開發者硬編碼模式...
[2026-03-18 18:00:02.326] INFO  28128 [           main]com.tacomall.common.config.WxPayConfiguration.wxService（）@57 : ? 微信支付服務 (WxPayService) 初始化成功！(硬編碼模式)
[2026-03-18 18:00:03.484] INFO  28128 [           main]org.apache.coyote.http11.Http11NioProtocol.log（）@173 : Starting ProtocolHandler ["http-nio-4002"]
[2026-03-18 18:00:03.535] INFO  28128 [           main]o.s.boot.web.embedded.tomcat.TomcatWebServer.start（）@221 : Tomcat started on port 4002 (http) with context path ''
[2026-03-18 18:00:03.564] INFO  28128 [           main]com.tacomall.apima.ApiMaApplication.logStarted（）@56 : Started ApiMaApplication in 7.328 seconds (process running for 7.981)
[2026-03-18 18:10:13.510] INFO  24752 [kground-preinit]org.hibernate.validator.internal.util.Version.<clinit>（）@21 : HV000001: Hibernate Validator 8.0.1.Final
[2026-03-18 18:10:13.567] INFO  24752 [           main]com.tacomall.apima.ApiMaApplication.logStarting（）@50 : Starting ApiMaApplication using Java 17.0.18 with PID 24752 (E:\毕业设计\code\tacomall\server\api\ma\build\classes\java\main started by Administrator in E:\毕业设计\code\tacomall\server\api\ma)
[2026-03-18 18:10:13.569] INFO  24752 [           main]com.tacomall.apima.ApiMaApplication.logStartupProfileInfo（）@659 : The following 1 profile is active: "dev"
[2026-03-18 18:10:14.735] INFO  24752 [           main]o.s.d.r.config.RepositoryConfigurationDelegate.multipleStoresDetected（）@292 : Multiple Spring Data modules found, entering strict repository configuration mode
[2026-03-18 18:10:14.738] INFO  24752 [           main]o.s.d.r.config.RepositoryConfigurationDelegate.registerRepositoriesIn（）@139 : Bootstrapping Spring Data Redis repositories in DEFAULT mode.
[2026-03-18 18:10:14.790] INFO  24752 [           main]o.s.d.r.config.RepositoryConfigurationDelegate.registerRepositoriesIn（）@208 : Finished Spring Data repository scanning in 10 ms. Found 0 Redis repository interfaces.
[2026-03-18 18:10:16.083] INFO  24752 [           main]o.s.boot.web.embedded.tomcat.TomcatWebServer.initialize（）@108 : Tomcat initialized with port 4002 (http)
[2026-03-18 18:10:16.093] INFO  24752 [           main]org.apache.coyote.http11.Http11NioProtocol.log（）@173 : Initializing ProtocolHandler ["http-nio-4002"]
[2026-03-18 18:10:16.096] INFO  24752 [           main]org.apache.catalina.core.StandardService.log（）@173 : Starting service [Tomcat]
[2026-03-18 18:10:16.096] INFO  24752 [           main]org.apache.catalina.core.StandardEngine.log（）@173 : Starting Servlet engine: [Apache Tomcat/10.1.16]
[2026-03-18 18:10:16.250] INFO  24752 [           main]o.a.c.core.ContainerBase.[Tomcat].[localhost].[/].log（）@173 : Initializing Spring embedded WebApplicationContext
[2026-03-18 18:10:16.250] INFO  24752 [           main]o.s.b.w.s.c.ServletWebServerApplicationContext.prepareWebApplicationContext（）@296 : Root WebApplicationContext: initialization completed in 2617 ms
[2026-03-18 18:10:17.692] INFO  24752 [           main]com.tacomall.common.config.WxMaConfiguration.init（）@98 : ? 微信小程序服務初始化成功！共加載 1 個配置。
[2026-03-18 18:10:18.004] INFO  24752 [           main]com.tacomall.common.config.RedisConfig.redisPoolFactory（）@44 : JedisPool injected successfully
[2026-03-18 18:10:18.005] INFO  24752 [           main]com.tacomall.common.config.RedisConfig.redisPoolFactory（）@45 : redis address：127.0.0.1:10010
[2026-03-18 18:10:18.130] INFO  24752 [           main]com.tacomall.common.config.WxPayConfiguration.wxService（）@32 : ?? 檢測到微信支付配置初始化，正在使用開發者硬編碼模式...
[2026-03-18 18:10:18.250] INFO  24752 [           main]com.tacomall.common.config.WxPayConfiguration.wxService（）@57 : ? 微信支付服務 (WxPayService) 初始化成功！(硬編碼模式)
[2026-03-18 18:10:19.428] INFO  24752 [           main]org.apache.coyote.http11.Http11NioProtocol.log（）@173 : Starting ProtocolHandler ["http-nio-4002"]
[2026-03-18 18:10:19.467] INFO  24752 [           main]o.s.boot.web.embedded.tomcat.TomcatWebServer.start（）@221 : Tomcat started on port 4002 (http) with context path ''
[2026-03-18 18:10:19.499] INFO  24752 [           main]com.tacomall.apima.ApiMaApplication.logStarted（）@56 : Started ApiMaApplication in 6.634 seconds (process running for 7.305)
