[2026-03-18 21:20:00.400] INFO  27268 [kground-preinit]org.hibernate.validator.internal.util.Version.<clinit>（）@21 : HV000001: Hibernate Validator 8.0.1.Final
[2026-03-18 21:20:00.482] INFO  27268 [           main]com.tacomall.apima.ApiMaApplication.logStarting（）@50 : Starting ApiMaApplication using Java 17.0.18 with PID 27268 (E:\毕业设计\code\tacomall\server\api\ma\build\classes\java\main started by Administrator in E:\毕业设计\code\tacomall\server\api\ma)
[2026-03-18 21:20:00.485] INFO  27268 [           main]com.tacomall.apima.ApiMaApplication.logStartupProfileInfo（）@659 : The following 1 profile is active: "dev"
[2026-03-18 21:20:01.789] INFO  27268 [           main]o.s.d.r.config.RepositoryConfigurationDelegate.multipleStoresDetected（）@292 : Multiple Spring Data modules found, entering strict repository configuration mode
[2026-03-18 21:20:01.796] INFO  27268 [           main]o.s.d.r.config.RepositoryConfigurationDelegate.registerRepositoriesIn（）@139 : Bootstrapping Spring Data Redis repositories in DEFAULT mode.
[2026-03-18 21:20:01.849] INFO  27268 [           main]o.s.d.r.config.RepositoryConfigurationDelegate.registerRepositoriesIn（）@208 : Finished Spring Data repository scanning in 10 ms. Found 0 Redis repository interfaces.
[2026-03-18 21:20:03.404] INFO  27268 [           main]o.s.boot.web.embedded.tomcat.TomcatWebServer.initialize（）@108 : Tomcat initialized with port 4002 (http)
[2026-03-18 21:20:03.417] INFO  27268 [           main]org.apache.coyote.http11.Http11NioProtocol.log（）@173 : Initializing ProtocolHandler ["http-nio-4002"]
[2026-03-18 21:20:03.421] INFO  27268 [           main]org.apache.catalina.core.StandardService.log（）@173 : Starting service [Tomcat]
[2026-03-18 21:20:03.422] INFO  27268 [           main]org.apache.catalina.core.StandardEngine.log（）@173 : Starting Servlet engine: [Apache Tomcat/10.1.16]
[2026-03-18 21:20:03.583] INFO  27268 [           main]o.a.c.core.ContainerBase.[Tomcat].[localhost].[/].log（）@173 : Initializing Spring embedded WebApplicationContext
[2026-03-18 21:20:03.585] INFO  27268 [           main]o.s.b.w.s.c.ServletWebServerApplicationContext.prepareWebApplicationContext（）@296 : Root WebApplicationContext: initialization completed in 3019 ms
[2026-03-18 21:20:04.712] INFO  27268 [           main]com.tacomall.common.config.RedisConfig.logRedisConnectionMode（）@55 : Redis connection settings prepared. address=127.0.0.1:10010, authMode=password-only
[2026-03-18 21:20:05.091] INFO  27268 [           main]com.tacomall.common.config.WxMaConfiguration.init（）@98 : ? 微信小程序服務初始化成功！共加載 1 個配置。
[2026-03-18 21:20:05.415] INFO  27268 [           main]com.tacomall.common.config.RedisConfig.redisPoolFactory（）@73 : Redis is configured with password-only authentication.
[2026-03-18 21:20:05.416] INFO  27268 [           main]com.tacomall.common.config.RedisConfig.redisPoolFactory（）@80 : JedisPool injected successfully
[2026-03-18 21:20:05.416] INFO  27268 [           main]com.tacomall.common.config.RedisConfig.redisPoolFactory（）@81 : redis address: 127.0.0.1:10010
[2026-03-18 21:20:05.534] INFO  27268 [           main]com.tacomall.common.config.WxPayConfiguration.wxService（）@32 : ?? 檢測到微信支付配置初始化，正在使用開發者硬編碼模式...
[2026-03-18 21:20:05.667] INFO  27268 [           main]com.tacomall.common.config.WxPayConfiguration.wxService（）@57 : ? 微信支付服務 (WxPayService) 初始化成功！(硬編碼模式)
[2026-03-18 21:20:07.107] INFO  27268 [           main]org.apache.coyote.http11.Http11NioProtocol.log（）@173 : Starting ProtocolHandler ["http-nio-4002"]
[2026-03-18 21:20:07.189] INFO  27268 [           main]o.s.boot.web.embedded.tomcat.TomcatWebServer.start（）@221 : Tomcat started on port 4002 (http) with context path ''
[2026-03-18 21:20:07.247] INFO  27268 [           main]com.tacomall.apima.ApiMaApplication.logStarted（）@56 : Started ApiMaApplication in 7.574 seconds (process running for 8.237)
[2026-03-18 21:33:24.297] INFO  27268 [nio-4002-exec-2]o.a.c.core.ContainerBase.[Tomcat].[localhost].[/].log（）@173 : Initializing Spring DispatcherServlet 'dispatcherServlet'
[2026-03-18 21:33:24.298] INFO  27268 [nio-4002-exec-2]org.springframework.web.servlet.DispatcherServlet.initServletBean（）@532 : Initializing Servlet 'dispatcherServlet'
[2026-03-18 21:33:24.301] INFO  27268 [nio-4002-exec-2]org.springframework.web.servlet.DispatcherServlet.initServletBean（）@554 : Completed initialization in 3 ms
[2026-03-18 21:53:18.160] INFO  15480 [kground-preinit]org.hibernate.validator.internal.util.Version.<clinit>（）@21 : HV000001: Hibernate Validator 8.0.1.Final
[2026-03-18 21:53:18.219] INFO  15480 [           main]com.tacomall.apima.ApiMaApplication.logStarting（）@50 : Starting ApiMaApplication using Java 17.0.18 with PID 15480 (E:\毕业设计\code\tacomall\server\api\ma\build\classes\java\main started by Administrator in E:\毕业设计\code\tacomall\server\api\ma)
[2026-03-18 21:53:18.221] INFO  15480 [           main]com.tacomall.apima.ApiMaApplication.logStartupProfileInfo（）@659 : The following 1 profile is active: "dev"
[2026-03-18 21:53:19.354] INFO  15480 [           main]o.s.d.r.config.RepositoryConfigurationDelegate.multipleStoresDetected（）@292 : Multiple Spring Data modules found, entering strict repository configuration mode
[2026-03-18 21:53:19.357] INFO  15480 [           main]o.s.d.r.config.RepositoryConfigurationDelegate.registerRepositoriesIn（）@139 : Bootstrapping Spring Data Redis repositories in DEFAULT mode.
[2026-03-18 21:53:19.398] INFO  15480 [           main]o.s.d.r.config.RepositoryConfigurationDelegate.registerRepositoriesIn（）@208 : Finished Spring Data repository scanning in 9 ms. Found 0 Redis repository interfaces.
[2026-03-18 21:53:20.712] INFO  15480 [           main]o.s.boot.web.embedded.tomcat.TomcatWebServer.initialize（）@108 : Tomcat initialized with port 4002 (http)
[2026-03-18 21:53:20.725] INFO  15480 [           main]org.apache.coyote.http11.Http11NioProtocol.log（）@173 : Initializing ProtocolHandler ["http-nio-4002"]
[2026-03-18 21:53:20.728] INFO  15480 [           main]org.apache.catalina.core.StandardService.log（）@173 : Starting service [Tomcat]
[2026-03-18 21:53:20.728] INFO  15480 [           main]org.apache.catalina.core.StandardEngine.log（）@173 : Starting Servlet engine: [Apache Tomcat/10.1.16]
[2026-03-18 21:53:20.917] INFO  15480 [           main]o.a.c.core.ContainerBase.[Tomcat].[localhost].[/].log（）@173 : Initializing Spring embedded WebApplicationContext
[2026-03-18 21:53:20.918] INFO  15480 [           main]o.s.b.w.s.c.ServletWebServerApplicationContext.prepareWebApplicationContext（）@296 : Root WebApplicationContext: initialization completed in 2626 ms
[2026-03-18 21:53:22.076] INFO  15480 [           main]com.tacomall.common.config.RedisConfig.logRedisConnectionMode（）@55 : Redis connection settings prepared. address=127.0.0.1:10010, authMode=password-only
[2026-03-18 21:53:22.424] INFO  15480 [           main]com.tacomall.common.config.WxMaConfiguration.init（）@98 : ? 微信小程序服務初始化成功！共加載 1 個配置。
[2026-03-18 21:53:22.750] INFO  15480 [           main]com.tacomall.common.config.RedisConfig.redisPoolFactory（）@73 : Redis is configured with password-only authentication.
[2026-03-18 21:53:22.750] INFO  15480 [           main]com.tacomall.common.config.RedisConfig.redisPoolFactory（）@80 : JedisPool injected successfully
[2026-03-18 21:53:22.750] INFO  15480 [           main]com.tacomall.common.config.RedisConfig.redisPoolFactory（）@81 : redis address: 127.0.0.1:10010
[2026-03-18 21:53:22.940] INFO  15480 [           main]com.tacomall.common.config.WxPayConfiguration.wxService（）@32 : ?? 檢測到微信支付配置初始化，正在使用開發者硬編碼模式...
[2026-03-18 21:53:23.131] INFO  15480 [           main]com.tacomall.common.config.WxPayConfiguration.wxService（）@57 : ? 微信支付服務 (WxPayService) 初始化成功！(硬編碼模式)
[2026-03-18 21:53:24.257] INFO  15480 [           main]org.apache.coyote.http11.Http11NioProtocol.log（）@173 : Starting ProtocolHandler ["http-nio-4002"]
[2026-03-18 21:53:24.295] INFO  15480 [           main]o.s.boot.web.embedded.tomcat.TomcatWebServer.start（）@221 : Tomcat started on port 4002 (http) with context path ''
[2026-03-18 21:53:24.339] INFO  15480 [           main]com.tacomall.apima.ApiMaApplication.logStarted（）@56 : Started ApiMaApplication in 6.907 seconds (process running for 7.526)
[2026-03-18 21:54:28.480] INFO  15480 [nio-4002-exec-1]o.a.c.core.ContainerBase.[Tomcat].[localhost].[/].log（）@173 : Initializing Spring DispatcherServlet 'dispatcherServlet'
[2026-03-18 21:54:28.482] INFO  15480 [nio-4002-exec-1]org.springframework.web.servlet.DispatcherServlet.initServletBean（）@532 : Initializing Servlet 'dispatcherServlet'
[2026-03-18 21:54:28.486] INFO  15480 [nio-4002-exec-1]org.springframework.web.servlet.DispatcherServlet.initServletBean（）@554 : Completed initialization in 4 ms
