[2026-04-22 21:39:29.923] INFO  9836 [           main]com.tacomall.apiadmin.ApiAdminApplication.logStarting（）@50 : Starting ApiAdminApplication using Java 17.0.18 with PID 9836 (E:\毕业设计\code\tacomall\server\api\admin\build\classes\java\main started by Administrator in E:\毕业设计\code\tacomall\server\api\admin)
[2026-04-22 21:39:29.928] INFO  9836 [           main]com.tacomall.apiadmin.ApiAdminApplication.logStartupProfileInfo（）@659 : The following 1 profile is active: "dev"
[2026-04-22 21:39:38.224] INFO  9836 [           main]o.s.d.r.config.RepositoryConfigurationDelegate.multipleStoresDetected（）@292 : Multiple Spring Data modules found, entering strict repository configuration mode
[2026-04-22 21:39:38.232] INFO  9836 [           main]o.s.d.r.config.RepositoryConfigurationDelegate.registerRepositoriesIn（）@139 : Bootstrapping Spring Data Redis repositories in DEFAULT mode.
[2026-04-22 21:39:38.261] INFO  9836 [           main]o.s.d.r.config.RepositoryConfigurationDelegate.registerRepositoriesIn（）@208 : Finished Spring Data repository scanning in 8 ms. Found 0 Redis repository interfaces.
[2026-04-22 21:39:38.883] INFO  9836 [           main]com.zaxxer.hikari.HikariDataSource.<init>（）@80 : master - Starting...
[2026-04-22 21:39:39.093] INFO  9836 [           main]com.zaxxer.hikari.pool.HikariPool.checkFailFast（）@565 : master - Added connection com.mysql.cj.jdbc.ConnectionImpl@691567ea
[2026-04-22 21:39:39.095] INFO  9836 [           main]com.zaxxer.hikari.HikariDataSource.<init>（）@82 : master - Start completed.
[2026-04-22 21:39:39.096] INFO  9836 [           main]c.b.dynamic.datasource.DynamicRoutingDataSource.addDataSource（）@158 : dynamic-datasource - add a datasource named [master] success
[2026-04-22 21:39:39.096] INFO  9836 [           main]c.b.dynamic.datasource.DynamicRoutingDataSource.afterPropertiesSet（）@241 : dynamic-datasource initial loaded [1] datasource,primary datasource named [master]
[2026-04-22 21:39:40.936] INFO  9836 [           main]o.s.boot.web.embedded.tomcat.TomcatWebServer.initialize（）@108 : Tomcat initialized with port 4001 (http)
[2026-04-22 21:39:40.946] INFO  9836 [           main]org.apache.coyote.http11.Http11NioProtocol.log（）@173 : Initializing ProtocolHandler ["http-nio-4001"]
[2026-04-22 21:39:40.948] INFO  9836 [           main]org.apache.catalina.core.StandardService.log（）@173 : Starting service [Tomcat]
[2026-04-22 21:39:40.948] INFO  9836 [           main]org.apache.catalina.core.StandardEngine.log（）@173 : Starting Servlet engine: [Apache Tomcat/10.1.16]
[2026-04-22 21:39:41.090] INFO  9836 [           main]o.a.c.core.ContainerBase.[Tomcat].[localhost].[/].log（）@173 : Initializing Spring embedded WebApplicationContext
[2026-04-22 21:39:41.090] INFO  9836 [           main]o.s.b.w.s.c.ServletWebServerApplicationContext.prepareWebApplicationContext（）@296 : Root WebApplicationContext: initialization completed in 11069 ms
[2026-04-22 21:39:43.027] INFO  9836 [           main]org.apache.coyote.http11.Http11NioProtocol.log（）@173 : Starting ProtocolHandler ["http-nio-4001"]
[2026-04-22 21:39:43.427] INFO  9836 [           main]o.s.boot.web.embedded.tomcat.TomcatWebServer.start（）@221 : Tomcat started on port 4001 (http) with context path ''
[2026-04-22 21:39:43.465] INFO  9836 [           main]com.tacomall.apiadmin.ApiAdminApplication.logStarted（）@56 : Started ApiAdminApplication in 14.517 seconds (process running for 15.727)
[2026-04-22 21:45:40.773] INFO  9836 [nio-4001-exec-1]o.a.c.core.ContainerBase.[Tomcat].[localhost].[/].log（）@173 : Initializing Spring DispatcherServlet 'dispatcherServlet'
[2026-04-22 21:45:40.773] INFO  9836 [nio-4001-exec-1]org.springframework.web.servlet.DispatcherServlet.initServletBean（）@532 : Initializing Servlet 'dispatcherServlet'
[2026-04-22 21:45:40.775] INFO  9836 [nio-4001-exec-1]org.springframework.web.servlet.DispatcherServlet.initServletBean（）@554 : Completed initialization in 2 ms
[2026-04-22 21:45:40.792] INFO  9836 [nio-4001-exec-1]o.a.s.session.mgt.AbstractValidatingSessionManager.enableSessionValidation（）@233 : Enabling session validation scheduler...
[2026-04-22 21:59:36.432] INFO  3680 [           main]com.tacomall.apiadmin.ApiAdminApplication.logStarting（）@50 : Starting ApiAdminApplication using Java 17.0.18 with PID 3680 (E:\毕业设计\code\tacomall\server\api\admin\build\classes\java\main started by Administrator in E:\毕业设计\code\tacomall\server\api\admin)
[2026-04-22 21:59:36.437] INFO  3680 [           main]com.tacomall.apiadmin.ApiAdminApplication.logStartupProfileInfo（）@659 : The following 1 profile is active: "dev"
[2026-04-22 21:59:44.787] INFO  3680 [           main]o.s.d.r.config.RepositoryConfigurationDelegate.multipleStoresDetected（）@292 : Multiple Spring Data modules found, entering strict repository configuration mode
[2026-04-22 21:59:44.791] INFO  3680 [           main]o.s.d.r.config.RepositoryConfigurationDelegate.registerRepositoriesIn（）@139 : Bootstrapping Spring Data Redis repositories in DEFAULT mode.
[2026-04-22 21:59:44.827] INFO  3680 [           main]o.s.d.r.config.RepositoryConfigurationDelegate.registerRepositoriesIn（）@208 : Finished Spring Data repository scanning in 12 ms. Found 0 Redis repository interfaces.
[2026-04-22 21:59:45.647] INFO  3680 [           main]com.zaxxer.hikari.HikariDataSource.<init>（）@80 : master - Starting...
[2026-04-22 21:59:45.865] INFO  3680 [           main]com.zaxxer.hikari.pool.HikariPool.checkFailFast（）@565 : master - Added connection com.mysql.cj.jdbc.ConnectionImpl@691567ea
[2026-04-22 21:59:45.869] INFO  3680 [           main]com.zaxxer.hikari.HikariDataSource.<init>（）@82 : master - Start completed.
[2026-04-22 21:59:45.869] INFO  3680 [           main]c.b.dynamic.datasource.DynamicRoutingDataSource.addDataSource（）@158 : dynamic-datasource - add a datasource named [master] success
[2026-04-22 21:59:45.869] INFO  3680 [           main]c.b.dynamic.datasource.DynamicRoutingDataSource.afterPropertiesSet（）@241 : dynamic-datasource initial loaded [1] datasource,primary datasource named [master]
[2026-04-22 21:59:47.967] INFO  3680 [           main]o.s.boot.web.embedded.tomcat.TomcatWebServer.initialize（）@108 : Tomcat initialized with port 4001 (http)
[2026-04-22 21:59:47.980] INFO  3680 [           main]org.apache.coyote.http11.Http11NioProtocol.log（）@173 : Initializing ProtocolHandler ["http-nio-4001"]
[2026-04-22 21:59:47.985] INFO  3680 [           main]org.apache.catalina.core.StandardService.log（）@173 : Starting service [Tomcat]
[2026-04-22 21:59:47.985] INFO  3680 [           main]org.apache.catalina.core.StandardEngine.log（）@173 : Starting Servlet engine: [Apache Tomcat/10.1.16]
[2026-04-22 21:59:48.184] INFO  3680 [           main]o.a.c.core.ContainerBase.[Tomcat].[localhost].[/].log（）@173 : Initializing Spring embedded WebApplicationContext
[2026-04-22 21:59:48.185] INFO  3680 [           main]o.s.b.w.s.c.ServletWebServerApplicationContext.prepareWebApplicationContext（）@296 : Root WebApplicationContext: initialization completed in 11677 ms
[2026-04-22 21:59:51.993] INFO  3680 [           main]org.apache.coyote.http11.Http11NioProtocol.log（）@173 : Starting ProtocolHandler ["http-nio-4001"]
[2026-04-22 21:59:52.672] INFO  3680 [           main]o.s.boot.web.embedded.tomcat.TomcatWebServer.start（）@221 : Tomcat started on port 4001 (http) with context path ''
[2026-04-22 21:59:52.745] INFO  3680 [           main]com.tacomall.apiadmin.ApiAdminApplication.logStarted（）@56 : Started ApiAdminApplication in 17.076 seconds (process running for 18.563)
