[2026-04-24 09:25:24.504] INFO  23224 [           main]com.tacomall.apiadmin.ApiAdminApplication.logStarting（）@50 : Starting ApiAdminApplication using Java 17.0.18 with PID 23224 (E:\毕业设计\code\tacomall\server\api\admin\build\classes\java\main started by Administrator in E:\毕业设计\code\tacomall\server\api\admin)
[2026-04-24 09:25:24.510] INFO  23224 [           main]com.tacomall.apiadmin.ApiAdminApplication.logStartupProfileInfo（）@659 : The following 1 profile is active: "dev"
[2026-04-24 09:25:25.719] INFO  23224 [           main]o.s.d.r.config.RepositoryConfigurationDelegate.multipleStoresDetected（）@292 : Multiple Spring Data modules found, entering strict repository configuration mode
[2026-04-24 09:25:25.727] INFO  23224 [           main]o.s.d.r.config.RepositoryConfigurationDelegate.registerRepositoriesIn（）@139 : Bootstrapping Spring Data Redis repositories in DEFAULT mode.
[2026-04-24 09:25:25.781] INFO  23224 [           main]o.s.d.r.config.RepositoryConfigurationDelegate.registerRepositoriesIn（）@208 : Finished Spring Data repository scanning in 11 ms. Found 0 Redis repository interfaces.
[2026-04-24 09:25:26.798] INFO  23224 [           main]com.zaxxer.hikari.HikariDataSource.<init>（）@80 : master - Starting...
[2026-04-24 09:25:27.078] INFO  23224 [           main]com.zaxxer.hikari.pool.HikariPool.checkFailFast（）@565 : master - Added connection com.mysql.cj.jdbc.ConnectionImpl@14de1901
[2026-04-24 09:25:27.083] INFO  23224 [           main]com.zaxxer.hikari.HikariDataSource.<init>（）@82 : master - Start completed.
[2026-04-24 09:25:27.084] INFO  23224 [           main]c.b.dynamic.datasource.DynamicRoutingDataSource.addDataSource（）@158 : dynamic-datasource - add a datasource named [master] success
[2026-04-24 09:25:27.084] INFO  23224 [           main]c.b.dynamic.datasource.DynamicRoutingDataSource.afterPropertiesSet（）@241 : dynamic-datasource initial loaded [1] datasource,primary datasource named [master]
[2026-04-24 09:25:28.844] INFO  23224 [           main]o.s.boot.web.embedded.tomcat.TomcatWebServer.initialize（）@108 : Tomcat initialized with port 4001 (http)
[2026-04-24 09:25:28.859] INFO  23224 [           main]org.apache.coyote.http11.Http11NioProtocol.log（）@173 : Initializing ProtocolHandler ["http-nio-4001"]
[2026-04-24 09:25:28.862] INFO  23224 [           main]org.apache.catalina.core.StandardService.log（）@173 : Starting service [Tomcat]
[2026-04-24 09:25:28.864] INFO  23224 [           main]org.apache.catalina.core.StandardEngine.log（）@173 : Starting Servlet engine: [Apache Tomcat/10.1.16]
[2026-04-24 09:25:29.011] INFO  23224 [           main]o.a.c.core.ContainerBase.[Tomcat].[localhost].[/].log（）@173 : Initializing Spring embedded WebApplicationContext
[2026-04-24 09:25:29.011] INFO  23224 [           main]o.s.b.w.s.c.ServletWebServerApplicationContext.prepareWebApplicationContext（）@296 : Root WebApplicationContext: initialization completed in 4402 ms
[2026-04-24 09:25:30.972] INFO  23224 [           main]org.apache.coyote.http11.Http11NioProtocol.log（）@173 : Starting ProtocolHandler ["http-nio-4001"]
[2026-04-24 09:25:31.023] INFO  23224 [           main]o.s.boot.web.embedded.tomcat.TomcatWebServer.start（）@221 : Tomcat started on port 4001 (http) with context path ''
[2026-04-24 09:25:31.084] INFO  23224 [           main]com.tacomall.apiadmin.ApiAdminApplication.logStarted（）@56 : Started ApiAdminApplication in 7.392 seconds (process running for 8.118)
[2026-04-24 09:34:58.156] INFO  23224 [nio-4001-exec-1]o.a.c.core.ContainerBase.[Tomcat].[localhost].[/].log（）@173 : Initializing Spring DispatcherServlet 'dispatcherServlet'
[2026-04-24 09:34:58.156] INFO  23224 [nio-4001-exec-1]org.springframework.web.servlet.DispatcherServlet.initServletBean（）@532 : Initializing Servlet 'dispatcherServlet'
[2026-04-24 09:34:58.160] INFO  23224 [nio-4001-exec-1]org.springframework.web.servlet.DispatcherServlet.initServletBean（）@554 : Completed initialization in 4 ms
[2026-04-24 09:34:58.183] INFO  23224 [nio-4001-exec-1]o.a.s.session.mgt.AbstractValidatingSessionManager.enableSessionValidation（）@233 : Enabling session validation scheduler...
[2026-04-24 09:35:21.429] INFO  23224 [nio-4001-exec-8]com.tacomall.common.aspect.OrgStaffLoginLogAspect.saveSysLog（）@53 : com.tacomall.apiadmin.controller.OrgAuthController.staffLogin()
[2026-04-24 09:35:21.465] INFO  23224 [nio-4001-exec-8]com.tacomall.common.aspect.OrgStaffLoginLogAspect.saveSysLog（）@57 : [ "16607574271", "123456" ]
