[2026-04-11 16:03:34.647] INFO  6268 [nio-4001-exec-2]o.a.c.core.ContainerBase.[Tomcat].[localhost].[/].log（）@173 : Initializing Spring DispatcherServlet 'dispatcherServlet'
[2026-04-11 16:03:34.647] INFO  6268 [nio-4001-exec-2]org.springframework.web.servlet.DispatcherServlet.initServletBean（）@532 : Initializing Servlet 'dispatcherServlet'
[2026-04-11 16:03:34.652] INFO  6268 [nio-4001-exec-2]org.springframework.web.servlet.DispatcherServlet.initServletBean（）@554 : Completed initialization in 5 ms
[2026-04-11 16:03:34.668] INFO  6268 [nio-4001-exec-2]o.a.s.session.mgt.AbstractValidatingSessionManager.enableSessionValidation（）@233 : Enabling session validation scheduler...
[2026-04-11 16:12:38.293] INFO  9976 [           main]com.tacomall.apiadmin.ApiAdminApplication.logStarting（）@50 : Starting ApiAdminApplication using Java 17.0.18 with PID 9976 (E:\毕业设计\code\tacomall\server\api\admin\build\classes\java\main started by Administrator in E:\毕业设计\code\tacomall\server\api\admin)
[2026-04-11 16:12:38.295] INFO  9976 [           main]com.tacomall.apiadmin.ApiAdminApplication.logStartupProfileInfo（）@659 : The following 1 profile is active: "dev"
[2026-04-11 16:12:39.055] INFO  9976 [           main]o.s.d.r.config.RepositoryConfigurationDelegate.multipleStoresDetected（）@292 : Multiple Spring Data modules found, entering strict repository configuration mode
[2026-04-11 16:12:39.055] INFO  9976 [           main]o.s.d.r.config.RepositoryConfigurationDelegate.registerRepositoriesIn（）@139 : Bootstrapping Spring Data Redis repositories in DEFAULT mode.
[2026-04-11 16:12:39.087] INFO  9976 [           main]o.s.d.r.config.RepositoryConfigurationDelegate.registerRepositoriesIn（）@208 : Finished Spring Data repository scanning in 7 ms. Found 0 Redis repository interfaces.
[2026-04-11 16:12:39.705] INFO  9976 [           main]com.zaxxer.hikari.HikariDataSource.<init>（）@80 : master - Starting...
[2026-04-11 16:12:40.000] INFO  9976 [           main]com.zaxxer.hikari.pool.HikariPool.checkFailFast（）@565 : master - Added connection com.mysql.cj.jdbc.ConnectionImpl@212fafd1
[2026-04-11 16:12:40.002] INFO  9976 [           main]com.zaxxer.hikari.HikariDataSource.<init>（）@82 : master - Start completed.
[2026-04-11 16:12:40.002] INFO  9976 [           main]c.b.dynamic.datasource.DynamicRoutingDataSource.addDataSource（）@158 : dynamic-datasource - add a datasource named [master] success
[2026-04-11 16:12:40.002] INFO  9976 [           main]c.b.dynamic.datasource.DynamicRoutingDataSource.afterPropertiesSet（）@241 : dynamic-datasource initial loaded [1] datasource,primary datasource named [master]
[2026-04-11 16:12:41.074] INFO  9976 [           main]o.s.boot.web.embedded.tomcat.TomcatWebServer.initialize（）@108 : Tomcat initialized with port 4001 (http)
[2026-04-11 16:12:41.081] INFO  9976 [           main]org.apache.coyote.http11.Http11NioProtocol.log（）@173 : Initializing ProtocolHandler ["http-nio-4001"]
[2026-04-11 16:12:41.086] INFO  9976 [           main]org.apache.catalina.core.StandardService.log（）@173 : Starting service [Tomcat]
[2026-04-11 16:12:41.086] INFO  9976 [           main]org.apache.catalina.core.StandardEngine.log（）@173 : Starting Servlet engine: [Apache Tomcat/10.1.16]
[2026-04-11 16:12:41.179] INFO  9976 [           main]o.a.c.core.ContainerBase.[Tomcat].[localhost].[/].log（）@173 : Initializing Spring embedded WebApplicationContext
[2026-04-11 16:12:41.179] INFO  9976 [           main]o.s.b.w.s.c.ServletWebServerApplicationContext.prepareWebApplicationContext（）@296 : Root WebApplicationContext: initialization completed in 2826 ms
[2026-04-11 16:12:42.648] INFO  9976 [           main]org.apache.coyote.http11.Http11NioProtocol.log（）@173 : Starting ProtocolHandler ["http-nio-4001"]
[2026-04-11 16:12:42.674] INFO  9976 [           main]c.b.dynamic.datasource.DynamicRoutingDataSource.destroy（）@215 : dynamic-datasource start closing ....
[2026-04-11 16:12:42.676] INFO  9976 [           main]com.zaxxer.hikari.HikariDataSource.close（）@350 : master - Shutdown initiated...
[2026-04-11 16:12:42.683] INFO  9976 [           main]com.zaxxer.hikari.HikariDataSource.close（）@352 : master - Shutdown completed.
[2026-04-11 16:12:42.683] INFO  9976 [           main]c.b.d.d.destroyer.DefaultDataSourceDestroyer.destroy（）@98 : dynamic-datasource close the datasource named [master] success,
[2026-04-11 16:12:42.683] INFO  9976 [           main]c.b.dynamic.datasource.DynamicRoutingDataSource.destroy（）@219 : dynamic-datasource all closed success,bye
[2026-04-11 16:17:22.346] INFO  9516 [           main]com.tacomall.apiadmin.ApiAdminApplication.logStarting（）@50 : Starting ApiAdminApplication using Java 17.0.18 with PID 9516 (E:\毕业设计\code\tacomall\server\api\admin\build\classes\java\main started by Administrator in E:\毕业设计\code\tacomall\server\api\admin)
[2026-04-11 16:17:22.349] INFO  9516 [           main]com.tacomall.apiadmin.ApiAdminApplication.logStartupProfileInfo（）@659 : The following 1 profile is active: "dev"
[2026-04-11 16:17:23.060] INFO  9516 [           main]o.s.d.r.config.RepositoryConfigurationDelegate.multipleStoresDetected（）@292 : Multiple Spring Data modules found, entering strict repository configuration mode
[2026-04-11 16:17:23.061] INFO  9516 [           main]o.s.d.r.config.RepositoryConfigurationDelegate.registerRepositoriesIn（）@139 : Bootstrapping Spring Data Redis repositories in DEFAULT mode.
[2026-04-11 16:17:23.092] INFO  9516 [           main]o.s.d.r.config.RepositoryConfigurationDelegate.registerRepositoriesIn（）@208 : Finished Spring Data repository scanning in 8 ms. Found 0 Redis repository interfaces.
[2026-04-11 16:17:23.669] INFO  9516 [           main]com.zaxxer.hikari.HikariDataSource.<init>（）@80 : master - Starting...
[2026-04-11 16:17:23.823] INFO  9516 [           main]com.zaxxer.hikari.pool.HikariPool.checkFailFast（）@565 : master - Added connection com.mysql.cj.jdbc.ConnectionImpl@2313db84
[2026-04-11 16:17:23.824] INFO  9516 [           main]com.zaxxer.hikari.HikariDataSource.<init>（）@82 : master - Start completed.
[2026-04-11 16:17:23.825] INFO  9516 [           main]c.b.dynamic.datasource.DynamicRoutingDataSource.addDataSource（）@158 : dynamic-datasource - add a datasource named [master] success
[2026-04-11 16:17:23.825] INFO  9516 [           main]c.b.dynamic.datasource.DynamicRoutingDataSource.afterPropertiesSet（）@241 : dynamic-datasource initial loaded [1] datasource,primary datasource named [master]
[2026-04-11 16:17:24.970] INFO  9516 [           main]o.s.boot.web.embedded.tomcat.TomcatWebServer.initialize（）@108 : Tomcat initialized with port 4001 (http)
[2026-04-11 16:17:24.979] INFO  9516 [           main]org.apache.coyote.http11.Http11NioProtocol.log（）@173 : Initializing ProtocolHandler ["http-nio-4001"]
[2026-04-11 16:17:24.979] INFO  9516 [           main]org.apache.catalina.core.StandardService.log（）@173 : Starting service [Tomcat]
[2026-04-11 16:17:24.979] INFO  9516 [           main]org.apache.catalina.core.StandardEngine.log（）@173 : Starting Servlet engine: [Apache Tomcat/10.1.16]
[2026-04-11 16:17:25.072] INFO  9516 [           main]o.a.c.core.ContainerBase.[Tomcat].[localhost].[/].log（）@173 : Initializing Spring embedded WebApplicationContext
[2026-04-11 16:17:25.072] INFO  9516 [           main]o.s.b.w.s.c.ServletWebServerApplicationContext.prepareWebApplicationContext（）@296 : Root WebApplicationContext: initialization completed in 2675 ms
[2026-04-11 16:17:26.501] INFO  9516 [           main]org.apache.coyote.http11.Http11NioProtocol.log（）@173 : Starting ProtocolHandler ["http-nio-4001"]
[2026-04-11 16:17:26.535] INFO  9516 [           main]o.s.boot.web.embedded.tomcat.TomcatWebServer.start（）@221 : Tomcat started on port 4001 (http) with context path ''
[2026-04-11 16:17:26.559] INFO  9516 [           main]com.tacomall.apiadmin.ApiAdminApplication.logStarted（）@56 : Started ApiAdminApplication in 4.74 seconds (process running for 5.244)
[2026-04-11 16:20:52.283] INFO  9516 [nio-4001-exec-1]o.a.c.core.ContainerBase.[Tomcat].[localhost].[/].log（）@173 : Initializing Spring DispatcherServlet 'dispatcherServlet'
[2026-04-11 16:20:52.283] INFO  9516 [nio-4001-exec-1]org.springframework.web.servlet.DispatcherServlet.initServletBean（）@532 : Initializing Servlet 'dispatcherServlet'
[2026-04-11 16:20:52.293] INFO  9516 [nio-4001-exec-1]org.springframework.web.servlet.DispatcherServlet.initServletBean（）@554 : Completed initialization in 10 ms
[2026-04-11 16:20:52.304] INFO  9516 [nio-4001-exec-1]o.a.s.session.mgt.AbstractValidatingSessionManager.enableSessionValidation（）@233 : Enabling session validation scheduler...
[2026-04-11 16:20:52.516] INFO  9516 [nio-4001-exec-1]com.tacomall.common.aspect.OrgStaffLoginLogAspect.saveSysLog（）@53 : com.tacomall.apiadmin.controller.OrgController.staffLogin()
[2026-04-11 16:20:52.524] INFO  9516 [nio-4001-exec-1]com.tacomall.common.aspect.OrgStaffLoginLogAspect.saveSysLog（）@57 : [ "16607574271", "123456" ]
[2026-04-11 16:32:43.637] INFO  9516 [nio-4001-exec-6]com.tacomall.common.aspect.OrgStaffLoginLogAspect.saveSysLog（）@53 : com.tacomall.apiadmin.controller.OrgController.staffLogin()
[2026-04-11 16:32:43.637] INFO  9516 [nio-4001-exec-6]com.tacomall.common.aspect.OrgStaffLoginLogAspect.saveSysLog（）@57 : [ "16607574271", "123456" ]
[2026-04-11 16:42:30.076] INFO  9516 [nio-4001-exec-3]com.tacomall.common.aspect.OrgStaffLoginLogAspect.saveSysLog（）@53 : com.tacomall.apiadmin.controller.OrgController.staffLogin()
[2026-04-11 16:42:30.076] INFO  9516 [nio-4001-exec-3]com.tacomall.common.aspect.OrgStaffLoginLogAspect.saveSysLog（）@57 : [ "16607574271", "123456" ]
