[2026-04-19 14:36:27.811] INFO  27124 [           main]com.tacomall.apiadmin.ApiAdminApplication.logStarting（）@50 : Starting ApiAdminApplication using Java 17.0.18 with PID 27124 (E:\毕业设计\code\tacomall\server\api\admin\build\classes\java\main started by Administrator in E:\毕业设计\code\tacomall\server\api\admin)
[2026-04-19 14:36:27.812] INFO  27124 [           main]com.tacomall.apiadmin.ApiAdminApplication.logStartupProfileInfo（）@659 : The following 1 profile is active: "dev"
[2026-04-19 14:36:28.588] INFO  27124 [           main]o.s.d.r.config.RepositoryConfigurationDelegate.multipleStoresDetected（）@292 : Multiple Spring Data modules found, entering strict repository configuration mode
[2026-04-19 14:36:28.593] INFO  27124 [           main]o.s.d.r.config.RepositoryConfigurationDelegate.registerRepositoriesIn（）@139 : Bootstrapping Spring Data Redis repositories in DEFAULT mode.
[2026-04-19 14:36:28.625] INFO  27124 [           main]o.s.d.r.config.RepositoryConfigurationDelegate.registerRepositoriesIn（）@208 : Finished Spring Data repository scanning in 7 ms. Found 0 Redis repository interfaces.
[2026-04-19 14:36:29.254] INFO  27124 [           main]com.zaxxer.hikari.HikariDataSource.<init>（）@80 : master - Starting...
[2026-04-19 14:36:29.426] INFO  27124 [           main]com.zaxxer.hikari.pool.HikariPool.checkFailFast（）@565 : master - Added connection com.mysql.cj.jdbc.ConnectionImpl@6c951ada
[2026-04-19 14:36:29.428] INFO  27124 [           main]com.zaxxer.hikari.HikariDataSource.<init>（）@82 : master - Start completed.
[2026-04-19 14:36:29.428] INFO  27124 [           main]c.b.dynamic.datasource.DynamicRoutingDataSource.addDataSource（）@158 : dynamic-datasource - add a datasource named [master] success
[2026-04-19 14:36:29.428] INFO  27124 [           main]c.b.dynamic.datasource.DynamicRoutingDataSource.afterPropertiesSet（）@241 : dynamic-datasource initial loaded [1] datasource,primary datasource named [master]
[2026-04-19 14:36:30.634] INFO  27124 [           main]o.s.boot.web.embedded.tomcat.TomcatWebServer.initialize（）@108 : Tomcat initialized with port 4001 (http)
[2026-04-19 14:36:30.647] INFO  27124 [           main]org.apache.coyote.http11.Http11NioProtocol.log（）@173 : Initializing ProtocolHandler ["http-nio-4001"]
[2026-04-19 14:36:30.648] INFO  27124 [           main]org.apache.catalina.core.StandardService.log（）@173 : Starting service [Tomcat]
[2026-04-19 14:36:30.648] INFO  27124 [           main]org.apache.catalina.core.StandardEngine.log（）@173 : Starting Servlet engine: [Apache Tomcat/10.1.16]
[2026-04-19 14:36:30.749] INFO  27124 [           main]o.a.c.core.ContainerBase.[Tomcat].[localhost].[/].log（）@173 : Initializing Spring embedded WebApplicationContext
[2026-04-19 14:36:30.749] INFO  27124 [           main]o.s.b.w.s.c.ServletWebServerApplicationContext.prepareWebApplicationContext（）@296 : Root WebApplicationContext: initialization completed in 2891 ms
[2026-04-19 14:36:32.109] INFO  27124 [           main]org.apache.coyote.http11.Http11NioProtocol.log（）@173 : Starting ProtocolHandler ["http-nio-4001"]
[2026-04-19 14:36:32.141] INFO  27124 [           main]o.s.boot.web.embedded.tomcat.TomcatWebServer.start（）@221 : Tomcat started on port 4001 (http) with context path ''
[2026-04-19 14:36:32.163] INFO  27124 [           main]com.tacomall.apiadmin.ApiAdminApplication.logStarted（）@56 : Started ApiAdminApplication in 4.948 seconds (process running for 5.469)
[2026-04-19 14:51:59.869] INFO  27124 [nio-4001-exec-2]o.a.c.core.ContainerBase.[Tomcat].[localhost].[/].log（）@173 : Initializing Spring DispatcherServlet 'dispatcherServlet'
[2026-04-19 14:51:59.869] INFO  27124 [nio-4001-exec-2]org.springframework.web.servlet.DispatcherServlet.initServletBean（）@532 : Initializing Servlet 'dispatcherServlet'
[2026-04-19 14:51:59.873] INFO  27124 [nio-4001-exec-2]org.springframework.web.servlet.DispatcherServlet.initServletBean（）@554 : Completed initialization in 4 ms
[2026-04-19 14:51:59.891] INFO  27124 [nio-4001-exec-1]o.a.s.session.mgt.AbstractValidatingSessionManager.enableSessionValidation（）@233 : Enabling session validation scheduler...
