[2026-04-20 21:43:24.410] INFO  21328 [           main]com.tacomall.apiadmin.ApiAdminApplication.logStarting（）@50 : Starting ApiAdminApplication using Java 17.0.18 with PID 21328 (E:\毕业设计\code\tacomall\server\api\admin\build\classes\java\main started by Administrator in E:\毕业设计\code\tacomall\server\api\admin)
[2026-04-20 21:43:24.414] INFO  21328 [           main]com.tacomall.apiadmin.ApiAdminApplication.logStartupProfileInfo（）@659 : The following 1 profile is active: "dev"
[2026-04-20 21:43:25.097] INFO  21328 [           main]o.s.d.r.config.RepositoryConfigurationDelegate.multipleStoresDetected（）@292 : Multiple Spring Data modules found, entering strict repository configuration mode
[2026-04-20 21:43:25.100] INFO  21328 [           main]o.s.d.r.config.RepositoryConfigurationDelegate.registerRepositoriesIn（）@139 : Bootstrapping Spring Data Redis repositories in DEFAULT mode.
[2026-04-20 21:43:25.125] INFO  21328 [           main]o.s.d.r.config.RepositoryConfigurationDelegate.registerRepositoriesIn（）@208 : Finished Spring Data repository scanning in 6 ms. Found 0 Redis repository interfaces.
[2026-04-20 21:43:25.685] INFO  21328 [           main]com.zaxxer.hikari.HikariDataSource.<init>（）@80 : master - Starting...
[2026-04-20 21:43:25.848] INFO  21328 [           main]com.zaxxer.hikari.pool.HikariPool.checkFailFast（）@565 : master - Added connection com.mysql.cj.jdbc.ConnectionImpl@67b61834
[2026-04-20 21:43:25.850] INFO  21328 [           main]com.zaxxer.hikari.HikariDataSource.<init>（）@82 : master - Start completed.
[2026-04-20 21:43:25.851] INFO  21328 [           main]c.b.dynamic.datasource.DynamicRoutingDataSource.addDataSource（）@158 : dynamic-datasource - add a datasource named [master] success
[2026-04-20 21:43:25.851] INFO  21328 [           main]c.b.dynamic.datasource.DynamicRoutingDataSource.afterPropertiesSet（）@241 : dynamic-datasource initial loaded [1] datasource,primary datasource named [master]
[2026-04-20 21:43:27.013] INFO  21328 [           main]o.s.boot.web.embedded.tomcat.TomcatWebServer.initialize（）@108 : Tomcat initialized with port 4001 (http)
[2026-04-20 21:43:27.024] INFO  21328 [           main]org.apache.coyote.http11.Http11NioProtocol.log（）@173 : Initializing ProtocolHandler ["http-nio-4001"]
[2026-04-20 21:43:27.025] INFO  21328 [           main]org.apache.catalina.core.StandardService.log（）@173 : Starting service [Tomcat]
[2026-04-20 21:43:27.025] INFO  21328 [           main]org.apache.catalina.core.StandardEngine.log（）@173 : Starting Servlet engine: [Apache Tomcat/10.1.16]
[2026-04-20 21:43:27.131] INFO  21328 [           main]o.a.c.core.ContainerBase.[Tomcat].[localhost].[/].log（）@173 : Initializing Spring embedded WebApplicationContext
[2026-04-20 21:43:27.135] INFO  21328 [           main]o.s.b.w.s.c.ServletWebServerApplicationContext.prepareWebApplicationContext（）@296 : Root WebApplicationContext: initialization completed in 2670 ms
[2026-04-20 21:43:28.461] INFO  21328 [           main]org.apache.coyote.http11.Http11NioProtocol.log（）@173 : Starting ProtocolHandler ["http-nio-4001"]
[2026-04-20 21:43:28.485] INFO  21328 [           main]o.s.boot.web.embedded.tomcat.TomcatWebServer.start（）@221 : Tomcat started on port 4001 (http) with context path ''
[2026-04-20 21:43:28.506] INFO  21328 [           main]com.tacomall.apiadmin.ApiAdminApplication.logStarted（）@56 : Started ApiAdminApplication in 4.582 seconds (process running for 5.14)
[2026-04-20 21:46:59.042] INFO  21328 [nio-4001-exec-1]o.a.c.core.ContainerBase.[Tomcat].[localhost].[/].log（）@173 : Initializing Spring DispatcherServlet 'dispatcherServlet'
[2026-04-20 21:46:59.043] INFO  21328 [nio-4001-exec-1]org.springframework.web.servlet.DispatcherServlet.initServletBean（）@532 : Initializing Servlet 'dispatcherServlet'
[2026-04-20 21:46:59.046] INFO  21328 [nio-4001-exec-1]org.springframework.web.servlet.DispatcherServlet.initServletBean（）@554 : Completed initialization in 3 ms
[2026-04-20 21:46:59.060] INFO  21328 [nio-4001-exec-1]o.a.s.session.mgt.AbstractValidatingSessionManager.enableSessionValidation（）@233 : Enabling session validation scheduler...
[2026-04-20 21:46:59.339] INFO  21328 [nio-4001-exec-3]com.tacomall.common.aspect.OrgStaffLoginLogAspect.saveSysLog（）@53 : com.tacomall.apiadmin.controller.OrgAuthController.staffLogin()
[2026-04-20 21:46:59.360] INFO  21328 [nio-4001-exec-3]com.tacomall.common.aspect.OrgStaffLoginLogAspect.saveSysLog（）@57 : [ "16607574271", "123456" ]
