#
# There is insufficient memory for the Java Runtime Environment to continue.
# Native memory allocation (malloc) failed to allocate 542624 bytes. Error detail: Chunk::new
# Possible reasons:
#   The system is out of physical RAM or swap space
#   This process is running with CompressedOops enabled, and the Java Heap may be blocking the growth of the native heap
# Possible solutions:
#   Reduce memory load on the system
#   Increase physical memory or swap space
#   Check if swap backing store is full
#   Decrease Java heap size (-Xmx/-Xms)
#   Decrease number of Java threads
#   Decrease Java thread stack sizes (-Xss)
#   Set larger code cache with -XX:ReservedCodeCacheSize=
#   JVM is running with Unscaled Compressed Oops mode in which the Java heap is
#     placed in the first 4GB address space. The Java Heap base address is the
#     maximum limit for the native heap growth. Please use -XX:HeapBaseMinAddress
#     to set the Java Heap base and to place the Java Heap above 4GB virtual address.
# This output file may be truncated or incomplete.
#
#  Out of Memory Error (arena.cpp:191), pid=13608, tid=22772
#
# JRE version: OpenJDK Runtime Environment Temurin-17.0.18+8 (17.0.18+8) (build 17.0.18+8)
# Java VM: OpenJDK 64-Bit Server VM Temurin-17.0.18+8 (17.0.18+8, mixed mode, sharing, tiered, compressed oops, compressed class ptrs, g1 gc, windows-amd64)
# No core dump will be written. Minidumps are not enabled by default on client versions of Windows
#

---------------  S U M M A R Y ------------

Command Line: --add-opens=java.base/java.util=ALL-UNNAMED --add-opens=java.base/java.lang=ALL-UNNAMED --add-opens=java.base/java.lang.invoke=ALL-UNNAMED --add-opens=java.base/java.util=ALL-UNNAMED --add-opens=java.prefs/java.util.prefs=ALL-UNNAMED --add-opens=java.prefs/java.util.prefs=ALL-UNNAMED --add-opens=java.base/java.nio.charset=ALL-UNNAMED --add-opens=java.base/java.net=ALL-UNNAMED --add-opens=java.base/java.util.concurrent.atomic=ALL-UNNAMED -XX:MaxMetaspaceSize=256m -XX:+HeapDumpOnOutOfMemoryError -Xms256m -Xmx512m -Dfile.encoding=GBK -Duser.country=CN -Duser.language=zh -Duser.variant org.gradle.launcher.daemon.bootstrap.GradleDaemon 7.5.1

Host: 11th Gen Intel(R) Core(TM) i5-11300H @ 3.10GHz, 8 cores, 15G,  Windows 11 , 64 bit Build 22621 (10.0.22621.5415)
Time: Fri Apr 24 01:22:02 2026  Windows 11 , 64 bit Build 22621 (10.0.22621.5415) elapsed time: 6.841987 seconds (0d 0h 0m 6s)

---------------  T H R E A D  ---------------

Current thread (0x0000024967e57060):  JavaThread "C2 CompilerThread2" daemon [_thread_in_native, id=22772, stack(0x000000cd0ea00000,0x000000cd0eb00000)]


Current CompileTask:
C2:6842 3259       4       sun.net.util.URLUtil::urlNoFragString (114 bytes)

Stack: [0x000000cd0ea00000,0x000000cd0eb00000]
Native frames: (J=compiled Java code, j=interpreted, Vv=VM code, C=native code)
V  [jvm.dll+0x6846f9]
V  [jvm.dll+0x839ea5]
V  [jvm.dll+0x83b91e]
V  [jvm.dll+0x83bfa3]
V  [jvm.dll+0x248eff]
V  [jvm.dll+0xad496]
V  [jvm.dll+0xadb3c]
V  [jvm.dll+0x368c1e]
V  [jvm.dll+0x1bc1ef]
V  [jvm.dll+0x219f10]
V  [jvm.dll+0x219200]
V  [jvm.dll+0x1a4920]
V  [jvm.dll+0x22989a]
V  [jvm.dll+0x227a4b]
V  [jvm.dll+0x7f0658]
V  [jvm.dll+0x7eaaec]
V  [jvm.dll+0x6835c7]
C  [ucrtbase.dll+0x29333]
C  [KERNEL32.DLL+0x1259d]
C  [ntdll.dll+0x5af78]


---------------  P R O C E S S  ---------------

Threads class SMR info:
_java_thread_list=0x0000024968a74df0, length=37, elements={
0x00000249375a8220, 0x0000024952ccb340, 0x0000024952ccba20, 0x0000024952cdc2a0,
0x0000024952cdc880, 0x0000024952ce0e80, 0x0000024952ce1360, 0x0000024952ce5b80,
0x0000024952ce80b0, 0x0000024952ce85d0, 0x00000249651443a0, 0x00000249651454b0,
0x0000024966d5eaa0, 0x00000249661b6d20, 0x00000249673a3190, 0x000002496678a040,
0x0000024967103490, 0x0000024965bf9890, 0x0000024965bf9380, 0x0000024965bf7010,
0x0000024965bf9da0, 0x0000024965bf65f0, 0x0000024965bf7520, 0x0000024965bf7a30,
0x0000024965bf7f40, 0x0000024967641020, 0x0000024967e57060, 0x0000024965bf8450,
0x0000024965bf8960, 0x0000024965bf8e70, 0x0000024968847cd0, 0x0000024968849b30,
0x0000024968848c00, 0x0000024968849110, 0x0000024968849620, 0x000002496884a040,
0x00000249688477c0
}

Java Threads: ( => current thread )
  0x00000249375a8220 JavaThread "main" [_thread_blocked, id=19364, stack(0x000000cd0c400000,0x000000cd0c500000)]
  0x0000024952ccb340 JavaThread "Reference Handler" daemon [_thread_blocked, id=26504, stack(0x000000cd0cb00000,0x000000cd0cc00000)]
  0x0000024952ccba20 JavaThread "Finalizer" daemon [_thread_blocked, id=24916, stack(0x000000cd0cc00000,0x000000cd0cd00000)]
  0x0000024952cdc2a0 JavaThread "Signal Dispatcher" daemon [_thread_blocked, id=27880, stack(0x000000cd0cd00000,0x000000cd0ce00000)]
  0x0000024952cdc880 JavaThread "Attach Listener" daemon [_thread_blocked, id=27696, stack(0x000000cd0ce00000,0x000000cd0cf00000)]
  0x0000024952ce0e80 JavaThread "Service Thread" daemon [_thread_blocked, id=13992, stack(0x000000cd0cf00000,0x000000cd0d000000)]
  0x0000024952ce1360 JavaThread "Monitor Deflation Thread" daemon [_thread_blocked, id=24264, stack(0x000000cd0d000000,0x000000cd0d100000)]
  0x0000024952ce5b80 JavaThread "C2 CompilerThread0" daemon [_thread_in_native, id=29368, stack(0x000000cd0d100000,0x000000cd0d200000)]
  0x0000024952ce80b0 JavaThread "C1 CompilerThread0" daemon [_thread_blocked, id=25792, stack(0x000000cd0d200000,0x000000cd0d300000)]
  0x0000024952ce85d0 JavaThread "Sweeper thread" daemon [_thread_blocked, id=24700, stack(0x000000cd0d300000,0x000000cd0d400000)]
  0x00000249651443a0 JavaThread "Common-Cleaner" daemon [_thread_blocked, id=9224, stack(0x000000cd0d400000,0x000000cd0d500000)]
  0x00000249651454b0 JavaThread "Notification Thread" daemon [_thread_blocked, id=29460, stack(0x000000cd0d500000,0x000000cd0d600000)]
  0x0000024966d5eaa0 JavaThread "Daemon health stats" [_thread_blocked, id=10204, stack(0x000000cd0d800000,0x000000cd0d900000)]
  0x00000249661b6d20 JavaThread "Incoming local TCP Connector on port 60671" [_thread_in_native, id=12188, stack(0x000000cd0d700000,0x000000cd0d800000)]
  0x00000249673a3190 JavaThread "Daemon periodic checks" [_thread_blocked, id=30304, stack(0x000000cd0de00000,0x000000cd0df00000)]
  0x000002496678a040 JavaThread "Daemon" [_thread_blocked, id=3912, stack(0x000000cd0df00000,0x000000cd0e000000)]
  0x0000024967103490 JavaThread "Handler for socket connection from /127.0.0.1:60671 to /127.0.0.1:60672" [_thread_in_native, id=29016, stack(0x000000cd0e000000,0x000000cd0e100000)]
  0x0000024965bf9890 JavaThread "Cancel handler" [_thread_blocked, id=9592, stack(0x000000cd0e100000,0x000000cd0e200000)]
  0x0000024965bf9380 JavaThread "Daemon worker" [_thread_in_Java, id=19920, stack(0x000000cd0e200000,0x000000cd0e300000)]
  0x0000024965bf7010 JavaThread "Asynchronous log dispatcher for DefaultDaemonConnection: socket connection from /127.0.0.1:60671 to /127.0.0.1:60672" [_thread_blocked, id=13168, stack(0x000000cd0e300000,0x000000cd0e400000)]
  0x0000024965bf9da0 JavaThread "Stdin handler" [_thread_blocked, id=30092, stack(0x000000cd0e400000,0x000000cd0e500000)]
  0x0000024965bf65f0 JavaThread "Daemon client event forwarder" [_thread_blocked, id=21024, stack(0x000000cd0e500000,0x000000cd0e600000)]
  0x0000024965bf7520 JavaThread "Cache worker for journal cache (C:\Users\Administrator\.gradle\caches\journal-1)" [_thread_blocked, id=16476, stack(0x000000cd0e600000,0x000000cd0e700000)]
  0x0000024965bf7a30 JavaThread "File lock request listener" [_thread_in_native, id=16448, stack(0x000000cd0e700000,0x000000cd0e800000)]
  0x0000024965bf7f40 JavaThread "Cache worker for file hash cache (C:\Users\Administrator\.gradle\caches\7.5.1\fileHashes)" [_thread_blocked, id=23940, stack(0x000000cd0e800000,0x000000cd0e900000)]
  0x0000024967641020 JavaThread "C2 CompilerThread1" daemon [_thread_in_native, id=11416, stack(0x000000cd0e900000,0x000000cd0ea00000)]
=>0x0000024967e57060 JavaThread "C2 CompilerThread2" daemon [_thread_in_native, id=22772, stack(0x000000cd0ea00000,0x000000cd0eb00000)]
  0x0000024965bf8450 JavaThread "File watcher server" daemon [_thread_in_native, id=17388, stack(0x000000cd0eb00000,0x000000cd0ec00000)]
  0x0000024965bf8960 JavaThread "File watcher consumer" daemon [_thread_blocked, id=19020, stack(0x000000cd0ec00000,0x000000cd0ed00000)]
  0x0000024965bf8e70 JavaThread "Cache worker for checksums cache (E:\姣曚笟璁捐\code\tacomall\server\.gradle\7.5.1\checksums)" [_thread_blocked, id=28788, stack(0x000000cd0ed00000,0x000000cd0ee00000)]
  0x0000024968847cd0 JavaThread "Cache worker for cache directory md-rule (C:\Users\Administrator\.gradle\caches\7.5.1\md-rule)" [_thread_blocked, id=14308, stack(0x000000cd0ee00000,0x000000cd0ef00000)]
  0x0000024968849b30 JavaThread "Cache worker for file content cache (C:\Users\Administrator\.gradle\caches\7.5.1\fileContent)" [_thread_blocked, id=12984, stack(0x000000cd0ef00000,0x000000cd0f000000)]
  0x0000024968848c00 JavaThread "Cache worker for file hash cache (E:\姣曚笟璁捐\code\tacomall\server\.gradle\7.5.1\fileHashes)" [_thread_blocked, id=30824, stack(0x000000cd0f000000,0x000000cd0f100000)]
  0x0000024968849110 JavaThread "Cache worker for cache directory md-supplier (C:\Users\Administrator\.gradle\caches\7.5.1\md-supplier)" [_thread_blocked, id=28896, stack(0x000000cd0f100000,0x000000cd0f200000)]
  0x0000024968849620 JavaThread "Cache worker for execution history cache (C:\Users\Administrator\.gradle\caches\7.5.1\executionHistory)" [_thread_blocked, id=15288, stack(0x000000cd0f500000,0x000000cd0f600000)]
  0x000002496884a040 JavaThread "jar transforms" [_thread_blocked, id=24448, stack(0x000000cd0f600000,0x000000cd0f700000)]
  0x00000249688477c0 JavaThread "jar transforms Thread 2" [_thread_blocked, id=30872, stack(0x000000cd0f700000,0x000000cd0f800000)]

Other Threads:
  0x0000024952cc7e60 VMThread "VM Thread" [stack: 0x000000cd0ca00000,0x000000cd0cb00000] [id=31032]
  0x00000249651481c0 WatcherThread [stack: 0x000000cd0d600000,0x000000cd0d700000] [id=27664]
  0x00000249375d5360 GCTaskThread "GC Thread#0" [stack: 0x000000cd0c500000,0x000000cd0c600000] [id=2320]
  0x00000249666d9480 GCTaskThread "GC Thread#1" [stack: 0x000000cd0d900000,0x000000cd0da00000] [id=22760]
  0x00000249663a6660 GCTaskThread "GC Thread#2" [stack: 0x000000cd0da00000,0x000000cd0db00000] [id=24928]
  0x00000249665e9220 GCTaskThread "GC Thread#3" [stack: 0x000000cd0db00000,0x000000cd0dc00000] [id=19724]
  0x0000024965bfe030 GCTaskThread "GC Thread#4" [stack: 0x000000cd0dc00000,0x000000cd0dd00000] [id=7072]
  0x0000024965bfe2f0 GCTaskThread "GC Thread#5" [stack: 0x000000cd0dd00000,0x000000cd0de00000] [id=26536]
  0x0000024968b6ece0 GCTaskThread "GC Thread#6" [stack: 0x000000cd0f200000,0x000000cd0f300000] [id=29856]
  0x00000249691e59c0 GCTaskThread "GC Thread#7" [stack: 0x000000cd0f300000,0x000000cd0f400000] [id=25704]
  0x00000249375da1c0 ConcurrentGCThread "G1 Main Marker" [stack: 0x000000cd0c600000,0x000000cd0c700000] [id=8576]
  0x00000249375db290 ConcurrentGCThread "G1 Conc#0" [stack: 0x000000cd0c700000,0x000000cd0c800000] [id=14792]
  0x0000024967c51030 ConcurrentGCThread "G1 Conc#1" [stack: 0x000000cd0f400000,0x000000cd0f500000] [id=26496]
  0x000002493762ec80 ConcurrentGCThread "G1 Refine#0" [stack: 0x000000cd0c800000,0x000000cd0c900000] [id=27816]
  0x0000024952b81440 ConcurrentGCThread "G1 Service" [stack: 0x000000cd0c900000,0x000000cd0ca00000] [id=20200]

Threads with active compile tasks:
C2 CompilerThread0  6936 3484       4       java.util.regex.Matcher::reset (128 bytes)
C2 CompilerThread1  6936 3422   !   4       java.lang.String::<init> (840 bytes)
C2 CompilerThread2  6936 3259       4       sun.net.util.URLUtil::urlNoFragString (114 bytes)

VM state: not at safepoint (normal execution)

VM Mutex/Monitor currently owned by a thread: None

Heap address: 0x00000000e0000000, size: 512 MB, Compressed Oops mode: 32-bit

CDS archive(s) mapped at: [0x0000024953000000-0x0000024953bb0000-0x0000024953bb0000), size 12255232, SharedBaseAddress: 0x0000024953000000, ArchiveRelocationMode: 1.
Compressed class space mapped at: 0x0000024954000000-0x0000024961000000, reserved size: 218103808
Narrow klass base: 0x0000024953000000, Narrow klass shift: 0, Narrow klass range: 0x100000000

GC Precious Log:
 CPUs: 8 total, 8 available
 Memory: 16167M
 Large Page Support: Disabled
 NUMA Support: Disabled
 Compressed Oops: Enabled (32-bit)
 Heap Region Size: 1M
 Heap Min Capacity: 256M
 Heap Initial Capacity: 256M
 Heap Max Capacity: 512M
 Pre-touch: Disabled
 Parallel Workers: 8
 Concurrent Workers: 2
 Concurrent Refinement Workers: 8
 Periodic GC: Disabled

Heap:
 garbage-first heap   total 262144K, used 61951K [0x00000000e0000000, 0x0000000100000000)
  region size 1024K, 53 young (54272K), 12 survivors (12288K)
 Metaspace       used 29243K, committed 29632K, reserved 278528K
  class space    used 4125K, committed 4288K, reserved 212992K

Heap Regions: E=young(eden), S=young(survivor), O=old, HS=humongous(starts), HC=humongous(continues), CS=collection set, F=free, OA=open archive, CA=closed archive, TAMS=top-at-mark-start (previous, next)
|   0|0x00000000e0000000, 0x00000000e0000000, 0x00000000e0100000|  0%| F|  |TAMS 0x00000000e0000000, 0x00000000e0000000| Untracked 
|   1|0x00000000e0100000, 0x00000000e0200000, 0x00000000e0200000|100%| O|  |TAMS 0x00000000e0200000, 0x00000000e0100000| Untracked 
|   2|0x00000000e0200000, 0x00000000e0300000, 0x00000000e0300000|100%| O|  |TAMS 0x00000000e0300000, 0x00000000e0200000| Untracked 
|   3|0x00000000e0300000, 0x00000000e0400000, 0x00000000e0400000|100%|HS|  |TAMS 0x00000000e0400000, 0x00000000e0300000| Complete 
|   4|0x00000000e0400000, 0x00000000e0500000, 0x00000000e0500000|100%|HC|  |TAMS 0x00000000e0500000, 0x00000000e0400000| Complete 
|   5|0x00000000e0500000, 0x00000000e0600000, 0x00000000e0600000|100%|HC|  |TAMS 0x00000000e0600000, 0x00000000e0500000| Complete 
|   6|0x00000000e0600000, 0x00000000e0700000, 0x00000000e0700000|100%| O|  |TAMS 0x00000000e0700000, 0x00000000e0600000| Untracked 
|   7|0x00000000e0700000, 0x00000000e0800000, 0x00000000e0800000|100%| O|  |TAMS 0x00000000e0800000, 0x00000000e0700000| Untracked 
|   8|0x00000000e0800000, 0x00000000e0900000, 0x00000000e0900000|100%| O|  |TAMS 0x00000000e0900000, 0x00000000e0800000| Untracked 
|   9|0x00000000e0900000, 0x00000000e0a00000, 0x00000000e0a00000|100%| O|  |TAMS 0x00000000e0a00000, 0x00000000e0900000| Untracked 
|  10|0x00000000e0a00000, 0x00000000e0a89800, 0x00000000e0b00000| 53%| O|  |TAMS 0x00000000e0a89800, 0x00000000e0a00000| Untracked 
|  11|0x00000000e0b00000, 0x00000000e0b00000, 0x00000000e0c00000|  0%| F|  |TAMS 0x00000000e0b00000, 0x00000000e0b00000| Untracked 
|  12|0x00000000e0c00000, 0x00000000e0c00000, 0x00000000e0d00000|  0%| F|  |TAMS 0x00000000e0c00000, 0x00000000e0c00000| Untracked 
|  13|0x00000000e0d00000, 0x00000000e0d00000, 0x00000000e0e00000|  0%| F|  |TAMS 0x00000000e0d00000, 0x00000000e0d00000| Untracked 
|  14|0x00000000e0e00000, 0x00000000e0e00000, 0x00000000e0f00000|  0%| F|  |TAMS 0x00000000e0e00000, 0x00000000e0e00000| Untracked 
|  15|0x00000000e0f00000, 0x00000000e0f00000, 0x00000000e1000000|  0%| F|  |TAMS 0x00000000e0f00000, 0x00000000e0f00000| Untracked 
|  16|0x00000000e1000000, 0x00000000e1000000, 0x00000000e1100000|  0%| F|  |TAMS 0x00000000e1000000, 0x00000000e1000000| Untracked 
|  17|0x00000000e1100000, 0x00000000e1100000, 0x00000000e1200000|  0%| F|  |TAMS 0x00000000e1100000, 0x00000000e1100000| Untracked 
|  18|0x00000000e1200000, 0x00000000e1200000, 0x00000000e1300000|  0%| F|  |TAMS 0x00000000e1200000, 0x00000000e1200000| Untracked 
|  19|0x00000000e1300000, 0x00000000e1300000, 0x00000000e1400000|  0%| F|  |TAMS 0x00000000e1300000, 0x00000000e1300000| Untracked 
|  20|0x00000000e1400000, 0x00000000e1400000, 0x00000000e1500000|  0%| F|  |TAMS 0x00000000e1400000, 0x00000000e1400000| Untracked 
|  21|0x00000000e1500000, 0x00000000e1500000, 0x00000000e1600000|  0%| F|  |TAMS 0x00000000e1500000, 0x00000000e1500000| Untracked 
|  22|0x00000000e1600000, 0x00000000e1600000, 0x00000000e1700000|  0%| F|  |TAMS 0x00000000e1600000, 0x00000000e1600000| Untracked 
|  23|0x00000000e1700000, 0x00000000e1700000, 0x00000000e1800000|  0%| F|  |TAMS 0x00000000e1700000, 0x00000000e1700000| Untracked 
|  24|0x00000000e1800000, 0x00000000e1800000, 0x00000000e1900000|  0%| F|  |TAMS 0x00000000e1800000, 0x00000000e1800000| Untracked 
|  25|0x00000000e1900000, 0x00000000e1900000, 0x00000000e1a00000|  0%| F|  |TAMS 0x00000000e1900000, 0x00000000e1900000| Untracked 
|  26|0x00000000e1a00000, 0x00000000e1a00000, 0x00000000e1b00000|  0%| F|  |TAMS 0x00000000e1a00000, 0x00000000e1a00000| Untracked 
|  27|0x00000000e1b00000, 0x00000000e1b00000, 0x00000000e1c00000|  0%| F|  |TAMS 0x00000000e1b00000, 0x00000000e1b00000| Untracked 
|  28|0x00000000e1c00000, 0x00000000e1c00000, 0x00000000e1d00000|  0%| F|  |TAMS 0x00000000e1c00000, 0x00000000e1c00000| Untracked 
|  29|0x00000000e1d00000, 0x00000000e1d00000, 0x00000000e1e00000|  0%| F|  |TAMS 0x00000000e1d00000, 0x00000000e1d00000| Untracked 
|  30|0x00000000e1e00000, 0x00000000e1e00000, 0x00000000e1f00000|  0%| F|  |TAMS 0x00000000e1e00000, 0x00000000e1e00000| Untracked 
|  31|0x00000000e1f00000, 0x00000000e1f00000, 0x00000000e2000000|  0%| F|  |TAMS 0x00000000e1f00000, 0x00000000e1f00000| Untracked 
|  32|0x00000000e2000000, 0x00000000e2000000, 0x00000000e2100000|  0%| F|  |TAMS 0x00000000e2000000, 0x00000000e2000000| Untracked 
|  33|0x00000000e2100000, 0x00000000e2100000, 0x00000000e2200000|  0%| F|  |TAMS 0x00000000e2100000, 0x00000000e2100000| Untracked 
|  34|0x00000000e2200000, 0x00000000e2200000, 0x00000000e2300000|  0%| F|  |TAMS 0x00000000e2200000, 0x00000000e2200000| Untracked 
|  35|0x00000000e2300000, 0x00000000e2300000, 0x00000000e2400000|  0%| F|  |TAMS 0x00000000e2300000, 0x00000000e2300000| Untracked 
|  36|0x00000000e2400000, 0x00000000e2400000, 0x00000000e2500000|  0%| F|  |TAMS 0x00000000e2400000, 0x00000000e2400000| Untracked 
|  37|0x00000000e2500000, 0x00000000e2500000, 0x00000000e2600000|  0%| F|  |TAMS 0x00000000e2500000, 0x00000000e2500000| Untracked 
|  38|0x00000000e2600000, 0x00000000e2600000, 0x00000000e2700000|  0%| F|  |TAMS 0x00000000e2600000, 0x00000000e2600000| Untracked 
|  39|0x00000000e2700000, 0x00000000e2700000, 0x00000000e2800000|  0%| F|  |TAMS 0x00000000e2700000, 0x00000000e2700000| Untracked 
|  40|0x00000000e2800000, 0x00000000e2800000, 0x00000000e2900000|  0%| F|  |TAMS 0x00000000e2800000, 0x00000000e2800000| Untracked 
|  41|0x00000000e2900000, 0x00000000e2900000, 0x00000000e2a00000|  0%| F|  |TAMS 0x00000000e2900000, 0x00000000e2900000| Untracked 
|  42|0x00000000e2a00000, 0x00000000e2a00000, 0x00000000e2b00000|  0%| F|  |TAMS 0x00000000e2a00000, 0x00000000e2a00000| Untracked 
|  43|0x00000000e2b00000, 0x00000000e2b00000, 0x00000000e2c00000|  0%| F|  |TAMS 0x00000000e2b00000, 0x00000000e2b00000| Untracked 
|  44|0x00000000e2c00000, 0x00000000e2c00000, 0x00000000e2d00000|  0%| F|  |TAMS 0x00000000e2c00000, 0x00000000e2c00000| Untracked 
|  45|0x00000000e2d00000, 0x00000000e2d00000, 0x00000000e2e00000|  0%| F|  |TAMS 0x00000000e2d00000, 0x00000000e2d00000| Untracked 
|  46|0x00000000e2e00000, 0x00000000e2e00000, 0x00000000e2f00000|  0%| F|  |TAMS 0x00000000e2e00000, 0x00000000e2e00000| Untracked 
|  47|0x00000000e2f00000, 0x00000000e2f00000, 0x00000000e3000000|  0%| F|  |TAMS 0x00000000e2f00000, 0x00000000e2f00000| Untracked 
|  48|0x00000000e3000000, 0x00000000e3000000, 0x00000000e3100000|  0%| F|  |TAMS 0x00000000e3000000, 0x00000000e3000000| Untracked 
|  49|0x00000000e3100000, 0x00000000e3100000, 0x00000000e3200000|  0%| F|  |TAMS 0x00000000e3100000, 0x00000000e3100000| Untracked 
|  50|0x00000000e3200000, 0x00000000e3200000, 0x00000000e3300000|  0%| F|  |TAMS 0x00000000e3200000, 0x00000000e3200000| Untracked 
|  51|0x00000000e3300000, 0x00000000e3300000, 0x00000000e3400000|  0%| F|  |TAMS 0x00000000e3300000, 0x00000000e3300000| Untracked 
|  52|0x00000000e3400000, 0x00000000e3400000, 0x00000000e3500000|  0%| F|  |TAMS 0x00000000e3400000, 0x00000000e3400000| Untracked 
|  53|0x00000000e3500000, 0x00000000e3500000, 0x00000000e3600000|  0%| F|  |TAMS 0x00000000e3500000, 0x00000000e3500000| Untracked 
|  54|0x00000000e3600000, 0x00000000e3600000, 0x00000000e3700000|  0%| F|  |TAMS 0x00000000e3600000, 0x00000000e3600000| Untracked 
|  55|0x00000000e3700000, 0x00000000e3700000, 0x00000000e3800000|  0%| F|  |TAMS 0x00000000e3700000, 0x00000000e3700000| Untracked 
|  56|0x00000000e3800000, 0x00000000e3800000, 0x00000000e3900000|  0%| F|  |TAMS 0x00000000e3800000, 0x00000000e3800000| Untracked 
|  57|0x00000000e3900000, 0x00000000e3900000, 0x00000000e3a00000|  0%| F|  |TAMS 0x00000000e3900000, 0x00000000e3900000| Untracked 
|  58|0x00000000e3a00000, 0x00000000e3a00000, 0x00000000e3b00000|  0%| F|  |TAMS 0x00000000e3a00000, 0x00000000e3a00000| Untracked 
|  59|0x00000000e3b00000, 0x00000000e3b00000, 0x00000000e3c00000|  0%| F|  |TAMS 0x00000000e3b00000, 0x00000000e3b00000| Untracked 
|  60|0x00000000e3c00000, 0x00000000e3c00000, 0x00000000e3d00000|  0%| F|  |TAMS 0x00000000e3c00000, 0x00000000e3c00000| Untracked 
|  61|0x00000000e3d00000, 0x00000000e3d00000, 0x00000000e3e00000|  0%| F|  |TAMS 0x00000000e3d00000, 0x00000000e3d00000| Untracked 
|  62|0x00000000e3e00000, 0x00000000e3e00000, 0x00000000e3f00000|  0%| F|  |TAMS 0x00000000e3e00000, 0x00000000e3e00000| Untracked 
|  63|0x00000000e3f00000, 0x00000000e3f00000, 0x00000000e4000000|  0%| F|  |TAMS 0x00000000e3f00000, 0x00000000e3f00000| Untracked 
|  64|0x00000000e4000000, 0x00000000e4000000, 0x00000000e4100000|  0%| F|  |TAMS 0x00000000e4000000, 0x00000000e4000000| Untracked 
|  65|0x00000000e4100000, 0x00000000e4100000, 0x00000000e4200000|  0%| F|  |TAMS 0x00000000e4100000, 0x00000000e4100000| Untracked 
|  66|0x00000000e4200000, 0x00000000e4200000, 0x00000000e4300000|  0%| F|  |TAMS 0x00000000e4200000, 0x00000000e4200000| Untracked 
|  67|0x00000000e4300000, 0x00000000e4300000, 0x00000000e4400000|  0%| F|  |TAMS 0x00000000e4300000, 0x00000000e4300000| Untracked 
|  68|0x00000000e4400000, 0x00000000e4400000, 0x00000000e4500000|  0%| F|  |TAMS 0x00000000e4400000, 0x00000000e4400000| Untracked 
|  69|0x00000000e4500000, 0x00000000e4500000, 0x00000000e4600000|  0%| F|  |TAMS 0x00000000e4500000, 0x00000000e4500000| Untracked 
|  70|0x00000000e4600000, 0x00000000e4600000, 0x00000000e4700000|  0%| F|  |TAMS 0x00000000e4600000, 0x00000000e4600000| Untracked 
|  71|0x00000000e4700000, 0x00000000e4700000, 0x00000000e4800000|  0%| F|  |TAMS 0x00000000e4700000, 0x00000000e4700000| Untracked 
|  72|0x00000000e4800000, 0x00000000e4800000, 0x00000000e4900000|  0%| F|  |TAMS 0x00000000e4800000, 0x00000000e4800000| Untracked 
|  73|0x00000000e4900000, 0x00000000e4900000, 0x00000000e4a00000|  0%| F|  |TAMS 0x00000000e4900000, 0x00000000e4900000| Untracked 
|  74|0x00000000e4a00000, 0x00000000e4a00000, 0x00000000e4b00000|  0%| F|  |TAMS 0x00000000e4a00000, 0x00000000e4a00000| Untracked 
|  75|0x00000000e4b00000, 0x00000000e4b00000, 0x00000000e4c00000|  0%| F|  |TAMS 0x00000000e4b00000, 0x00000000e4b00000| Untracked 
|  76|0x00000000e4c00000, 0x00000000e4c00000, 0x00000000e4d00000|  0%| F|  |TAMS 0x00000000e4c00000, 0x00000000e4c00000| Untracked 
|  77|0x00000000e4d00000, 0x00000000e4d00000, 0x00000000e4e00000|  0%| F|  |TAMS 0x00000000e4d00000, 0x00000000e4d00000| Untracked 
|  78|0x00000000e4e00000, 0x00000000e4e00000, 0x00000000e4f00000|  0%| F|  |TAMS 0x00000000e4e00000, 0x00000000e4e00000| Untracked 
|  79|0x00000000e4f00000, 0x00000000e4f00000, 0x00000000e5000000|  0%| F|  |TAMS 0x00000000e4f00000, 0x00000000e4f00000| Untracked 
|  80|0x00000000e5000000, 0x00000000e5000000, 0x00000000e5100000|  0%| F|  |TAMS 0x00000000e5000000, 0x00000000e5000000| Untracked 
|  81|0x00000000e5100000, 0x00000000e5100000, 0x00000000e5200000|  0%| F|  |TAMS 0x00000000e5100000, 0x00000000e5100000| Untracked 
|  82|0x00000000e5200000, 0x00000000e5200000, 0x00000000e5300000|  0%| F|  |TAMS 0x00000000e5200000, 0x00000000e5200000| Untracked 
|  83|0x00000000e5300000, 0x00000000e5300000, 0x00000000e5400000|  0%| F|  |TAMS 0x00000000e5300000, 0x00000000e5300000| Untracked 
|  84|0x00000000e5400000, 0x00000000e5400000, 0x00000000e5500000|  0%| F|  |TAMS 0x00000000e5400000, 0x00000000e5400000| Untracked 
|  85|0x00000000e5500000, 0x00000000e5500000, 0x00000000e5600000|  0%| F|  |TAMS 0x00000000e5500000, 0x00000000e5500000| Untracked 
|  86|0x00000000e5600000, 0x00000000e5600000, 0x00000000e5700000|  0%| F|  |TAMS 0x00000000e5600000, 0x00000000e5600000| Untracked 
|  87|0x00000000e5700000, 0x00000000e5700000, 0x00000000e5800000|  0%| F|  |TAMS 0x00000000e5700000, 0x00000000e5700000| Untracked 
|  88|0x00000000e5800000, 0x00000000e5800000, 0x00000000e5900000|  0%| F|  |TAMS 0x00000000e5800000, 0x00000000e5800000| Untracked 
|  89|0x00000000e5900000, 0x00000000e5900000, 0x00000000e5a00000|  0%| F|  |TAMS 0x00000000e5900000, 0x00000000e5900000| Untracked 
|  90|0x00000000e5a00000, 0x00000000e5a00000, 0x00000000e5b00000|  0%| F|  |TAMS 0x00000000e5a00000, 0x00000000e5a00000| Untracked 
|  91|0x00000000e5b00000, 0x00000000e5b00000, 0x00000000e5c00000|  0%| F|  |TAMS 0x00000000e5b00000, 0x00000000e5b00000| Untracked 
|  92|0x00000000e5c00000, 0x00000000e5c00000, 0x00000000e5d00000|  0%| F|  |TAMS 0x00000000e5c00000, 0x00000000e5c00000| Untracked 
|  93|0x00000000e5d00000, 0x00000000e5d00000, 0x00000000e5e00000|  0%| F|  |TAMS 0x00000000e5d00000, 0x00000000e5d00000| Untracked 
|  94|0x00000000e5e00000, 0x00000000e5e00000, 0x00000000e5f00000|  0%| F|  |TAMS 0x00000000e5e00000, 0x00000000e5e00000| Untracked 
|  95|0x00000000e5f00000, 0x00000000e5f00000, 0x00000000e6000000|  0%| F|  |TAMS 0x00000000e5f00000, 0x00000000e5f00000| Untracked 
|  96|0x00000000e6000000, 0x00000000e6000000, 0x00000000e6100000|  0%| F|  |TAMS 0x00000000e6000000, 0x00000000e6000000| Untracked 
|  97|0x00000000e6100000, 0x00000000e6100000, 0x00000000e6200000|  0%| F|  |TAMS 0x00000000e6100000, 0x00000000e6100000| Untracked 
|  98|0x00000000e6200000, 0x00000000e6200000, 0x00000000e6300000|  0%| F|  |TAMS 0x00000000e6200000, 0x00000000e6200000| Untracked 
|  99|0x00000000e6300000, 0x00000000e6300000, 0x00000000e6400000|  0%| F|  |TAMS 0x00000000e6300000, 0x00000000e6300000| Untracked 
| 100|0x00000000e6400000, 0x00000000e6400000, 0x00000000e6500000|  0%| F|  |TAMS 0x00000000e6400000, 0x00000000e6400000| Untracked 
| 101|0x00000000e6500000, 0x00000000e6500000, 0x00000000e6600000|  0%| F|  |TAMS 0x00000000e6500000, 0x00000000e6500000| Untracked 
| 102|0x00000000e6600000, 0x00000000e6600000, 0x00000000e6700000|  0%| F|  |TAMS 0x00000000e6600000, 0x00000000e6600000| Untracked 
| 103|0x00000000e6700000, 0x00000000e6700000, 0x00000000e6800000|  0%| F|  |TAMS 0x00000000e6700000, 0x00000000e6700000| Untracked 
| 104|0x00000000e6800000, 0x00000000e6800000, 0x00000000e6900000|  0%| F|  |TAMS 0x00000000e6800000, 0x00000000e6800000| Untracked 
| 105|0x00000000e6900000, 0x00000000e6900000, 0x00000000e6a00000|  0%| F|  |TAMS 0x00000000e6900000, 0x00000000e6900000| Untracked 
| 106|0x00000000e6a00000, 0x00000000e6a00000, 0x00000000e6b00000|  0%| F|  |TAMS 0x00000000e6a00000, 0x00000000e6a00000| Untracked 
| 107|0x00000000e6b00000, 0x00000000e6b00000, 0x00000000e6c00000|  0%| F|  |TAMS 0x00000000e6b00000, 0x00000000e6b00000| Untracked 
| 108|0x00000000e6c00000, 0x00000000e6c00000, 0x00000000e6d00000|  0%| F|  |TAMS 0x00000000e6c00000, 0x00000000e6c00000| Untracked 
| 109|0x00000000e6d00000, 0x00000000e6d00000, 0x00000000e6e00000|  0%| F|  |TAMS 0x00000000e6d00000, 0x00000000e6d00000| Untracked 
| 110|0x00000000e6e00000, 0x00000000e6e00000, 0x00000000e6f00000|  0%| F|  |TAMS 0x00000000e6e00000, 0x00000000e6e00000| Untracked 
| 111|0x00000000e6f00000, 0x00000000e6f00000, 0x00000000e7000000|  0%| F|  |TAMS 0x00000000e6f00000, 0x00000000e6f00000| Untracked 
| 112|0x00000000e7000000, 0x00000000e7000000, 0x00000000e7100000|  0%| F|  |TAMS 0x00000000e7000000, 0x00000000e7000000| Untracked 
| 113|0x00000000e7100000, 0x00000000e7100000, 0x00000000e7200000|  0%| F|  |TAMS 0x00000000e7100000, 0x00000000e7100000| Untracked 
| 114|0x00000000e7200000, 0x00000000e7200000, 0x00000000e7300000|  0%| F|  |TAMS 0x00000000e7200000, 0x00000000e7200000| Untracked 
| 115|0x00000000e7300000, 0x00000000e7300000, 0x00000000e7400000|  0%| F|  |TAMS 0x00000000e7300000, 0x00000000e7300000| Untracked 
| 116|0x00000000e7400000, 0x00000000e7400000, 0x00000000e7500000|  0%| F|  |TAMS 0x00000000e7400000, 0x00000000e7400000| Untracked 
| 117|0x00000000e7500000, 0x00000000e7500000, 0x00000000e7600000|  0%| F|  |TAMS 0x00000000e7500000, 0x00000000e7500000| Untracked 
| 118|0x00000000e7600000, 0x00000000e7600000, 0x00000000e7700000|  0%| F|  |TAMS 0x00000000e7600000, 0x00000000e7600000| Untracked 
| 119|0x00000000e7700000, 0x00000000e7700000, 0x00000000e7800000|  0%| F|  |TAMS 0x00000000e7700000, 0x00000000e7700000| Untracked 
| 120|0x00000000e7800000, 0x00000000e7800000, 0x00000000e7900000|  0%| F|  |TAMS 0x00000000e7800000, 0x00000000e7800000| Untracked 
| 121|0x00000000e7900000, 0x00000000e7900000, 0x00000000e7a00000|  0%| F|  |TAMS 0x00000000e7900000, 0x00000000e7900000| Untracked 
| 122|0x00000000e7a00000, 0x00000000e7a00000, 0x00000000e7b00000|  0%| F|  |TAMS 0x00000000e7a00000, 0x00000000e7a00000| Untracked 
| 123|0x00000000e7b00000, 0x00000000e7b00000, 0x00000000e7c00000|  0%| F|  |TAMS 0x00000000e7b00000, 0x00000000e7b00000| Untracked 
| 124|0x00000000e7c00000, 0x00000000e7c00000, 0x00000000e7d00000|  0%| F|  |TAMS 0x00000000e7c00000, 0x00000000e7c00000| Untracked 
| 125|0x00000000e7d00000, 0x00000000e7d00000, 0x00000000e7e00000|  0%| F|  |TAMS 0x00000000e7d00000, 0x00000000e7d00000| Untracked 
| 126|0x00000000e7e00000, 0x00000000e7e00000, 0x00000000e7f00000|  0%| F|  |TAMS 0x00000000e7e00000, 0x00000000e7e00000| Untracked 
| 127|0x00000000e7f00000, 0x00000000e7f00000, 0x00000000e8000000|  0%| F|  |TAMS 0x00000000e7f00000, 0x00000000e7f00000| Untracked 
| 128|0x00000000e8000000, 0x00000000e8000000, 0x00000000e8100000|  0%| F|  |TAMS 0x00000000e8000000, 0x00000000e8000000| Untracked 
| 129|0x00000000e8100000, 0x00000000e8100000, 0x00000000e8200000|  0%| F|  |TAMS 0x00000000e8100000, 0x00000000e8100000| Untracked 
| 130|0x00000000e8200000, 0x00000000e8200000, 0x00000000e8300000|  0%| F|  |TAMS 0x00000000e8200000, 0x00000000e8200000| Untracked 
| 131|0x00000000e8300000, 0x00000000e8300000, 0x00000000e8400000|  0%| F|  |TAMS 0x00000000e8300000, 0x00000000e8300000| Untracked 
| 132|0x00000000e8400000, 0x00000000e8400000, 0x00000000e8500000|  0%| F|  |TAMS 0x00000000e8400000, 0x00000000e8400000| Untracked 
| 133|0x00000000e8500000, 0x00000000e8500000, 0x00000000e8600000|  0%| F|  |TAMS 0x00000000e8500000, 0x00000000e8500000| Untracked 
| 134|0x00000000e8600000, 0x00000000e8600000, 0x00000000e8700000|  0%| F|  |TAMS 0x00000000e8600000, 0x00000000e8600000| Untracked 
| 135|0x00000000e8700000, 0x00000000e87f67a0, 0x00000000e8800000| 96%| S|CS|TAMS 0x00000000e8700000, 0x00000000e8700000| Complete 
| 136|0x00000000e8800000, 0x00000000e8900000, 0x00000000e8900000|100%| S|CS|TAMS 0x00000000e8800000, 0x00000000e8800000| Complete 
| 137|0x00000000e8900000, 0x00000000e8a00000, 0x00000000e8a00000|100%| S|CS|TAMS 0x00000000e8900000, 0x00000000e8900000| Complete 
| 138|0x00000000e8a00000, 0x00000000e8b00000, 0x00000000e8b00000|100%| S|CS|TAMS 0x00000000e8a00000, 0x00000000e8a00000| Complete 
| 139|0x00000000e8b00000, 0x00000000e8c00000, 0x00000000e8c00000|100%| S|CS|TAMS 0x00000000e8b00000, 0x00000000e8b00000| Complete 
| 140|0x00000000e8c00000, 0x00000000e8d00000, 0x00000000e8d00000|100%| S|CS|TAMS 0x00000000e8c00000, 0x00000000e8c00000| Complete 
| 141|0x00000000e8d00000, 0x00000000e8e00000, 0x00000000e8e00000|100%| S|CS|TAMS 0x00000000e8d00000, 0x00000000e8d00000| Complete 
| 142|0x00000000e8e00000, 0x00000000e8f00000, 0x00000000e8f00000|100%| S|CS|TAMS 0x00000000e8e00000, 0x00000000e8e00000| Complete 
| 143|0x00000000e8f00000, 0x00000000e9000000, 0x00000000e9000000|100%| S|CS|TAMS 0x00000000e8f00000, 0x00000000e8f00000| Complete 
| 144|0x00000000e9000000, 0x00000000e9100000, 0x00000000e9100000|100%| S|CS|TAMS 0x00000000e9000000, 0x00000000e9000000| Complete 
| 145|0x00000000e9100000, 0x00000000e9200000, 0x00000000e9200000|100%| S|CS|TAMS 0x00000000e9100000, 0x00000000e9100000| Complete 
| 146|0x00000000e9200000, 0x00000000e9300000, 0x00000000e9300000|100%| S|CS|TAMS 0x00000000e9200000, 0x00000000e9200000| Complete 
| 147|0x00000000e9300000, 0x00000000e9300000, 0x00000000e9400000|  0%| F|  |TAMS 0x00000000e9300000, 0x00000000e9300000| Untracked 
| 148|0x00000000e9400000, 0x00000000e9400000, 0x00000000e9500000|  0%| F|  |TAMS 0x00000000e9400000, 0x00000000e9400000| Untracked 
| 149|0x00000000e9500000, 0x00000000e9500000, 0x00000000e9600000|  0%| F|  |TAMS 0x00000000e9500000, 0x00000000e9500000| Untracked 
| 150|0x00000000e9600000, 0x00000000e9600000, 0x00000000e9700000|  0%| F|  |TAMS 0x00000000e9600000, 0x00000000e9600000| Untracked 
| 151|0x00000000e9700000, 0x00000000e9700000, 0x00000000e9800000|  0%| F|  |TAMS 0x00000000e9700000, 0x00000000e9700000| Untracked 
| 152|0x00000000e9800000, 0x00000000e9800000, 0x00000000e9900000|  0%| F|  |TAMS 0x00000000e9800000, 0x00000000e9800000| Untracked 
| 153|0x00000000e9900000, 0x00000000e9900000, 0x00000000e9a00000|  0%| F|  |TAMS 0x00000000e9900000, 0x00000000e9900000| Untracked 
| 154|0x00000000e9a00000, 0x00000000e9a00000, 0x00000000e9b00000|  0%| F|  |TAMS 0x00000000e9a00000, 0x00000000e9a00000| Untracked 
| 155|0x00000000e9b00000, 0x00000000e9b00000, 0x00000000e9c00000|  0%| F|  |TAMS 0x00000000e9b00000, 0x00000000e9b00000| Untracked 
| 156|0x00000000e9c00000, 0x00000000e9c00000, 0x00000000e9d00000|  0%| F|  |TAMS 0x00000000e9c00000, 0x00000000e9c00000| Untracked 
| 157|0x00000000e9d00000, 0x00000000e9d00000, 0x00000000e9e00000|  0%| F|  |TAMS 0x00000000e9d00000, 0x00000000e9d00000| Untracked 
| 158|0x00000000e9e00000, 0x00000000e9e00000, 0x00000000e9f00000|  0%| F|  |TAMS 0x00000000e9e00000, 0x00000000e9e00000| Untracked 
| 159|0x00000000e9f00000, 0x00000000e9f00000, 0x00000000ea000000|  0%| F|  |TAMS 0x00000000e9f00000, 0x00000000e9f00000| Untracked 
| 160|0x00000000ea000000, 0x00000000ea000000, 0x00000000ea100000|  0%| F|  |TAMS 0x00000000ea000000, 0x00000000ea000000| Untracked 
| 161|0x00000000ea100000, 0x00000000ea100000, 0x00000000ea200000|  0%| F|  |TAMS 0x00000000ea100000, 0x00000000ea100000| Untracked 
| 162|0x00000000ea200000, 0x00000000ea200000, 0x00000000ea300000|  0%| F|  |TAMS 0x00000000ea200000, 0x00000000ea200000| Untracked 
| 163|0x00000000ea300000, 0x00000000ea300000, 0x00000000ea400000|  0%| F|  |TAMS 0x00000000ea300000, 0x00000000ea300000| Untracked 
| 164|0x00000000ea400000, 0x00000000ea400000, 0x00000000ea500000|  0%| F|  |TAMS 0x00000000ea400000, 0x00000000ea400000| Untracked 
| 165|0x00000000ea500000, 0x00000000ea500000, 0x00000000ea600000|  0%| F|  |TAMS 0x00000000ea500000, 0x00000000ea500000| Untracked 
| 166|0x00000000ea600000, 0x00000000ea600000, 0x00000000ea700000|  0%| F|  |TAMS 0x00000000ea600000, 0x00000000ea600000| Untracked 
| 167|0x00000000ea700000, 0x00000000ea700000, 0x00000000ea800000|  0%| F|  |TAMS 0x00000000ea700000, 0x00000000ea700000| Untracked 
| 168|0x00000000ea800000, 0x00000000ea800000, 0x00000000ea900000|  0%| F|  |TAMS 0x00000000ea800000, 0x00000000ea800000| Untracked 
| 169|0x00000000ea900000, 0x00000000ea900000, 0x00000000eaa00000|  0%| F|  |TAMS 0x00000000ea900000, 0x00000000ea900000| Untracked 
| 170|0x00000000eaa00000, 0x00000000eaa00000, 0x00000000eab00000|  0%| F|  |TAMS 0x00000000eaa00000, 0x00000000eaa00000| Untracked 
| 171|0x00000000eab00000, 0x00000000eab00000, 0x00000000eac00000|  0%| F|  |TAMS 0x00000000eab00000, 0x00000000eab00000| Untracked 
| 172|0x00000000eac00000, 0x00000000eac00000, 0x00000000ead00000|  0%| F|  |TAMS 0x00000000eac00000, 0x00000000eac00000| Untracked 
| 173|0x00000000ead00000, 0x00000000ead00000, 0x00000000eae00000|  0%| F|  |TAMS 0x00000000ead00000, 0x00000000ead00000| Untracked 
| 174|0x00000000eae00000, 0x00000000eae00000, 0x00000000eaf00000|  0%| F|  |TAMS 0x00000000eae00000, 0x00000000eae00000| Untracked 
| 175|0x00000000eaf00000, 0x00000000eaf00000, 0x00000000eb000000|  0%| F|  |TAMS 0x00000000eaf00000, 0x00000000eaf00000| Untracked 
| 176|0x00000000eb000000, 0x00000000eb000000, 0x00000000eb100000|  0%| F|  |TAMS 0x00000000eb000000, 0x00000000eb000000| Untracked 
| 177|0x00000000eb100000, 0x00000000eb100000, 0x00000000eb200000|  0%| F|  |TAMS 0x00000000eb100000, 0x00000000eb100000| Untracked 
| 178|0x00000000eb200000, 0x00000000eb200000, 0x00000000eb300000|  0%| F|  |TAMS 0x00000000eb200000, 0x00000000eb200000| Untracked 
| 179|0x00000000eb300000, 0x00000000eb300000, 0x00000000eb400000|  0%| F|  |TAMS 0x00000000eb300000, 0x00000000eb300000| Untracked 
| 180|0x00000000eb400000, 0x00000000eb400000, 0x00000000eb500000|  0%| F|  |TAMS 0x00000000eb400000, 0x00000000eb400000| Untracked 
| 181|0x00000000eb500000, 0x00000000eb500000, 0x00000000eb600000|  0%| F|  |TAMS 0x00000000eb500000, 0x00000000eb500000| Untracked 
| 182|0x00000000eb600000, 0x00000000eb600000, 0x00000000eb700000|  0%| F|  |TAMS 0x00000000eb600000, 0x00000000eb600000| Untracked 
| 183|0x00000000eb700000, 0x00000000eb700000, 0x00000000eb800000|  0%| F|  |TAMS 0x00000000eb700000, 0x00000000eb700000| Untracked 
| 184|0x00000000eb800000, 0x00000000eb800000, 0x00000000eb900000|  0%| F|  |TAMS 0x00000000eb800000, 0x00000000eb800000| Untracked 
| 185|0x00000000eb900000, 0x00000000eb900000, 0x00000000eba00000|  0%| F|  |TAMS 0x00000000eb900000, 0x00000000eb900000| Untracked 
| 186|0x00000000eba00000, 0x00000000eba00000, 0x00000000ebb00000|  0%| F|  |TAMS 0x00000000eba00000, 0x00000000eba00000| Untracked 
| 187|0x00000000ebb00000, 0x00000000ebb00000, 0x00000000ebc00000|  0%| F|  |TAMS 0x00000000ebb00000, 0x00000000ebb00000| Untracked 
| 188|0x00000000ebc00000, 0x00000000ebc00000, 0x00000000ebd00000|  0%| F|  |TAMS 0x00000000ebc00000, 0x00000000ebc00000| Untracked 
| 189|0x00000000ebd00000, 0x00000000ebd00000, 0x00000000ebe00000|  0%| F|  |TAMS 0x00000000ebd00000, 0x00000000ebd00000| Untracked 
| 190|0x00000000ebe00000, 0x00000000ebe00000, 0x00000000ebf00000|  0%| F|  |TAMS 0x00000000ebe00000, 0x00000000ebe00000| Untracked 
| 191|0x00000000ebf00000, 0x00000000ebf00000, 0x00000000ec000000|  0%| F|  |TAMS 0x00000000ebf00000, 0x00000000ebf00000| Untracked 
| 192|0x00000000ec000000, 0x00000000ec000000, 0x00000000ec100000|  0%| F|  |TAMS 0x00000000ec000000, 0x00000000ec000000| Untracked 
| 193|0x00000000ec100000, 0x00000000ec100000, 0x00000000ec200000|  0%| F|  |TAMS 0x00000000ec100000, 0x00000000ec100000| Untracked 
| 194|0x00000000ec200000, 0x00000000ec200000, 0x00000000ec300000|  0%| F|  |TAMS 0x00000000ec200000, 0x00000000ec200000| Untracked 
| 195|0x00000000ec300000, 0x00000000ec300000, 0x00000000ec400000|  0%| F|  |TAMS 0x00000000ec300000, 0x00000000ec300000| Untracked 
| 196|0x00000000ec400000, 0x00000000ec400000, 0x00000000ec500000|  0%| F|  |TAMS 0x00000000ec400000, 0x00000000ec400000| Untracked 
| 197|0x00000000ec500000, 0x00000000ec500000, 0x00000000ec600000|  0%| F|  |TAMS 0x00000000ec500000, 0x00000000ec500000| Untracked 
| 198|0x00000000ec600000, 0x00000000ec600000, 0x00000000ec700000|  0%| F|  |TAMS 0x00000000ec600000, 0x00000000ec600000| Untracked 
| 199|0x00000000ec700000, 0x00000000ec700000, 0x00000000ec800000|  0%| F|  |TAMS 0x00000000ec700000, 0x00000000ec700000| Untracked 
| 200|0x00000000ec800000, 0x00000000ec800000, 0x00000000ec900000|  0%| F|  |TAMS 0x00000000ec800000, 0x00000000ec800000| Untracked 
| 201|0x00000000ec900000, 0x00000000ec900000, 0x00000000eca00000|  0%| F|  |TAMS 0x00000000ec900000, 0x00000000ec900000| Untracked 
| 202|0x00000000eca00000, 0x00000000eca00000, 0x00000000ecb00000|  0%| F|  |TAMS 0x00000000eca00000, 0x00000000eca00000| Untracked 
| 203|0x00000000ecb00000, 0x00000000ecb00000, 0x00000000ecc00000|  0%| F|  |TAMS 0x00000000ecb00000, 0x00000000ecb00000| Untracked 
| 204|0x00000000ecc00000, 0x00000000ecc00000, 0x00000000ecd00000|  0%| F|  |TAMS 0x00000000ecc00000, 0x00000000ecc00000| Untracked 
| 205|0x00000000ecd00000, 0x00000000ecd00000, 0x00000000ece00000|  0%| F|  |TAMS 0x00000000ecd00000, 0x00000000ecd00000| Untracked 
| 206|0x00000000ece00000, 0x00000000ece00000, 0x00000000ecf00000|  0%| F|  |TAMS 0x00000000ece00000, 0x00000000ece00000| Untracked 
| 207|0x00000000ecf00000, 0x00000000ecf00000, 0x00000000ed000000|  0%| F|  |TAMS 0x00000000ecf00000, 0x00000000ecf00000| Untracked 
| 208|0x00000000ed000000, 0x00000000ed000000, 0x00000000ed100000|  0%| F|  |TAMS 0x00000000ed000000, 0x00000000ed000000| Untracked 
| 209|0x00000000ed100000, 0x00000000ed100000, 0x00000000ed200000|  0%| F|  |TAMS 0x00000000ed100000, 0x00000000ed100000| Untracked 
| 210|0x00000000ed200000, 0x00000000ed200000, 0x00000000ed300000|  0%| F|  |TAMS 0x00000000ed200000, 0x00000000ed200000| Untracked 
| 211|0x00000000ed300000, 0x00000000ed300000, 0x00000000ed400000|  0%| F|  |TAMS 0x00000000ed300000, 0x00000000ed300000| Untracked 
| 212|0x00000000ed400000, 0x00000000ed400000, 0x00000000ed500000|  0%| F|  |TAMS 0x00000000ed400000, 0x00000000ed400000| Untracked 
| 213|0x00000000ed500000, 0x00000000ed580000, 0x00000000ed600000| 50%| E|  |TAMS 0x00000000ed500000, 0x00000000ed500000| Complete 
| 214|0x00000000ed600000, 0x00000000ed700000, 0x00000000ed700000|100%| E|CS|TAMS 0x00000000ed600000, 0x00000000ed600000| Complete 
| 215|0x00000000ed700000, 0x00000000ed800000, 0x00000000ed800000|100%| E|CS|TAMS 0x00000000ed700000, 0x00000000ed700000| Complete 
| 216|0x00000000ed800000, 0x00000000ed900000, 0x00000000ed900000|100%| E|CS|TAMS 0x00000000ed800000, 0x00000000ed800000| Complete 
| 217|0x00000000ed900000, 0x00000000eda00000, 0x00000000eda00000|100%| E|CS|TAMS 0x00000000ed900000, 0x00000000ed900000| Complete 
| 218|0x00000000eda00000, 0x00000000edb00000, 0x00000000edb00000|100%| E|CS|TAMS 0x00000000eda00000, 0x00000000eda00000| Complete 
| 219|0x00000000edb00000, 0x00000000edc00000, 0x00000000edc00000|100%| E|CS|TAMS 0x00000000edb00000, 0x00000000edb00000| Complete 
| 220|0x00000000edc00000, 0x00000000edd00000, 0x00000000edd00000|100%| E|CS|TAMS 0x00000000edc00000, 0x00000000edc00000| Complete 
| 221|0x00000000edd00000, 0x00000000ede00000, 0x00000000ede00000|100%| E|CS|TAMS 0x00000000edd00000, 0x00000000edd00000| Complete 
| 222|0x00000000ede00000, 0x00000000edf00000, 0x00000000edf00000|100%| E|CS|TAMS 0x00000000ede00000, 0x00000000ede00000| Complete 
| 223|0x00000000edf00000, 0x00000000ee000000, 0x00000000ee000000|100%| E|CS|TAMS 0x00000000edf00000, 0x00000000edf00000| Complete 
| 224|0x00000000ee000000, 0x00000000ee100000, 0x00000000ee100000|100%| E|  |TAMS 0x00000000ee000000, 0x00000000ee000000| Complete 
| 225|0x00000000ee100000, 0x00000000ee200000, 0x00000000ee200000|100%| E|CS|TAMS 0x00000000ee100000, 0x00000000ee100000| Complete 
| 226|0x00000000ee200000, 0x00000000ee300000, 0x00000000ee300000|100%| E|CS|TAMS 0x00000000ee200000, 0x00000000ee200000| Complete 
| 227|0x00000000ee300000, 0x00000000ee400000, 0x00000000ee400000|100%| E|CS|TAMS 0x00000000ee300000, 0x00000000ee300000| Complete 
| 228|0x00000000ee400000, 0x00000000ee500000, 0x00000000ee500000|100%| E|CS|TAMS 0x00000000ee400000, 0x00000000ee400000| Complete 
| 229|0x00000000ee500000, 0x00000000ee600000, 0x00000000ee600000|100%| E|CS|TAMS 0x00000000ee500000, 0x00000000ee500000| Complete 
| 230|0x00000000ee600000, 0x00000000ee700000, 0x00000000ee700000|100%| E|CS|TAMS 0x00000000ee600000, 0x00000000ee600000| Complete 
| 231|0x00000000ee700000, 0x00000000ee800000, 0x00000000ee800000|100%| E|CS|TAMS 0x00000000ee700000, 0x00000000ee700000| Complete 
| 232|0x00000000ee800000, 0x00000000ee900000, 0x00000000ee900000|100%| E|CS|TAMS 0x00000000ee800000, 0x00000000ee800000| Complete 
| 233|0x00000000ee900000, 0x00000000eea00000, 0x00000000eea00000|100%| E|CS|TAMS 0x00000000ee900000, 0x00000000ee900000| Complete 
| 234|0x00000000eea00000, 0x00000000eeb00000, 0x00000000eeb00000|100%| E|CS|TAMS 0x00000000eea00000, 0x00000000eea00000| Complete 
| 235|0x00000000eeb00000, 0x00000000eec00000, 0x00000000eec00000|100%| E|CS|TAMS 0x00000000eeb00000, 0x00000000eeb00000| Complete 
| 236|0x00000000eec00000, 0x00000000eed00000, 0x00000000eed00000|100%| E|CS|TAMS 0x00000000eec00000, 0x00000000eec00000| Complete 
| 237|0x00000000eed00000, 0x00000000eee00000, 0x00000000eee00000|100%| E|CS|TAMS 0x00000000eed00000, 0x00000000eed00000| Complete 
| 238|0x00000000eee00000, 0x00000000eef00000, 0x00000000eef00000|100%| E|CS|TAMS 0x00000000eee00000, 0x00000000eee00000| Complete 
| 239|0x00000000eef00000, 0x00000000ef000000, 0x00000000ef000000|100%| E|CS|TAMS 0x00000000eef00000, 0x00000000eef00000| Complete 
| 240|0x00000000ef000000, 0x00000000ef100000, 0x00000000ef100000|100%| E|CS|TAMS 0x00000000ef000000, 0x00000000ef000000| Complete 
| 241|0x00000000ef100000, 0x00000000ef200000, 0x00000000ef200000|100%| E|CS|TAMS 0x00000000ef100000, 0x00000000ef100000| Complete 
| 242|0x00000000ef200000, 0x00000000ef300000, 0x00000000ef300000|100%| E|CS|TAMS 0x00000000ef200000, 0x00000000ef200000| Complete 
| 243|0x00000000ef300000, 0x00000000ef400000, 0x00000000ef400000|100%| E|CS|TAMS 0x00000000ef300000, 0x00000000ef300000| Complete 
| 244|0x00000000ef400000, 0x00000000ef500000, 0x00000000ef500000|100%| E|CS|TAMS 0x00000000ef400000, 0x00000000ef400000| Complete 
| 245|0x00000000ef500000, 0x00000000ef600000, 0x00000000ef600000|100%| E|CS|TAMS 0x00000000ef500000, 0x00000000ef500000| Complete 
| 246|0x00000000ef600000, 0x00000000ef700000, 0x00000000ef700000|100%| E|CS|TAMS 0x00000000ef600000, 0x00000000ef600000| Complete 
| 247|0x00000000ef700000, 0x00000000ef800000, 0x00000000ef800000|100%| E|CS|TAMS 0x00000000ef700000, 0x00000000ef700000| Complete 
| 248|0x00000000ef800000, 0x00000000ef900000, 0x00000000ef900000|100%| E|CS|TAMS 0x00000000ef800000, 0x00000000ef800000| Complete 
| 249|0x00000000ef900000, 0x00000000efa00000, 0x00000000efa00000|100%| E|CS|TAMS 0x00000000ef900000, 0x00000000ef900000| Complete 
| 250|0x00000000efa00000, 0x00000000efb00000, 0x00000000efb00000|100%| E|CS|TAMS 0x00000000efa00000, 0x00000000efa00000| Complete 
| 251|0x00000000efb00000, 0x00000000efc00000, 0x00000000efc00000|100%| E|CS|TAMS 0x00000000efb00000, 0x00000000efb00000| Complete 
| 252|0x00000000efc00000, 0x00000000efd00000, 0x00000000efd00000|100%| E|CS|TAMS 0x00000000efc00000, 0x00000000efc00000| Complete 
| 253|0x00000000efd00000, 0x00000000efe00000, 0x00000000efe00000|100%| E|CS|TAMS 0x00000000efd00000, 0x00000000efd00000| Complete 
| 254|0x00000000efe00000, 0x00000000eff00000, 0x00000000eff00000|100%| E|CS|TAMS 0x00000000efe00000, 0x00000000efe00000| Complete 
| 255|0x00000000eff00000, 0x00000000f0000000, 0x00000000f0000000|100%| E|CS|TAMS 0x00000000eff00000, 0x00000000eff00000| Complete 

Card table byte_map: [0x000002494f060000,0x000002494f160000] _byte_map_base: 0x000002494e960000

Marking Bits (Prev, Next): (CMBitMap*) 0x00000249375d58d0, (CMBitMap*) 0x00000249375d5890
 Prev Bits: [0x000002494fa60000, 0x0000024950260000)
 Next Bits: [0x000002494f260000, 0x000002494fa60000)

Polling page: 0x00000249374b0000

Metaspace:

Usage:
  Non-class:     24.53 MB used.
      Class:      4.03 MB used.
       Both:     28.56 MB used.

Virtual space:
  Non-class space:       64.00 MB reserved,      24.75 MB ( 39%) committed,  1 nodes.
      Class space:      208.00 MB reserved,       4.19 MB (  2%) committed,  1 nodes.
             Both:      272.00 MB reserved,      28.94 MB ( 11%) committed. 

Chunk freelists:
   Non-Class:  6.66 MB
       Class:  11.67 MB
        Both:  18.33 MB

MaxMetaspaceSize: 256.00 MB
CompressedClassSpaceSize: 208.00 MB
Initial GC threshold: 21.00 MB
Current GC threshold: 35.12 MB
CDS: on
MetaspaceReclaimPolicy: balanced
 - commit_granule_bytes: 65536.
 - commit_granule_words: 8192.
 - virtual_space_node_default_size: 8388608.
 - enlarge_chunks_in_place: 1.
 - new_chunks_are_fully_committed: 0.
 - uncommit_free_chunks: 1.
 - use_allocation_guard: 0.
 - handle_deallocations: 1.


Internal statistics:

num_allocs_failed_limit: 3.
num_arena_births: 278.
num_arena_deaths: 0.
num_vsnodes_births: 2.
num_vsnodes_deaths: 0.
num_space_committed: 463.
num_space_uncommitted: 0.
num_chunks_returned_to_freelist: 3.
num_chunks_taken_from_freelist: 1270.
num_chunk_merges: 3.
num_chunk_splits: 854.
num_chunks_enlarged: 628.
num_inconsistent_stats: 0.

CodeHeap 'non-profiled nmethods': size=120000Kb used=2111Kb max_used=2111Kb free=117888Kb
 bounds [0x00000249470b0000, 0x0000024947320000, 0x000002494e5e0000]
CodeHeap 'profiled nmethods': size=120000Kb used=7080Kb max_used=7080Kb free=112919Kb
 bounds [0x000002493f5e0000, 0x000002493fcd0000, 0x0000024946b10000]
CodeHeap 'non-nmethods': size=5760Kb used=1607Kb max_used=1618Kb free=4152Kb
 bounds [0x0000024946b10000, 0x0000024946d80000, 0x00000249470b0000]
 total_blobs=4164 nmethods=3509 adapters=565
 compilation: enabled
              stopped_count=0, restarted_count=0
 full_count=0

Compilation events (20 events):
Event: 6.830 Thread 0x0000024952ce80b0 nmethod 3364 0x000002493fc77510 code [0x000002493fc77700, 0x000002493fc77c58]
Event: 6.830 Thread 0x0000024952ce80b0 3366       3       java.util.Arrays::copyOf (19 bytes)
Event: 6.830 Thread 0x0000024952ce5b80 nmethod 3300 0x00000249472b7b90 code [0x00000249472b7d20, 0x00000249472b8078]
Event: 6.830 Thread 0x0000024952ce5b80 3367       4       java.util.regex.Matcher::search (154 bytes)
Event: 6.830 Thread 0x0000024952ce80b0 nmethod 3366 0x000002493fc77f10 code [0x000002493fc780c0, 0x000002493fc783a8]
Event: 6.830 Thread 0x0000024952ce80b0 3365  s    3       jdk.nio.zipfs.ZipDirectoryStream$1::next (34 bytes)
Event: 6.830 Thread 0x0000024952ce80b0 nmethod 3365 0x000002493fc78510 code [0x000002493fc786e0, 0x000002493fc78b98]
Event: 6.830 Thread 0x0000024952ce80b0 3368       3       jdk.internal.util.ArraysSupport::mismatch (73 bytes)
Event: 6.831 Thread 0x0000024952ce80b0 nmethod 3368 0x000002493fc78d10 code [0x000002493fc78ee0, 0x000002493fc792d8]
Event: 6.831 Thread 0x0000024952ce80b0 3369       3       java.time.LocalDateTime::<init> (15 bytes)
Event: 6.832 Thread 0x0000024952ce80b0 nmethod 3369 0x000002493fc79510 code [0x000002493fc796c0, 0x000002493fc798d8]
Event: 6.832 Thread 0x0000024952ce80b0 3370       3       java.util.concurrent.TimeUnit::convert (77 bytes)
Event: 6.832 Thread 0x0000024952ce80b0 nmethod 3370 0x000002493fc79990 code [0x000002493fc79ba0, 0x000002493fc79f48]
Event: 6.832 Thread 0x0000024952ce80b0 3372       3       java.time.LocalDate::<init> (22 bytes)
Event: 6.832 Thread 0x0000024967641020 nmethod 3301 0x00000249472b8390 code [0x00000249472b8520, 0x00000249472b89d8]
Event: 6.833 Thread 0x0000024952ce80b0 nmethod 3372 0x000002493fc7a110 code [0x000002493fc7a2c0, 0x000002493fc7a438]
Event: 6.833 Thread 0x0000024952ce80b0 3371       3       java.lang.String::<init> (10 bytes)
Event: 6.833 Thread 0x0000024952ce80b0 nmethod 3371 0x000002493fc7a510 code [0x000002493fc7a6c0, 0x000002493fc7a808]
Event: 6.833 Thread 0x0000024952ce80b0 3373       3       java.util.ArrayDeque::size (17 bytes)
Event: 6.833 Thread 0x0000024952ce80b0 nmethod 3373 0x000002493fc7a910 code [0x000002493fc7aac0, 0x000002493fc7ac78]

GC Heap History (6 events):
Event: 0.911 GC heap before
{Heap before GC invocations=0 (full 0):
 garbage-first heap   total 262144K, used 28672K [0x00000000e0000000, 0x0000000100000000)
  region size 1024K, 23 young (23552K), 0 survivors (0K)
 Metaspace       used 3003K, committed 3136K, reserved 278528K
  class space    used 384K, committed 448K, reserved 212992K
}
Event: 0.916 GC heap after
{Heap after GC invocations=1 (full 0):
 garbage-first heap   total 262144K, used 9360K [0x00000000e0000000, 0x0000000100000000)
  region size 1024K, 3 young (3072K), 3 survivors (3072K)
 Metaspace       used 3003K, committed 3136K, reserved 278528K
  class space    used 384K, committed 448K, reserved 212992K
}
Event: 1.612 GC heap before
{Heap before GC invocations=1 (full 0):
 garbage-first heap   total 262144K, used 38032K [0x00000000e0000000, 0x0000000100000000)
  region size 1024K, 30 young (30720K), 3 survivors (3072K)
 Metaspace       used 3924K, committed 4096K, reserved 278528K
  class space    used 479K, committed 576K, reserved 212992K
}
Event: 1.616 GC heap after
{Heap after GC invocations=2 (full 0):
 garbage-first heap   total 262144K, used 11958K [0x00000000e0000000, 0x0000000100000000)
  region size 1024K, 3 young (3072K), 3 survivors (3072K)
 Metaspace       used 3924K, committed 4096K, reserved 278528K
  class space    used 479K, committed 576K, reserved 212992K
}
Event: 5.536 GC heap before
{Heap before GC invocations=2 (full 0):
 garbage-first heap   total 262144K, used 119478K [0x00000000e0000000, 0x0000000100000000)
  region size 1024K, 109 young (111616K), 3 survivors (3072K)
 Metaspace       used 21281K, committed 21504K, reserved 278528K
  class space    used 3161K, committed 3264K, reserved 212992K
}
Event: 5.547 GC heap after
{Heap after GC invocations=3 (full 0):
 garbage-first heap   total 262144K, used 22015K [0x00000000e0000000, 0x0000000100000000)
  region size 1024K, 12 young (12288K), 12 survivors (12288K)
 Metaspace       used 21281K, committed 21504K, reserved 278528K
  class space    used 3161K, committed 3264K, reserved 212992K
}

Dll operation events (13 events):
Event: 0.015 Loaded shared library C:\Program Files\Eclipse Adoptium\jdk-17.0.18.8-hotspot\bin\java.dll
Event: 0.042 Loaded shared library C:\Program Files\Eclipse Adoptium\jdk-17.0.18.8-hotspot\bin\jsvml.dll
Event: 0.099 Loaded shared library C:\Program Files\Eclipse Adoptium\jdk-17.0.18.8-hotspot\bin\net.dll
Event: 0.102 Loaded shared library C:\Program Files\Eclipse Adoptium\jdk-17.0.18.8-hotspot\bin\nio.dll
Event: 0.105 Loaded shared library C:\Program Files\Eclipse Adoptium\jdk-17.0.18.8-hotspot\bin\zip.dll
Event: 0.368 Loaded shared library C:\Program Files\Eclipse Adoptium\jdk-17.0.18.8-hotspot\bin\jimage.dll
Event: 0.469 Loaded shared library C:\Program Files\Eclipse Adoptium\jdk-17.0.18.8-hotspot\bin\verify.dll
Event: 0.713 Loaded shared library C:\Users\Administrator\.gradle\native\e1d6ef7f7dcc3fd88c89a11ec53ec762bb8ba0a96d01ffa2cd45eb1d1d8dd5c5\windows-amd64\native-platform.dll
Event: 0.731 Loaded shared library C:\Users\Administrator\.gradle\native\0d407fdbe67a94daf76414ababcb853783967236a71b16ec16e742cd7a986fd3\windows-amd64\native-platform-file-events.dll
Event: 2.062 Loaded shared library C:\Program Files\Eclipse Adoptium\jdk-17.0.18.8-hotspot\bin\management.dll
Event: 2.068 Loaded shared library C:\Program Files\Eclipse Adoptium\jdk-17.0.18.8-hotspot\bin\management_ext.dll
Event: 2.529 Loaded shared library C:\Program Files\Eclipse Adoptium\jdk-17.0.18.8-hotspot\bin\extnet.dll
Event: 3.153 Loaded shared library C:\Program Files\Eclipse Adoptium\jdk-17.0.18.8-hotspot\bin\sunmscapi.dll

Deoptimization events (20 events):
Event: 5.989 Thread 0x0000024965bf9380 Uncommon trap: trap_request=0xffffffde fr.pc=0x00000249471a9aac relative=0x000000000000200c
Event: 5.989 Thread 0x0000024965bf9380 Uncommon trap: reason=class_check action=maybe_recompile pc=0x00000249471a9aac method=java.io.BufferedInputStream.read([BII)I @ 101 c2
Event: 5.989 Thread 0x0000024965bf9380 DEOPT PACKING pc=0x00000249471a9aac sp=0x000000cd0e2f8650
Event: 5.989 Thread 0x0000024965bf9380 DEOPT UNPACKING pc=0x0000024946b6a1a3 sp=0x000000cd0e2f8500 mode 2
Event: 5.990 Thread 0x0000024965bf9380 Uncommon trap: trap_request=0xffffffde fr.pc=0x00000249471a9aac relative=0x000000000000200c
Event: 5.990 Thread 0x0000024965bf9380 Uncommon trap: reason=class_check action=maybe_recompile pc=0x00000249471a9aac method=java.io.BufferedInputStream.read([BII)I @ 101 c2
Event: 5.990 Thread 0x0000024965bf9380 DEOPT PACKING pc=0x00000249471a9aac sp=0x000000cd0e2f8650
Event: 5.990 Thread 0x0000024965bf9380 DEOPT UNPACKING pc=0x0000024946b6a1a3 sp=0x000000cd0e2f8500 mode 2
Event: 6.348 Thread 0x0000024965bf9380 Uncommon trap: trap_request=0xffffff45 fr.pc=0x0000024947199914 relative=0x00000000000005f4
Event: 6.348 Thread 0x0000024965bf9380 Uncommon trap: reason=unstable_if action=reinterpret pc=0x0000024947199914 method=java.util.Properties$LineReader.readLine()I @ 95 c2
Event: 6.348 Thread 0x0000024965bf9380 DEOPT PACKING pc=0x0000024947199914 sp=0x000000cd0e2f85a0
Event: 6.348 Thread 0x0000024965bf9380 DEOPT UNPACKING pc=0x0000024946b6a1a3 sp=0x000000cd0e2f8550 mode 2
Event: 6.570 Thread 0x0000024965bf9380 Uncommon trap: trap_request=0xffffff54 fr.pc=0x000002494716a1a8 relative=0x00000000000013e8
Event: 6.570 Thread 0x0000024965bf9380 Uncommon trap: reason=speculate_null_assert action=make_not_entrant pc=0x000002494716a1a8 method=jdk.internal.loader.URLClassPath$JarLoader.getResource(Ljava/lang/String;ZLjava/util/Set;)Ljdk/internal/loader/Resource; @ 17 c2
Event: 6.570 Thread 0x0000024965bf9380 DEOPT PACKING pc=0x000002494716a1a8 sp=0x000000cd0e2f7310
Event: 6.570 Thread 0x0000024965bf9380 DEOPT UNPACKING pc=0x0000024946b6a1a3 sp=0x000000cd0e2f72b8 mode 2
Event: 6.698 Thread 0x0000024965bf9380 Uncommon trap: trap_request=0xffffffc6 fr.pc=0x0000024947248bc8 relative=0x0000000000004d48
Event: 6.698 Thread 0x0000024965bf9380 Uncommon trap: reason=bimorphic_or_optimized_type_check action=maybe_recompile pc=0x0000024947248bc8 method=java.net.URL.<init>(Ljava/net/URL;Ljava/lang/String;Ljava/net/URLStreamHandler;)V @ 504 c2
Event: 6.698 Thread 0x0000024965bf9380 DEOPT PACKING pc=0x0000024947248bc8 sp=0x000000cd0e2f7cb0
Event: 6.698 Thread 0x0000024965bf9380 DEOPT UNPACKING pc=0x0000024946b6a1a3 sp=0x000000cd0e2f7c60 mode 2

Classes loaded (20 events):
Event: 6.737 Loading class java/nio/file/AccessDeniedException
Event: 6.737 Loading class java/nio/file/AccessDeniedException done
Event: 6.737 Loading class java/nio/file/InvalidPathException
Event: 6.737 Loading class java/nio/file/InvalidPathException done
Event: 6.739 Loading class java/nio/file/attribute/PosixFileAttributeView
Event: 6.739 Loading class java/nio/file/attribute/PosixFileAttributeView done
Event: 6.740 Loading class sun/nio/fs/WindowsSecurityDescriptor
Event: 6.741 Loading class sun/nio/fs/WindowsSecurityDescriptor done
Event: 6.741 Loading class sun/nio/fs/WindowsChannelFactory$2
Event: 6.742 Loading class sun/nio/fs/WindowsChannelFactory$2 done
Event: 6.783 Loading class java/nio/file/SimpleFileVisitor
Event: 6.783 Loading class java/nio/file/SimpleFileVisitor done
Event: 6.786 Loading class java/time/DateTimeException
Event: 6.786 Loading class java/time/DateTimeException done
Event: 6.786 Loading class java/util/regex/PatternSyntaxException
Event: 6.787 Loading class java/util/regex/PatternSyntaxException done
Event: 6.791 Loading class java/nio/file/ClosedDirectoryStreamException
Event: 6.791 Loading class java/nio/file/ClosedDirectoryStreamException done
Event: 6.791 Loading class java/nio/file/DirectoryIteratorException
Event: 6.791 Loading class java/nio/file/DirectoryIteratorException done

Classes unloaded (0 events):
No events

Classes redefined (0 events):
No events

Internal exceptions (20 events):
Event: 5.573 Thread 0x0000024965bf9380 Exception <a 'java/lang/NoSuchMethodError'{0x00000000efff2420}: 'java.lang.Object java.lang.invoke.DirectMethodHandle$Holder.newInvokeSpecial(java.lang.Object, java.lang.Object, java.lang.Object, java.lang.Object, java.lang.Object, java.lang.Object, java.lang.Object, java.lang.Object)'> (0x00000000efff2420) 
thrown [s\src\hotspot\share\interpreter\linkResolver.cpp, line 759]
Event: 5.574 Thread 0x0000024965bf9380 Exception <a 'java/lang/NoSuchMethodError'{0x00000000efff8200}: 'java.lang.Object java.lang.invoke.Invokers$Holder.linkToTargetMethod(java.lang.Object, java.lang.Object, java.lang.Object, java.lang.Object, java.lang.Object, java.lang.Object, java.lang.Object, java.lang.Object)'> (0x00000000efff8200) 
thrown [s\src\hotspot\share\interpreter\linkResolver.cpp, line 759]
Event: 5.583 Thread 0x0000024965bf9380 Exception <a 'java/lang/IncompatibleClassChangeError'{0x00000000efe683c0}: Found class java.lang.Object, but interface was expected> (0x00000000efe683c0) 
thrown [s\src\hotspot\share\interpreter\linkResolver.cpp, line 826]
Event: 5.822 Thread 0x0000024965bf9380 Exception <a 'java/lang/NoSuchMethodError'{0x00000000ef4d0900}: 'java.lang.Object java.lang.invoke.DirectMethodHandle$Holder.newInvokeSpecial(java.lang.Object, java.lang.Object, long)'> (0x00000000ef4d0900) 
thrown [s\src\hotspot\share\interpreter\linkResolver.cpp, line 759]
Event: 5.823 Thread 0x0000024965bf9380 Exception <a 'java/lang/NoSuchMethodError'{0x00000000ef4d4f10}: 'java.lang.Object java.lang.invoke.Invokers$Holder.linkToTargetMethod(java.lang.Object, long, java.lang.Object)'> (0x00000000ef4d4f10) 
thrown [s\src\hotspot\share\interpreter\linkResolver.cpp, line 759]
Event: 5.845 Thread 0x0000024965bf9380 Exception <a 'java/lang/NoSuchMethodError'{0x00000000ef39b0b0}: 'int java.lang.invoke.DirectMethodHandle$Holder.invokeInterface(java.lang.Object, java.lang.Object)'> (0x00000000ef39b0b0) 
thrown [s\src\hotspot\share\interpreter\linkResolver.cpp, line 759]
Event: 5.848 Thread 0x0000024965bf9380 Exception <a 'java/lang/NoSuchMethodError'{0x00000000ef3c0540}: 'java.lang.Object java.lang.invoke.DirectMethodHandle$Holder.invokeStatic(java.lang.Object, java.lang.Object, int, java.lang.Object)'> (0x00000000ef3c0540) 
thrown [s\src\hotspot\share\interpreter\linkResolver.cpp, line 759]
Event: 5.849 Thread 0x0000024965bf9380 Exception <a 'java/lang/NoSuchMethodError'{0x00000000ef3c80f8}: 'java.lang.Object java.lang.invoke.DirectMethodHandle$Holder.newInvokeSpecial(java.lang.Object, java.lang.Object, int, java.lang.Object)'> (0x00000000ef3c80f8) 
thrown [s\src\hotspot\share\interpreter\linkResolver.cpp, line 759]
Event: 5.849 Thread 0x0000024965bf9380 Exception <a 'java/lang/NoSuchMethodError'{0x00000000ef3cc9e0}: 'java.lang.Object java.lang.invoke.DirectMethodHandle$Holder.invokeSpecial(java.lang.Object, java.lang.Object, java.lang.Object, int, java.lang.Object)'> (0x00000000ef3cc9e0) 
thrown [s\src\hotspot\share\interpreter\linkResolver.cpp, line 759]
Event: 6.082 Thread 0x0000024965bf9380 Exception <a 'java/lang/NoSuchMethodError'{0x00000000eeb36640}: 'void java.lang.invoke.DirectMethodHandle$Holder.invokeStaticInit(java.lang.Object, java.lang.Object, java.lang.Object)'> (0x00000000eeb36640) 
thrown [s\src\hotspot\share\interpreter\linkResolver.cpp, line 759]
Event: 6.083 Thread 0x0000024965bf9380 Exception <a 'java/lang/NoSuchMethodError'{0x00000000eeb3db40}: 'void java.lang.invoke.DirectMethodHandle$Holder.invokeStaticInit(java.lang.Object, java.lang.Object, java.lang.Object, java.lang.Object)'> (0x00000000eeb3db40) 
thrown [s\src\hotspot\share\interpreter\linkResolver.cpp, line 759]
Event: 6.086 Thread 0x0000024965bf9380 Exception <a 'java/lang/NoSuchMethodError'{0x00000000eeb60618}: 'void java.lang.invoke.DirectMethodHandle$Holder.invokeStaticInit(java.lang.Object, java.lang.Object, java.lang.Object, java.lang.Object, java.lang.Object)'> (0x00000000eeb60618) 
thrown [s\src\hotspot\share\interpreter\linkResolver.cpp, line 759]
Event: 6.107 Thread 0x0000024965bf9380 Exception <a 'java/lang/NoSuchMethodError'{0x00000000eebd3278}: 'int java.lang.invoke.DirectMethodHandle$Holder.invokeStaticInit(java.lang.Object, java.lang.Object, java.lang.Object, java.lang.Object)'> (0x00000000eebd3278) 
thrown [s\src\hotspot\share\interpreter\linkResolver.cpp, line 759]
Event: 6.572 Thread 0x0000024965bf9380 Exception <a 'java/lang/ClassNotFoundException'{0x00000000ee3b0548}: groovy/lang/ExpandoMetaClassBeanInfo> (0x00000000ee3b0548) 
thrown [s\src\hotspot\share\classfile\systemDictionary.cpp, line 256]
Event: 6.574 Thread 0x0000024965bf9380 Exception <a 'java/lang/ClassNotFoundException'{0x00000000ee3c6f40}: groovy/lang/MetaClassImplBeanInfo> (0x00000000ee3c6f40) 
thrown [s\src\hotspot\share\classfile\systemDictionary.cpp, line 256]
Event: 6.574 Thread 0x0000024965bf9380 Exception <a 'java/lang/ClassNotFoundException'{0x00000000ee3cbf28}: java/lang/ObjectBeanInfo> (0x00000000ee3cbf28) 
thrown [s\src\hotspot\share\classfile\systemDictionary.cpp, line 256]
Event: 6.578 Thread 0x0000024965bf9380 Exception <a 'java/lang/ClassNotFoundException'{0x00000000ee3d15c8}: java/lang/ObjectCustomizer> (0x00000000ee3d15c8) 
thrown [s\src\hotspot\share\classfile\systemDictionary.cpp, line 256]
Event: 6.585 Thread 0x0000024965bf9380 Exception <a 'java/lang/IncompatibleClassChangeError'{0x00000000ee3d88e8}: Found class java.lang.Object, but interface was expected> (0x00000000ee3d88e8) 
thrown [s\src\hotspot\share\interpreter\linkResolver.cpp, line 826]
Event: 6.593 Thread 0x0000024965bf9380 Exception <a 'java/lang/ClassNotFoundException'{0x00000000ee3f4498}: groovy/lang/MetaClassImplCustomizer> (0x00000000ee3f4498) 
thrown [s\src\hotspot\share\classfile\systemDictionary.cpp, line 256]
Event: 6.600 Thread 0x0000024965bf9380 Exception <a 'java/lang/ClassNotFoundException'{0x00000000ee22c6d8}: groovy/lang/ExpandoMetaClassCustomizer> (0x00000000ee22c6d8) 
thrown [s\src\hotspot\share\classfile\systemDictionary.cpp, line 256]

VM Operations (20 events):
Event: 5.867 Executing VM operation: HandshakeAllThreads
Event: 5.867 Executing VM operation: HandshakeAllThreads done
Event: 5.869 Executing VM operation: HandshakeAllThreads
Event: 5.869 Executing VM operation: HandshakeAllThreads done
Event: 5.924 Executing VM operation: HandshakeAllThreads
Event: 5.924 Executing VM operation: HandshakeAllThreads done
Event: 6.024 Executing VM operation: HandshakeAllThreads
Event: 6.024 Executing VM operation: HandshakeAllThreads done
Event: 6.442 Executing VM operation: HandshakeAllThreads
Event: 6.442 Executing VM operation: HandshakeAllThreads done
Event: 6.520 Executing VM operation: HandshakeAllThreads
Event: 6.521 Executing VM operation: HandshakeAllThreads done
Event: 6.698 Executing VM operation: HandshakeAllThreads
Event: 6.699 Executing VM operation: HandshakeAllThreads done
Event: 6.699 Executing VM operation: Cleanup
Event: 6.699 Executing VM operation: Cleanup done
Event: 6.699 Executing VM operation: HandshakeAllThreads
Event: 6.700 Executing VM operation: HandshakeAllThreads done
Event: 6.707 Executing VM operation: HandshakeAllThreads
Event: 6.707 Executing VM operation: HandshakeAllThreads done

Memory protections (0 events):
No events

Nmethod flushes (0 events):
No events

Events (20 events):
Event: 3.220 Thread 0x000002496678a040 Thread added: 0x0000024965bf9890
Event: 3.229 Thread 0x000002496678a040 Thread added: 0x0000024965bf9380
Event: 3.241 Thread 0x0000024965bf9380 Thread added: 0x0000024965bf7010
Event: 3.244 Thread 0x0000024965bf9380 Thread added: 0x0000024965bf9da0
Event: 3.251 Thread 0x0000024965bf9380 Thread added: 0x0000024965bf65f0
Event: 3.409 Thread 0x0000024965bf9380 Thread added: 0x0000024965bf7520
Event: 3.446 Thread 0x0000024965bf9380 Thread added: 0x0000024965bf7a30
Event: 3.679 Thread 0x0000024965bf9380 Thread added: 0x0000024965bf7f40
Event: 3.975 Thread 0x0000024952ce80b0 Thread added: 0x0000024967641020
Event: 4.338 Thread 0x0000024952ce80b0 Thread added: 0x0000024967e57060
Event: 4.614 Thread 0x0000024965bf9380 Thread added: 0x0000024965bf8450
Event: 4.629 Thread 0x0000024965bf9380 Thread added: 0x0000024965bf8960
Event: 4.982 Thread 0x0000024965bf9380 Thread added: 0x0000024965bf8e70
Event: 5.036 Thread 0x0000024965bf9380 Thread added: 0x0000024968847cd0
Event: 5.101 Thread 0x0000024965bf9380 Thread added: 0x0000024968849b30
Event: 5.408 Thread 0x0000024965bf9380 Thread added: 0x0000024968848c00
Event: 5.441 Thread 0x0000024965bf9380 Thread added: 0x0000024968849110
Event: 5.631 Thread 0x0000024965bf9380 Thread added: 0x0000024968849620
Event: 5.851 Thread 0x0000024965bf9380 Thread added: 0x000002496884a040
Event: 5.912 Thread 0x0000024965bf9380 Thread added: 0x00000249688477c0


Dynamic libraries:
0x00007ff73c6b0000 - 0x00007ff73c6be000 	C:\Program Files\Eclipse Adoptium\jdk-17.0.18.8-hotspot\bin\java.exe
0x00007fffa8650000 - 0x00007fffa8868000 	C:\WINDOWS\SYSTEM32\ntdll.dll
0x00007fffa6580000 - 0x00007fffa6644000 	C:\WINDOWS\System32\KERNEL32.DLL
0x00007fffa5c60000 - 0x00007fffa6033000 	C:\WINDOWS\System32\KERNELBASE.dll
0x00007fffa5b40000 - 0x00007fffa5c51000 	C:\WINDOWS\System32\ucrtbase.dll
0x00007fff87b50000 - 0x00007fff87b68000 	C:\Program Files\Eclipse Adoptium\jdk-17.0.18.8-hotspot\bin\jli.dll
0x00007fff881a0000 - 0x00007fff881be000 	C:\Program Files\Eclipse Adoptium\jdk-17.0.18.8-hotspot\bin\VCRUNTIME140.dll
0x00007fffa7120000 - 0x00007fffa72d2000 	C:\WINDOWS\System32\USER32.dll
0x00007fffa60f0000 - 0x00007fffa6116000 	C:\WINDOWS\System32\win32u.dll
0x00007fffa7e40000 - 0x00007fffa7e69000 	C:\WINDOWS\System32\GDI32.dll
0x00007fffa5480000 - 0x00007fffa559b000 	C:\WINDOWS\System32\gdi32full.dll
0x00007fffa5aa0000 - 0x00007fffa5b3a000 	C:\WINDOWS\System32\msvcp_win.dll
0x00007fff8b410000 - 0x00007fff8b6ac000 	C:\WINDOWS\WinSxS\amd64_microsoft.windows.common-controls_6595b64144ccf1df_6.0.22621.6060_none_2712eda17382d24b\COMCTL32.dll
0x00007fffa8170000 - 0x00007fffa8217000 	C:\WINDOWS\System32\msvcrt.dll
0x00007fffa67c0000 - 0x00007fffa67f1000 	C:\WINDOWS\System32\IMM32.DLL
0x00000000750c0000 - 0x00000000750cd000 	C:\Program Files (x86)\360\360safe\safemon\SafeWrapper.dll
0x00007fffa6120000 - 0x00007fffa61d1000 	C:\WINDOWS\System32\ADVAPI32.dll
0x00007fffa82d0000 - 0x00007fffa8378000 	C:\WINDOWS\System32\sechost.dll
0x00007fffa5860000 - 0x00007fffa5888000 	C:\WINDOWS\System32\bcrypt.dll
0x00007fffa7820000 - 0x00007fffa7938000 	C:\WINDOWS\System32\RPCRT4.dll
0x00007fff9d010000 - 0x00007fff9d115000 	C:\Program Files (x86)\360\360safe\safemon\libzdtp64.dll
0x00007fffa6880000 - 0x00007fffa711c000 	C:\WINDOWS\System32\SHELL32.dll
0x00007fffa5340000 - 0x00007fffa547f000 	C:\WINDOWS\System32\wintypes.dll
0x00007fffa61e0000 - 0x00007fffa6571000 	C:\WINDOWS\System32\combase.dll
0x00007fffa6750000 - 0x00007fffa67b9000 	C:\WINDOWS\System32\SHLWAPI.dll
0x00007fffa4d70000 - 0x00007fffa4d7a000 	C:\WINDOWS\SYSTEM32\VERSION.dll
0x00007fff87e00000 - 0x00007fff87e0c000 	C:\Program Files\Eclipse Adoptium\jdk-17.0.18.8-hotspot\bin\vcruntime140_1.dll
0x00007fff4f850000 - 0x00007fff4f8dd000 	C:\Program Files\Eclipse Adoptium\jdk-17.0.18.8-hotspot\bin\msvcp140.dll
0x00007fff34ac0000 - 0x00007fff3572b000 	C:\Program Files\Eclipse Adoptium\jdk-17.0.18.8-hotspot\bin\server\jvm.dll
0x00007fffa5890000 - 0x00007fffa58dd000 	C:\WINDOWS\System32\POWRPROF.dll
0x00007fffa6800000 - 0x00007fffa6871000 	C:\WINDOWS\System32\WS2_32.dll
0x00007fff9dd50000 - 0x00007fff9dd84000 	C:\WINDOWS\SYSTEM32\WINMM.dll
0x00007fffa4880000 - 0x00007fffa4893000 	C:\WINDOWS\SYSTEM32\UMPDC.dll
0x00007fffa4270000 - 0x00007fffa4288000 	C:\WINDOWS\SYSTEM32\kernel.appcore.dll
0x00007fff87560000 - 0x00007fff8756a000 	C:\Program Files\Eclipse Adoptium\jdk-17.0.18.8-hotspot\bin\jimage.dll
0x00007fffa2610000 - 0x00007fffa2843000 	C:\WINDOWS\SYSTEM32\DBGHELP.DLL
0x00007fffa8530000 - 0x00007fffa8608000 	C:\WINDOWS\System32\OLEAUT32.dll
0x00007fff8c2b0000 - 0x00007fff8c2e2000 	C:\WINDOWS\SYSTEM32\dbgcore.DLL
0x00007fffa5720000 - 0x00007fffa579b000 	C:\WINDOWS\System32\bcryptPrimitives.dll
0x00007fff6a850000 - 0x00007fff6a875000 	C:\Program Files\Eclipse Adoptium\jdk-17.0.18.8-hotspot\bin\java.dll
0x00007fff3fb40000 - 0x00007fff3fc17000 	C:\Program Files\Eclipse Adoptium\jdk-17.0.18.8-hotspot\bin\jsvml.dll
0x00007fffa31b0000 - 0x00007fffa3aca000 	C:\WINDOWS\SYSTEM32\windows.storage.dll
0x00007fffa7d10000 - 0x00007fffa7e14000 	C:\WINDOWS\System32\SHCORE.dll
0x00007fffa5260000 - 0x00007fffa5285000 	C:\WINDOWS\SYSTEM32\profapi.dll
0x00007fff85b00000 - 0x00007fff85b1a000 	C:\Program Files\Eclipse Adoptium\jdk-17.0.18.8-hotspot\bin\net.dll
0x00007fffa0cf0000 - 0x00007fffa0e1c000 	C:\WINDOWS\SYSTEM32\WINHTTP.dll
0x00007fffa47a0000 - 0x00007fffa4809000 	C:\WINDOWS\system32\mswsock.dll
0x00007fff84c00000 - 0x00007fff84c16000 	C:\Program Files\Eclipse Adoptium\jdk-17.0.18.8-hotspot\bin\nio.dll
0x00007fff7b400000 - 0x00007fff7b418000 	C:\Program Files\Eclipse Adoptium\jdk-17.0.18.8-hotspot\bin\zip.dll
0x00007fff87200000 - 0x00007fff87210000 	C:\Program Files\Eclipse Adoptium\jdk-17.0.18.8-hotspot\bin\verify.dll
0x00007fff67420000 - 0x00007fff67447000 	C:\Users\Administrator\.gradle\native\e1d6ef7f7dcc3fd88c89a11ec53ec762bb8ba0a96d01ffa2cd45eb1d1d8dd5c5\windows-amd64\native-platform.dll
0x00007fff3f9f0000 - 0x00007fff3fb34000 	C:\Users\Administrator\.gradle\native\0d407fdbe67a94daf76414ababcb853783967236a71b16ec16e742cd7a986fd3\windows-amd64\native-platform-file-events.dll
0x00007fff7a570000 - 0x00007fff7a57a000 	C:\Program Files\Eclipse Adoptium\jdk-17.0.18.8-hotspot\bin\management.dll
0x00007fff7a560000 - 0x00007fff7a56c000 	C:\Program Files\Eclipse Adoptium\jdk-17.0.18.8-hotspot\bin\management_ext.dll
0x00007fffa7390000 - 0x00007fffa7398000 	C:\WINDOWS\System32\PSAPI.DLL
0x00007fffa4b20000 - 0x00007fffa4b3b000 	C:\WINDOWS\SYSTEM32\CRYPTSP.dll
0x00007fffa41d0000 - 0x00007fffa4207000 	C:\WINDOWS\system32\rsaenh.dll
0x00007fffa4850000 - 0x00007fffa4878000 	C:\WINDOWS\SYSTEM32\USERENV.dll
0x00007fffa4b00000 - 0x00007fffa4b0c000 	C:\WINDOWS\SYSTEM32\CRYPTBASE.dll
0x00007fffa4dc0000 - 0x00007fffa4ded000 	C:\WINDOWS\SYSTEM32\IPHLPAPI.DLL
0x00007fffa8160000 - 0x00007fffa8169000 	C:\WINDOWS\System32\NSI.dll
0x00007fff9dfc0000 - 0x00007fff9dfd9000 	C:\WINDOWS\SYSTEM32\dhcpcsvc6.DLL
0x00007fff9df80000 - 0x00007fff9df9f000 	C:\WINDOWS\SYSTEM32\dhcpcsvc.DLL
0x00007fffa3d70000 - 0x00007fffa3e68000 	C:\WINDOWS\SYSTEM32\DNSAPI.dll
0x00007fff6a7d0000 - 0x00007fff6a7d9000 	C:\Program Files\Eclipse Adoptium\jdk-17.0.18.8-hotspot\bin\extnet.dll
0x00007fff6a780000 - 0x00007fff6a78e000 	C:\Program Files\Eclipse Adoptium\jdk-17.0.18.8-hotspot\bin\sunmscapi.dll
0x00007fffa55a0000 - 0x00007fffa5708000 	C:\WINDOWS\System32\CRYPT32.dll
0x00007fffa4c40000 - 0x00007fffa4c6e000 	C:\WINDOWS\SYSTEM32\ncrypt.dll
0x00007fffa4c00000 - 0x00007fffa4c37000 	C:\WINDOWS\SYSTEM32\NTASN1.dll
0x00007fff6b830000 - 0x00007fff6b838000 	C:\WINDOWS\system32\wshunix.dll

dbghelp: loaded successfully - version: 4.0.5 - missing functions: none
symbol engine: initialized successfully - sym options: 0x614 - pdb path: .;C:\Program Files\Eclipse Adoptium\jdk-17.0.18.8-hotspot\bin;C:\WINDOWS\SYSTEM32;C:\WINDOWS\WinSxS\amd64_microsoft.windows.common-controls_6595b64144ccf1df_6.0.22621.6060_none_2712eda17382d24b;C:\Program Files (x86)\360\360safe\safemon;C:\Program Files\Eclipse Adoptium\jdk-17.0.18.8-hotspot\bin\server;C:\Users\Administrator\.gradle\native\e1d6ef7f7dcc3fd88c89a11ec53ec762bb8ba0a96d01ffa2cd45eb1d1d8dd5c5\windows-amd64;C:\Users\Administrator\.gradle\native\0d407fdbe67a94daf76414ababcb853783967236a71b16ec16e742cd7a986fd3\windows-amd64

VM Arguments:
jvm_args: --add-opens=java.base/java.util=ALL-UNNAMED --add-opens=java.base/java.lang=ALL-UNNAMED --add-opens=java.base/java.lang.invoke=ALL-UNNAMED --add-opens=java.base/java.util=ALL-UNNAMED --add-opens=java.prefs/java.util.prefs=ALL-UNNAMED --add-opens=java.prefs/java.util.prefs=ALL-UNNAMED --add-opens=java.base/java.nio.charset=ALL-UNNAMED --add-opens=java.base/java.net=ALL-UNNAMED --add-opens=java.base/java.util.concurrent.atomic=ALL-UNNAMED -XX:MaxMetaspaceSize=256m -XX:+HeapDumpOnOutOfMemoryError -Xms256m -Xmx512m -Dfile.encoding=GBK -Duser.country=CN -Duser.language=zh -Duser.variant 
java_command: org.gradle.launcher.daemon.bootstrap.GradleDaemon 7.5.1
java_class_path (initial): C:\Users\Administrator\.gradle\wrapper\dists\gradle-7.5.1-bin\b2lodpvcmw7kap22lofrq74wg\gradle-7.5.1\lib\gradle-launcher-7.5.1.jar
Launcher Type: SUN_STANDARD

[Global flags]
     intx CICompilerCount                          = 4                                         {product} {ergonomic}
   size_t CompressedClassSpaceSize                 = 218103808                                 {product} {ergonomic}
     uint ConcGCThreads                            = 2                                         {product} {ergonomic}
     uint G1ConcRefinementThreads                  = 8                                         {product} {ergonomic}
   size_t G1HeapRegionSize                         = 1048576                                   {product} {ergonomic}
    uintx GCDrainStackTargetSize                   = 64                                        {product} {ergonomic}
     bool HeapDumpOnOutOfMemoryError               = true                                   {manageable} {command line}
   size_t InitialHeapSize                          = 268435456                                 {product} {command line}
   size_t MarkStackSize                            = 4194304                                   {product} {ergonomic}
   size_t MaxHeapSize                              = 536870912                                 {product} {command line}
   size_t MaxMetaspaceSize                         = 268435456                                 {product} {command line}
   size_t MaxNewSize                               = 321912832                                 {product} {ergonomic}
   size_t MinHeapDeltaBytes                        = 1048576                                   {product} {ergonomic}
   size_t MinHeapSize                              = 268435456                                 {product} {command line}
    uintx NonNMethodCodeHeapSize                   = 5839372                                {pd product} {ergonomic}
    uintx NonProfiledCodeHeapSize                  = 122909434                              {pd product} {ergonomic}
    uintx ProfiledCodeHeapSize                     = 122909434                              {pd product} {ergonomic}
    uintx ReservedCodeCacheSize                    = 251658240                              {pd product} {ergonomic}
     bool SegmentedCodeCache                       = true                                      {product} {ergonomic}
   size_t SoftMaxHeapSize                          = 536870912                              {manageable} {ergonomic}
     bool UseCompressedClassPointers               = true                           {product lp64_product} {ergonomic}
     bool UseCompressedOops                        = true                           {product lp64_product} {ergonomic}
     bool UseG1GC                                  = true                                      {product} {ergonomic}
     bool UseLargePagesIndividualAllocation        = false                                  {pd product} {ergonomic}

Logging:
Log output configuration:
 #0: stdout all=warning uptime,level,tags
 #1: stderr all=off uptime,level,tags

Environment Variables:
JAVA_HOME=C:\Program Files\Eclipse Adoptium\jdk-17.0.18.8-hotspot\
CLASSPATH=E:\毕业设计\code\tacomall\server\\gradle\wrapper\gradle-wrapper.jar
PATH=C:\Program Files\Eclipse Adoptium\jdk-17.0.18.8-hotspot\bin;C:\Python312\Scripts\;C:\Python312\;C:\Program Files (x86)\Common Files\Intel\Shared Libraries\redist\intel64\compiler;C:\Users\Public\Downloads\jdk-19\bin;C:\WINDOWS\system32;C:\WINDOWS;C:\WINDOWS\System32\Wbem;C:\WINDOWS\System32\WindowsPowerShell\v1.0\;C:\WINDOWS\System32\OpenSSH\;Git\cmd;C:\ProgramData\chocolatey\bin;C:\Program Files\MySQL\MySQL Server 8.0\bin;C:\Program Files (x86)\Microsoft SQL Server\160\Tools\Binn\;C:\Program Files\Microsoft SQL Server\160\Tools\Binn\;C:\Program Files\Microsoft SQL Server\Client SDK\ODBC\170\Tools\Binn\;C:\Program Files\Microsoft SQL Server\160\DTS\Binn\;C:\Program Files (x86)\Microsoft SQL Server\160\DTS\Binn\;微信小程序开发\微信web开发者工具\dll;C:\Users\Administrator\AppData\Roaming\nvm;%N;M_SYMLINK%;C:\Users\Administrator\AppData\Roaming\nvm\node_global;D:\Git\cmd;C:\Program Files\Docker\Docker\resources\bin;C:\Users\Administrator\AppData\Local\Microsoft\WindowsApps;D:\intelliJIDEA\IntelliJ IDEA Community Edition 2022.2.2\bin;;Microsoft VS Code\bin;D:\Microsoft VS Code\bin;C:\Users\Administrator\AppData\Roaming\nvm;D:\nodejs;C:\Users\Administrator\AppData\Roaming\nvm\node_global;
USERNAME=Administrator
OS=Windows_NT
PROCESSOR_IDENTIFIER=Intel64 Family 6 Model 140 Stepping 1, GenuineIntel
TMP=C:\Users\ADMINI~1\AppData\Local\Temp
TEMP=C:\Users\ADMINI~1\AppData\Local\Temp



Periodic native trim disabled


---------------  S Y S T E M  ---------------

OS:
 Windows 11 , 64 bit Build 22621 (10.0.22621.5415)
OS uptime: 2 days 10:38 hours
Hyper-V role detected

CPU: total 8 (initial active 8) (4 cores per cpu, 2 threads per core) family 6 model 140 stepping 1 microcode 0x8a, cx8, cmov, fxsr, ht, mmx, 3dnowpref, sse, sse2, sse3, ssse3, sse4.1, sse4.2, popcnt, lzcnt, tsc, tscinvbit, avx, avx2, aes, erms, clmul, bmi1, bmi2, adx, avx512f, avx512dq, avx512cd, avx512bw, avx512vl, sha, fma, vzeroupper, avx512_vpopcntdq, avx512_vpclmulqdq, avx512_vaes, avx512_vnni, clflush, clflushopt, clwb, avx512_vbmi2, avx512_vbmi, hv
Processor Information for all 8 processors :
  Max Mhz: 3111, Current Mhz: 3111, Mhz Limit: 3111

Memory: 4k page, system-wide physical 16167M (465M free)
TotalPageFile size 31395M (AvailPageFile size 0M)
current process WorkingSet (physical memory assigned to process): 281M, peak: 283M
current process commit charge ("private bytes"): 452M, peak: 458M

vm_info: OpenJDK 64-Bit Server VM (17.0.18+8) for windows-amd64 JRE (17.0.18+8), built on Jan 20 2026 22:28:22 by "admin" with MS VC++ 17.12 (VS2022)

END.
