[2026-04-22 14:28:48.879] ERROR 8476 [           main]o.s.b.diagnostics.LoggingFailureAnalysisReporter.reportúĘúę@40 : 

***************************
APPLICATION FAILED TO START
***************************

Description:

Web server failed to start. Port 4002 was already in use.

Action:

Identify and stop the process that's listening on port 4002 or configure this application to listen on another port.

[2026-04-22 14:30:00.356] ERROR 23328 [           main]o.s.b.diagnostics.LoggingFailureAnalysisReporter.reportúĘúę@40 : 

***************************
APPLICATION FAILED TO START
***************************

Description:

Web server failed to start. Port 4002 was already in use.

Action:

Identify and stop the process that's listening on port 4002 or configure this application to listen on another port.

[2026-04-22 14:40:09.941] ERROR 25548 [           main]o.s.b.diagnostics.LoggingFailureAnalysisReporter.reportúĘúę@40 : 

***************************
APPLICATION FAILED TO START
***************************

Description:

Web server failed to start. Port 4002 was already in use.

Action:

Identify and stop the process that's listening on port 4002 or configure this application to listen on another port.

[2026-04-22 14:44:40.426] ERROR 28464 [           main]o.s.b.diagnostics.LoggingFailureAnalysisReporter.reportúĘúę@40 : 

***************************
APPLICATION FAILED TO START
***************************

Description:

Web server failed to start. Port 4002 was already in use.

Action:

Identify and stop the process that's listening on port 4002 or configure this application to listen on another port.

